<?xml version="1.0" encoding="UTF-8"?>
<testsuite xmlns:xsi="http://www.w3.org/2001/XMLSchema-instance" xsi:noNamespaceSchemaLocation="https://maven.apache.org/surefire/maven-surefire-plugin/xsd/surefire-test-report-3.0.xsd" version="3.0" name="fitnessAcceptanceTest.AcceptanceTest" time="4.221" tests="79" errors="77" skipped="0" failures="0">
  <properties>
    <property name="java.specification.version" value="21"/>
    <property name="sun.cpu.isalist" value="amd64"/>
    <property name="sun.jnu.encoding" value="Cp1256"/>
    <property name="java.class.path" value="C:\Users\Hp Zbook\git\Fitnes\Fitness\target\test-classes;C:\Users\Hp Zbook\git\Fitnes\Fitness\target\classes;C:\Users\Hp Zbook\.m2\repository\io\cucumber\cucumber-picocontainer\7.15.0\cucumber-picocontainer-7.15.0.jar;C:\Users\Hp Zbook\.m2\repository\org\apiguardian\apiguardian-api\1.1.2\apiguardian-api-1.1.2.jar;C:\Users\Hp Zbook\.m2\repository\org\picocontainer\picocontainer\2.15\picocontainer-2.15.jar;C:\Users\Hp Zbook\.m2\repository\io\cucumber\cucumber-core\7.15.0\cucumber-core-7.15.0.jar;C:\Users\Hp Zbook\.m2\repository\io\cucumber\cucumber-gherkin\7.15.0\cucumber-gherkin-7.15.0.jar;C:\Users\Hp Zbook\.m2\repository\io\cucumber\cucumber-gherkin-messages\7.15.0\cucumber-gherkin-messages-7.15.0.jar;C:\Users\Hp Zbook\.m2\repository\io\cucumber\gherkin\26.2.0\gherkin-26.2.0.jar;C:\Users\Hp Zbook\.m2\repository\io\cucumber\messages\22.0.0\messages-22.0.0.jar;C:\Users\Hp Zbook\.m2\repository\io\cucumber\tag-expressions\6.0.0\tag-expressions-6.0.0.jar;C:\Users\Hp Zbook\.m2\repository\io\cucumber\cucumber-expressions\17.0.1\cucumber-expressions-17.0.1.jar;C:\Users\Hp Zbook\.m2\repository\io\cucumber\datatable\7.15.0\datatable-7.15.0.jar;C:\Users\Hp Zbook\.m2\repository\io\cucumber\cucumber-plugin\7.15.0\cucumber-plugin-7.15.0.jar;C:\Users\Hp Zbook\.m2\repository\io\cucumber\docstring\7.15.0\docstring-7.15.0.jar;C:\Users\Hp Zbook\.m2\repository\io\cucumber\html-formatter\20.4.0\html-formatter-20.4.0.jar;C:\Users\Hp Zbook\.m2\repository\io\cucumber\junit-xml-formatter\0.2.0\junit-xml-formatter-0.2.0.jar;C:\Users\Hp Zbook\.m2\repository\io\cucumber\ci-environment\10.0.0\ci-environment-10.0.0.jar;C:\Users\Hp Zbook\.m2\repository\io\cucumber\cucumber-java\7.15.0\cucumber-java-7.15.0.jar;C:\Users\Hp Zbook\.m2\repository\io\cucumber\cucumber-junit\7.15.0\cucumber-junit-7.15.0.jar;C:\Users\Hp Zbook\.m2\repository\junit\junit\4.13.2\junit-4.13.2.jar;C:\Users\Hp Zbook\.m2\repository\org\hamcrest\hamcrest-core\1.3\hamcrest-core-1.3.jar;C:\Users\Hp Zbook\.m2\repository\com\sun\mail\javax.mail\1.6.2\javax.mail-1.6.2.jar;C:\Users\Hp Zbook\.m2\repository\javax\activation\activation\1.1\activation-1.1.jar;"/>
    <property name="java.vm.vendor" value="Oracle Corporation"/>
    <property name="sun.arch.data.model" value="64"/>
    <property name="user.variant" value=""/>
    <property name="java.vendor.url" value="https://java.oracle.com/"/>
    <property name="user.timezone" value="Asia/Hebron"/>
    <property name="os.name" value="Windows 11"/>
    <property name="java.vm.specification.version" value="21"/>
    <property name="sun.java.launcher" value="SUN_STANDARD"/>
    <property name="user.country" value="US"/>
    <property name="sun.boot.library.path" value="C:\Program Files\Java\jdk-21\bin"/>
    <property name="sun.java.command" value="C:\Users\Hp Zbook\AppData\Local\Temp\surefire17413190718009578822\surefirebooter13250604086262387164.jar C:\Users\Hp Zbook\AppData\Local\Temp\surefire17413190718009578822 2024-12-05T18-46-30_846-jvmRun1 surefire5558683541657205661tmp surefire_05574746961188905145tmp"/>
    <property name="jdk.debug" value="release"/>
    <property name="surefire.test.class.path" value="C:\Users\Hp Zbook\git\Fitnes\Fitness\target\test-classes;C:\Users\Hp Zbook\git\Fitnes\Fitness\target\classes;C:\Users\Hp Zbook\.m2\repository\io\cucumber\cucumber-picocontainer\7.15.0\cucumber-picocontainer-7.15.0.jar;C:\Users\Hp Zbook\.m2\repository\org\apiguardian\apiguardian-api\1.1.2\apiguardian-api-1.1.2.jar;C:\Users\Hp Zbook\.m2\repository\org\picocontainer\picocontainer\2.15\picocontainer-2.15.jar;C:\Users\Hp Zbook\.m2\repository\io\cucumber\cucumber-core\7.15.0\cucumber-core-7.15.0.jar;C:\Users\Hp Zbook\.m2\repository\io\cucumber\cucumber-gherkin\7.15.0\cucumber-gherkin-7.15.0.jar;C:\Users\Hp Zbook\.m2\repository\io\cucumber\cucumber-gherkin-messages\7.15.0\cucumber-gherkin-messages-7.15.0.jar;C:\Users\Hp Zbook\.m2\repository\io\cucumber\gherkin\26.2.0\gherkin-26.2.0.jar;C:\Users\Hp Zbook\.m2\repository\io\cucumber\messages\22.0.0\messages-22.0.0.jar;C:\Users\Hp Zbook\.m2\repository\io\cucumber\tag-expressions\6.0.0\tag-expressions-6.0.0.jar;C:\Users\Hp Zbook\.m2\repository\io\cucumber\cucumber-expressions\17.0.1\cucumber-expressions-17.0.1.jar;C:\Users\Hp Zbook\.m2\repository\io\cucumber\datatable\7.15.0\datatable-7.15.0.jar;C:\Users\Hp Zbook\.m2\repository\io\cucumber\cucumber-plugin\7.15.0\cucumber-plugin-7.15.0.jar;C:\Users\Hp Zbook\.m2\repository\io\cucumber\docstring\7.15.0\docstring-7.15.0.jar;C:\Users\Hp Zbook\.m2\repository\io\cucumber\html-formatter\20.4.0\html-formatter-20.4.0.jar;C:\Users\Hp Zbook\.m2\repository\io\cucumber\junit-xml-formatter\0.2.0\junit-xml-formatter-0.2.0.jar;C:\Users\Hp Zbook\.m2\repository\io\cucumber\ci-environment\10.0.0\ci-environment-10.0.0.jar;C:\Users\Hp Zbook\.m2\repository\io\cucumber\cucumber-java\7.15.0\cucumber-java-7.15.0.jar;C:\Users\Hp Zbook\.m2\repository\io\cucumber\cucumber-junit\7.15.0\cucumber-junit-7.15.0.jar;C:\Users\Hp Zbook\.m2\repository\junit\junit\4.13.2\junit-4.13.2.jar;C:\Users\Hp Zbook\.m2\repository\org\hamcrest\hamcrest-core\1.3\hamcrest-core-1.3.jar;C:\Users\Hp Zbook\.m2\repository\com\sun\mail\javax.mail\1.6.2\javax.mail-1.6.2.jar;C:\Users\Hp Zbook\.m2\repository\javax\activation\activation\1.1\activation-1.1.jar;"/>
    <property name="sun.cpu.endian" value="little"/>
    <property name="user.home" value="C:\Users\Hp Zbook"/>
    <property name="user.language" value="en"/>
    <property name="java.specification.vendor" value="Oracle Corporation"/>
    <property name="java.version.date" value="2024-01-16"/>
    <property name="java.home" value="C:\Program Files\Java\jdk-21"/>
    <property name="file.separator" value="\"/>
    <property name="basedir" value="C:\Users\Hp Zbook\git\Fitnes\Fitness"/>
    <property name="style.color" value="always"/>
    <property name="java.vm.compressedOopsMode" value="Zero based"/>
    <property name="line.separator" value="&#10;"/>
    <property name="java.vm.specification.vendor" value="Oracle Corporation"/>
    <property name="java.specification.name" value="Java Platform API Specification"/>
    <property name="surefire.real.class.path" value="C:\Users\Hp Zbook\AppData\Local\Temp\surefire17413190718009578822\surefirebooter13250604086262387164.jar"/>
    <property name="user.script" value=""/>
    <property name="sun.management.compiler" value="HotSpot 64-Bit Tiered Compilers"/>
    <property name="java.runtime.version" value="21.0.2+13-LTS-58"/>
    <property name="user.name" value="Hp Zbook"/>
    <property name="stdout.encoding" value="Cp1256"/>
    <property name="path.separator" value=";"/>
    <property name="os.version" value="10.0"/>
    <property name="java.runtime.name" value="Java(TM) SE Runtime Environment"/>
    <property name="file.encoding" value="UTF-8"/>
    <property name="java.vm.name" value="Java HotSpot(TM) 64-Bit Server VM"/>
    <property name="localRepository" value="C:\Users\Hp Zbook\.m2\repository"/>
    <property name="java.vendor.url.bug" value="https://bugreport.java.com/bugreport/"/>
    <property name="java.io.tmpdir" value="C:\Users\HPZBOO~1\AppData\Local\Temp\"/>
    <property name="java.version" value="21.0.2"/>
    <property name="user.dir" value="C:\Users\Hp Zbook\git\Fitnes\Fitness"/>
    <property name="os.arch" value="amd64"/>
    <property name="java.vm.specification.name" value="Java Virtual Machine Specification"/>
    <property name="sun.os.patch.level" value=""/>
    <property name="native.encoding" value="Cp1256"/>
    <property name="java.library.path" value="C:\Program Files\Java\jdk-21\bin;C:\WINDOWS\Sun\Java\bin;C:\WINDOWS\system32;C:\WINDOWS;C:\Program Files\Common Files\Oracle\Java\javapath;C:\Program Files\National Instruments\Shared\OpenVINO\;C:\WINDOWS\system32;C:\WINDOWS;C:\WINDOWS\System32\Wbem;C:\WINDOWS\System32\WindowsPowerShell\v1.0\;C:\WINDOWS\System32\OpenSSH\;C:\Program Files\Microsoft SQL Server\110\Tools\Binn\;C:\Program Files\Java\jdk-19\bin;C:\Program Files\dotnet\;C:\Program Files (x86)\IVI Foundation\VISA\WinNT\Bin\;C:\Program Files\IVI Foundation\VISA\Win64\Bin\;C:\Program Files (x86)\National Instruments\Shared\LabVIEW CLI;C:\Program Files (x86)\IVI Foundation\IVI\Bin\;C:\Program Files\IVI Foundation\IVI\Bin\;C:\Program Files (x86)\IVI Foundation\VISA\WinNT\Bin;D:\opencv\build\x64\vc16\bin;D:\bin;C:\Program Files (x86)\Microchip\xc8\v1.45\bin;C:\Program Files (x86)\Microchip\xc8\v1.45\bin\xc8.exe;C:\Users\Hp Zbook\AppData\Local\Programs\Python\Python312\Scripts\;C:\Users\Hp Zbook\AppData\Local\Programs\Python\Python312\;C:\Users\Hp Zbook\AppData\Local\Microsoft\WindowsApps;;C:\Program Files\JetBrains\IntelliJ IDEA 2024.2.3\bin;;D:\Microsoft VS Code\bin;D:\PyCharm Community Edition 2023.3.4\bin;;."/>
    <property name="java.vm.info" value="mixed mode, sharing"/>
    <property name="stderr.encoding" value="Cp1256"/>
    <property name="java.vendor" value="Oracle Corporation"/>
    <property name="java.vm.version" value="21.0.2+13-LTS-58"/>
    <property name="sun.io.unicode.encoding" value="UnicodeLittle"/>
    <property name="java.class.version" value="65.0"/>
  </properties>
  <testcase name="Create a new client profile with personal details" classname="Account Management" time="0.453">
    <error message="The step &apos;I am logged in as a Client&apos; and 2 other step(s) are undefined.&#10;You can implement these steps using the snippet(s) below:&#10;&#10;@Given(&quot;I am logged in as a Client&quot;)&#10;public void iAmLoggedInAsAClient() {&#10;    // Write code here that turns the phrase above into concrete actions&#10;    throw new io.cucumber.java.PendingException();&#10;}&#10;@When(&quot;I create a profile with my personal details including age and fitness goals&quot;)&#10;public void iCreateAProfileWithMyPersonalDetailsIncludingAgeAndFitnessGoals() {&#10;    // Write code here that turns the phrase above into concrete actions&#10;    throw new io.cucumber.java.PendingException();&#10;}&#10;@Then(&quot;my personal details should be saved successfully in my profile&quot;)&#10;public void myPersonalDetailsShouldBeSavedSuccessfullyInMyProfile() {&#10;    // Write code here that turns the phrase above into concrete actions&#10;    throw new io.cucumber.java.PendingException();&#10;}&#10;" type="io.cucumber.junit.UndefinedStepException"><![CDATA[io.cucumber.junit.UndefinedStepException: 
The step 'I am logged in as a Client' and 2 other step(s) are undefined.
You can implement these steps using the snippet(s) below:

@Given("I am logged in as a Client")
public void iAmLoggedInAsAClient() {
    // Write code here that turns the phrase above into concrete actions
    throw new io.cucumber.java.PendingException();
}
@When("I create a profile with my personal details including age and fitness goals")
public void iCreateAProfileWithMyPersonalDetailsIncludingAgeAndFitnessGoals() {
    // Write code here that turns the phrase above into concrete actions
    throw new io.cucumber.java.PendingException();
}
@Then("my personal details should be saved successfully in my profile")
public void myPersonalDetailsShouldBeSavedSuccessfullyInMyProfile() {
    // Write code here that turns the phrase above into concrete actions
    throw new io.cucumber.java.PendingException();
}

]]></error>
    <system-out><![CDATA[
@tag @tag1
Scenario: Create a new client profile with personal details                        # Features/Account Management (client).feature:7
  Given I am logged in as a Client
  When I create a profile with my personal details including age and fitness goals
  Then my personal details should be saved successfully in my profile
]]></system-out>
    <system-err><![CDATA[java.lang.instrument.IllegalClassFormatException: Error while instrumenting javax/lang/model/SourceVersion.
	at org.jacoco.agent.rt.internal_3570298.CoverageTransformer.transform(CoverageTransformer.java:94)
	at java.instrument/java.lang.instrument.ClassFileTransformer.transform(ClassFileTransformer.java:244)
	at java.instrument/sun.instrument.TransformerManager.transform(TransformerManager.java:188)
	at java.instrument/sun.instrument.InstrumentationImpl.transform(InstrumentationImpl.java:610)
	at java.base/java.lang.ClassLoader.defineClass2(Native Method)
	at java.base/java.lang.ClassLoader.defineClass(ClassLoader.java:1118)
	at java.base/java.security.SecureClassLoader.defineClass(SecureClassLoader.java:182)
	at java.base/jdk.internal.loader.BuiltinClassLoader.defineClass(BuiltinClassLoader.java:821)
	at java.base/jdk.internal.loader.BuiltinClassLoader.findClassInModuleOrNull(BuiltinClassLoader.java:741)
	at java.base/jdk.internal.loader.BuiltinClassLoader.loadClassOrNull(BuiltinClassLoader.java:665)
	at java.base/jdk.internal.loader.BuiltinClassLoader.loadClassOrNull(BuiltinClassLoader.java:700)
	at java.base/jdk.internal.loader.BuiltinClassLoader.loadClassOrNull(BuiltinClassLoader.java:669)
	at java.base/jdk.internal.loader.BuiltinClassLoader.loadClass(BuiltinClassLoader.java:639)
	at java.base/jdk.internal.loader.ClassLoaders$AppClassLoader.loadClass(ClassLoaders.java:188)
	at java.base/java.lang.ClassLoader.loadClass(ClassLoader.java:526)
	at io.cucumber.core.resource.ClasspathSupport.requireValidPackageName(ClasspathSupport.java:41)
	at io.cucumber.core.resource.ClasspathScanner.scanForClassesInPackage(ClasspathScanner.java:49)
	at io.cucumber.core.resource.ClasspathScanner.scanForClassesInPackage(ClasspathScanner.java:115)
	at java.base/java.util.stream.ReferencePipeline$3$1.accept(ReferencePipeline.java:197)
	at java.base/java.util.stream.ReferencePipeline$3$1.accept(ReferencePipeline.java:197)
	at java.base/java.util.stream.ReferencePipeline$2$1.accept(ReferencePipeline.java:179)
	at java.base/java.util.ArrayList$ArrayListSpliterator.forEachRemaining(ArrayList.java:1708)
	at java.base/java.util.stream.AbstractPipeline.copyInto(AbstractPipeline.java:509)
	at java.base/java.util.stream.AbstractPipeline.wrapAndCopyInto(AbstractPipeline.java:499)
	at java.base/java.util.stream.ForEachOps$ForEachOp.evaluateSequential(ForEachOps.java:151)
	at java.base/java.util.stream.ForEachOps$ForEachOp$OfRef.evaluateSequential(ForEachOps.java:174)
	at java.base/java.util.stream.AbstractPipeline.evaluate(AbstractPipeline.java:234)
	at java.base/java.util.stream.ReferencePipeline.forEach(ReferencePipeline.java:596)
	at io.cucumber.java.JavaBackend.loadGlue(JavaBackend.java:41)
	at io.cucumber.core.runner.Runner.<init>(Runner.java:56)
	at io.cucumber.core.runtime.ThreadLocalRunnerSupplier.createRunner(ThreadLocalRunnerSupplier.java:47)
	at java.base/java.lang.ThreadLocal$SuppliedThreadLocal.initialValue(ThreadLocal.java:357)
	at java.base/java.lang.ThreadLocal.setInitialValue(ThreadLocal.java:225)
	at java.base/java.lang.ThreadLocal.get(ThreadLocal.java:194)
	at java.base/java.lang.ThreadLocal.get(ThreadLocal.java:172)
	at io.cucumber.core.runtime.ThreadLocalRunnerSupplier.get(ThreadLocalRunnerSupplier.java:40)
	at io.cucumber.core.runtime.RethrowingThrowableCollector.executeAndThrow(RethrowingThrowableCollector.java:35)
	at io.cucumber.core.runtime.CucumberExecutionContext.getRunner(CucumberExecutionContext.java:141)
	at io.cucumber.core.runtime.CucumberExecutionContext.runBeforeAllHooks(CucumberExecutionContext.java:93)
	at io.cucumber.core.runtime.CucumberExecutionContext.lambda$runFeatures$6(CucumberExecutionContext.java:147)
	at io.cucumber.core.runtime.CucumberExecutionContext.execute(CucumberExecutionContext.java:163)
	at io.cucumber.core.runtime.CucumberExecutionContext.runFeatures(CucumberExecutionContext.java:146)
	at io.cucumber.junit.Cucumber$StartAndFinishTestRun.evaluate(Cucumber.java:226)
	at org.junit.runners.ParentRunner$3.evaluate(ParentRunner.java:306)
	at org.junit.runners.ParentRunner.run(ParentRunner.java:413)
	at org.apache.maven.surefire.junit4.JUnit4Provider.execute(JUnit4Provider.java:364)
	at org.apache.maven.surefire.junit4.JUnit4Provider.executeWithRerun(JUnit4Provider.java:272)
	at org.apache.maven.surefire.junit4.JUnit4Provider.executeTestSet(JUnit4Provider.java:237)
	at org.apache.maven.surefire.junit4.JUnit4Provider.invoke(JUnit4Provider.java:158)
	at org.apache.maven.surefire.booter.ForkedBooter.runSuitesInProcess(ForkedBooter.java:428)
	at org.apache.maven.surefire.booter.ForkedBooter.execute(ForkedBooter.java:162)
	at org.apache.maven.surefire.booter.ForkedBooter.run(ForkedBooter.java:562)
	at org.apache.maven.surefire.booter.ForkedBooter.main(ForkedBooter.java:548)
Caused by: java.io.IOException: Error while instrumenting javax/lang/model/SourceVersion.
	at org.jacoco.agent.rt.internal_3570298.core.instr.Instrumenter.instrumentError(Instrumenter.java:160)
	at org.jacoco.agent.rt.internal_3570298.core.instr.Instrumenter.instrument(Instrumenter.java:110)
	at org.jacoco.agent.rt.internal_3570298.CoverageTransformer.transform(CoverageTransformer.java:92)
	... 52 more
Caused by: java.lang.IllegalArgumentException: Unsupported class file major version 65
	at org.jacoco.agent.rt.internal_3570298.asm.ClassReader.<init>(ClassReader.java:196)
	at org.jacoco.agent.rt.internal_3570298.asm.ClassReader.<init>(ClassReader.java:177)
	at org.jacoco.agent.rt.internal_3570298.asm.ClassReader.<init>(ClassReader.java:163)
	at org.jacoco.agent.rt.internal_3570298.core.internal.instr.InstrSupport.classReaderFor(InstrSupport.java:280)
	at org.jacoco.agent.rt.internal_3570298.core.instr.Instrumenter.instrument(Instrumenter.java:76)
	at org.jacoco.agent.rt.internal_3570298.core.instr.Instrumenter.instrument(Instrumenter.java:108)
	... 53 more
java.lang.instrument.IllegalClassFormatException: Error while instrumenting sun/util/resources/provider/NonBaseLocaleDataMetaInfo.
	at org.jacoco.agent.rt.internal_3570298.CoverageTransformer.transform(CoverageTransformer.java:94)
	at java.instrument/java.lang.instrument.ClassFileTransformer.transform(ClassFileTransformer.java:244)
	at java.instrument/sun.instrument.TransformerManager.transform(TransformerManager.java:188)
	at java.instrument/sun.instrument.InstrumentationImpl.transform(InstrumentationImpl.java:610)
	at java.base/java.lang.ClassLoader.defineClass2(Native Method)
	at java.base/java.lang.ClassLoader.defineClass(ClassLoader.java:1118)
	at java.base/java.security.SecureClassLoader.defineClass(SecureClassLoader.java:182)
	at java.base/jdk.internal.loader.BuiltinClassLoader.defineClass(BuiltinClassLoader.java:821)
	at java.base/jdk.internal.loader.BuiltinClassLoader.findClassInModuleOrNull(BuiltinClassLoader.java:741)
	at java.base/jdk.internal.loader.BuiltinClassLoader.findClass(BuiltinClassLoader.java:621)
	at java.base/java.lang.ClassLoader.loadClass(ClassLoader.java:638)
	at java.base/java.lang.Class.forName(Class.java:625)
	at java.base/java.lang.Class.forName(Class.java:600)
	at java.base/java.util.ServiceLoader.loadProvider(ServiceLoader.java:859)
	at java.base/java.util.ServiceLoader$ModuleServicesLookupIterator.hasNext(ServiceLoader.java:1084)
	at java.base/java.util.ServiceLoader$2.hasNext(ServiceLoader.java:1309)
	at java.base/java.util.ServiceLoader$3.hasNext(ServiceLoader.java:1393)
	at java.base/sun.util.locale.provider.JRELocaleProviderAdapter.lambda$createSupportedLocaleString$13(JRELocaleProviderAdapter.java:469)
	at java.base/java.security.AccessController.doPrivileged(AccessController.java:571)
	at java.base/sun.util.locale.provider.JRELocaleProviderAdapter.createSupportedLocaleString(JRELocaleProviderAdapter.java:466)
	at java.base/sun.util.locale.provider.JRELocaleProviderAdapter.createLanguageTagSet(JRELocaleProviderAdapter.java:453)
	at java.base/sun.util.locale.provider.JRELocaleProviderAdapter.getLanguageTagSet(JRELocaleProviderAdapter.java:443)
	at java.base/sun.util.locale.provider.JRELocaleProviderAdapter.lambda$getCollatorProvider$1(JRELocaleProviderAdapter.java:166)
	at java.base/java.security.AccessController.doPrivileged(AccessController.java:319)
	at java.base/sun.util.locale.provider.JRELocaleProviderAdapter.getCollatorProvider(JRELocaleProviderAdapter.java:162)
	at java.base/sun.util.locale.provider.JRELocaleProviderAdapter.getLocaleServiceProvider(JRELocaleProviderAdapter.java:92)
	at java.base/sun.util.locale.provider.LocaleProviderAdapter.findAdapter(LocaleProviderAdapter.java:295)
	at java.base/sun.util.locale.provider.LocaleProviderAdapter.getAdapter(LocaleProviderAdapter.java:264)
	at java.base/java.text.Collator.getInstance(Collator.java:290)
	at io.cucumber.cucumberexpressions.GeneratedExpression.<clinit>(GeneratedExpression.java:15)
	at io.cucumber.cucumberexpressions.CombinatorialGeneratedExpressionFactory.generatePermutations(CombinatorialGeneratedExpressionFactory.java:39)
	at io.cucumber.cucumberexpressions.CombinatorialGeneratedExpressionFactory.generateExpressions(CombinatorialGeneratedExpressionFactory.java:25)
	at io.cucumber.cucumberexpressions.CucumberExpressionGenerator.generateExpressions(CucumberExpressionGenerator.java:78)
	at io.cucumber.core.snippets.SnippetGenerator.getSnippet(SnippetGenerator.java:41)
	at io.cucumber.core.runner.Runner.generateSnippetsForStep(Runner.java:227)
	at io.cucumber.core.runner.Runner.emitSnippetSuggestedEvent(Runner.java:195)
	at io.cucumber.core.runner.Runner.matchStepToStepDefinition(Runner.java:187)
	at io.cucumber.core.runner.Runner.createTestStepsForPickleSteps(Runner.java:163)
	at io.cucumber.core.runner.Runner.createTestCaseForPickle(Runner.java:146)
	at io.cucumber.core.runner.Runner.runPickle(Runner.java:74)
	at io.cucumber.junit.PickleRunners$NoStepDescriptions.lambda$run$0(PickleRunners.java:151)
	at io.cucumber.core.runtime.CucumberExecutionContext.lambda$runTestCase$5(CucumberExecutionContext.java:137)
	at io.cucumber.core.runtime.RethrowingThrowableCollector.executeAndThrow(RethrowingThrowableCollector.java:23)
	at io.cucumber.core.runtime.CucumberExecutionContext.runTestCase(CucumberExecutionContext.java:137)
	at io.cucumber.junit.PickleRunners$NoStepDescriptions.run(PickleRunners.java:148)
	at io.cucumber.junit.FeatureRunner.runChild(FeatureRunner.java:144)
	at io.cucumber.junit.FeatureRunner.runChild(FeatureRunner.java:28)
	at org.junit.runners.ParentRunner$4.run(ParentRunner.java:331)
	at org.junit.runners.ParentRunner$1.schedule(ParentRunner.java:79)
	at org.junit.runners.ParentRunner.runChildren(ParentRunner.java:329)
	at org.junit.runners.ParentRunner.access$100(ParentRunner.java:66)
	at org.junit.runners.ParentRunner$2.evaluate(ParentRunner.java:293)
	at org.junit.runners.ParentRunner$3.evaluate(ParentRunner.java:306)
	at org.junit.runners.ParentRunner.run(ParentRunner.java:413)
	at io.cucumber.junit.FeatureRunner.run(FeatureRunner.java:137)
	at io.cucumber.junit.Cucumber.runChild(Cucumber.java:196)
	at io.cucumber.junit.Cucumber.runChild(Cucumber.java:89)
	at org.junit.runners.ParentRunner$4.run(ParentRunner.java:331)
	at org.junit.runners.ParentRunner$1.schedule(ParentRunner.java:79)
	at org.junit.runners.ParentRunner.runChildren(ParentRunner.java:329)
	at org.junit.runners.ParentRunner.access$100(ParentRunner.java:66)
	at org.junit.runners.ParentRunner$2.evaluate(ParentRunner.java:293)
	at io.cucumber.core.runtime.CucumberExecutionContext.lambda$runFeatures$6(CucumberExecutionContext.java:148)
	at io.cucumber.core.runtime.CucumberExecutionContext.execute(CucumberExecutionContext.java:163)
	at io.cucumber.core.runtime.CucumberExecutionContext.runFeatures(CucumberExecutionContext.java:146)
	at io.cucumber.junit.Cucumber$StartAndFinishTestRun.evaluate(Cucumber.java:226)
	at org.junit.runners.ParentRunner$3.evaluate(ParentRunner.java:306)
	at org.junit.runners.ParentRunner.run(ParentRunner.java:413)
	at org.apache.maven.surefire.junit4.JUnit4Provider.execute(JUnit4Provider.java:364)
	at org.apache.maven.surefire.junit4.JUnit4Provider.executeWithRerun(JUnit4Provider.java:272)
	at org.apache.maven.surefire.junit4.JUnit4Provider.executeTestSet(JUnit4Provider.java:237)
	at org.apache.maven.surefire.junit4.JUnit4Provider.invoke(JUnit4Provider.java:158)
	at org.apache.maven.surefire.booter.ForkedBooter.runSuitesInProcess(ForkedBooter.java:428)
	at org.apache.maven.surefire.booter.ForkedBooter.execute(ForkedBooter.java:162)
	at org.apache.maven.surefire.booter.ForkedBooter.run(ForkedBooter.java:562)
	at org.apache.maven.surefire.booter.ForkedBooter.main(ForkedBooter.java:548)
Caused by: java.io.IOException: Error while instrumenting sun/util/resources/provider/NonBaseLocaleDataMetaInfo.
	at org.jacoco.agent.rt.internal_3570298.core.instr.Instrumenter.instrumentError(Instrumenter.java:160)
	at org.jacoco.agent.rt.internal_3570298.core.instr.Instrumenter.instrument(Instrumenter.java:110)
	at org.jacoco.agent.rt.internal_3570298.CoverageTransformer.transform(CoverageTransformer.java:92)
	... 75 more
Caused by: java.lang.IllegalArgumentException: Unsupported class file major version 65
	at org.jacoco.agent.rt.internal_3570298.asm.ClassReader.<init>(ClassReader.java:196)
	at org.jacoco.agent.rt.internal_3570298.asm.ClassReader.<init>(ClassReader.java:177)
	at org.jacoco.agent.rt.internal_3570298.asm.ClassReader.<init>(ClassReader.java:163)
	at org.jacoco.agent.rt.internal_3570298.core.internal.instr.InstrSupport.classReaderFor(InstrSupport.java:280)
	at org.jacoco.agent.rt.internal_3570298.core.instr.Instrumenter.instrument(Instrumenter.java:76)
	at org.jacoco.agent.rt.internal_3570298.core.instr.Instrumenter.instrument(Instrumenter.java:108)
	... 76 more
]]></system-err>
  </testcase>
  <testcase name="Update personal details in my profile" classname="Account Management" time="0.02">
    <error message="The step &apos;I am logged in as a Client&apos; and 2 other step(s) are undefined.&#10;You can implement these steps using the snippet(s) below:&#10;&#10;@Given(&quot;I am logged in as a Client&quot;)&#10;public void iAmLoggedInAsAClient() {&#10;    // Write code here that turns the phrase above into concrete actions&#10;    throw new io.cucumber.java.PendingException();&#10;}&#10;@When(&quot;I update my personal details such as age and fitness goals&quot;)&#10;public void iUpdateMyPersonalDetailsSuchAsAgeAndFitnessGoals() {&#10;    // Write code here that turns the phrase above into concrete actions&#10;    throw new io.cucumber.java.PendingException();&#10;}&#10;@Then(&quot;my updated personal details should be saved successfully in my profile&quot;)&#10;public void myUpdatedPersonalDetailsShouldBeSavedSuccessfullyInMyProfile() {&#10;    // Write code here that turns the phrase above into concrete actions&#10;    throw new io.cucumber.java.PendingException();&#10;}&#10;" type="io.cucumber.junit.UndefinedStepException"><![CDATA[io.cucumber.junit.UndefinedStepException: 
The step 'I am logged in as a Client' and 2 other step(s) are undefined.
You can implement these steps using the snippet(s) below:

@Given("I am logged in as a Client")
public void iAmLoggedInAsAClient() {
    // Write code here that turns the phrase above into concrete actions
    throw new io.cucumber.java.PendingException();
}
@When("I update my personal details such as age and fitness goals")
public void iUpdateMyPersonalDetailsSuchAsAgeAndFitnessGoals() {
    // Write code here that turns the phrase above into concrete actions
    throw new io.cucumber.java.PendingException();
}
@Then("my updated personal details should be saved successfully in my profile")
public void myUpdatedPersonalDetailsShouldBeSavedSuccessfullyInMyProfile() {
    // Write code here that turns the phrase above into concrete actions
    throw new io.cucumber.java.PendingException();
}

]]></error>
    <system-out><![CDATA[
@tag @tag2
Scenario: Update personal details in my profile                               # Features/Account Management (client).feature:15
  Given I am logged in as a Client
  When I update my personal details such as age and fitness goals
  Then my updated personal details should be saved successfully in my profile
]]></system-out>
  </testcase>
  <testcase name="Set dietary preferences in my profile" classname="Account Management" time="0.019">
    <error message="The step &apos;I am logged in as a Client&apos; and 2 other step(s) are undefined.&#10;You can implement these steps using the snippet(s) below:&#10;&#10;@Given(&quot;I am logged in as a Client&quot;)&#10;public void iAmLoggedInAsAClient() {&#10;    // Write code here that turns the phrase above into concrete actions&#10;    throw new io.cucumber.java.PendingException();&#10;}&#10;@When(&quot;I set my dietary preferences or restrictions \\(e.g., vegetarian, gluten-free)&quot;)&#10;public void iSetMyDietaryPreferencesOrRestrictionsEGVegetarianGlutenFree() {&#10;    // Write code here that turns the phrase above into concrete actions&#10;    throw new io.cucumber.java.PendingException();&#10;}&#10;@Then(&quot;my dietary preferences should be saved successfully in my profile&quot;)&#10;public void myDietaryPreferencesShouldBeSavedSuccessfullyInMyProfile() {&#10;    // Write code here that turns the phrase above into concrete actions&#10;    throw new io.cucumber.java.PendingException();&#10;}&#10;" type="io.cucumber.junit.UndefinedStepException"><![CDATA[io.cucumber.junit.UndefinedStepException: 
The step 'I am logged in as a Client' and 2 other step(s) are undefined.
You can implement these steps using the snippet(s) below:

@Given("I am logged in as a Client")
public void iAmLoggedInAsAClient() {
    // Write code here that turns the phrase above into concrete actions
    throw new io.cucumber.java.PendingException();
}
@When("I set my dietary preferences or restrictions \\(e.g., vegetarian, gluten-free)")
public void iSetMyDietaryPreferencesOrRestrictionsEGVegetarianGlutenFree() {
    // Write code here that turns the phrase above into concrete actions
    throw new io.cucumber.java.PendingException();
}
@Then("my dietary preferences should be saved successfully in my profile")
public void myDietaryPreferencesShouldBeSavedSuccessfullyInMyProfile() {
    // Write code here that turns the phrase above into concrete actions
    throw new io.cucumber.java.PendingException();
}

]]></error>
    <system-out><![CDATA[
@tag @tag3
Scenario: Set dietary preferences in my profile                                     # Features/Account Management (client).feature:23
  Given I am logged in as a Client
  When I set my dietary preferences or restrictions (e.g., vegetarian, gluten-free)
  Then my dietary preferences should be saved successfully in my profile
]]></system-out>
  </testcase>
  <testcase name="Edit dietary preferences or restrictions" classname="Account Management" time="0.022">
    <error message="The step &apos;I am logged in as a Client&apos; and 2 other step(s) are undefined.&#10;You can implement these steps using the snippet(s) below:&#10;&#10;@Given(&quot;I am logged in as a Client&quot;)&#10;public void iAmLoggedInAsAClient() {&#10;    // Write code here that turns the phrase above into concrete actions&#10;    throw new io.cucumber.java.PendingException();&#10;}&#10;@When(&quot;I edit my dietary preferences or restrictions \\(e.g., add lactose intolerance)&quot;)&#10;public void iEditMyDietaryPreferencesOrRestrictionsEGAddLactoseIntolerance() {&#10;    // Write code here that turns the phrase above into concrete actions&#10;    throw new io.cucumber.java.PendingException();&#10;}&#10;@Then(&quot;my edited dietary preferences should be updated successfully in my profile&quot;)&#10;public void myEditedDietaryPreferencesShouldBeUpdatedSuccessfullyInMyProfile() {&#10;    // Write code here that turns the phrase above into concrete actions&#10;    throw new io.cucumber.java.PendingException();&#10;}&#10;" type="io.cucumber.junit.UndefinedStepException"><![CDATA[io.cucumber.junit.UndefinedStepException: 
The step 'I am logged in as a Client' and 2 other step(s) are undefined.
You can implement these steps using the snippet(s) below:

@Given("I am logged in as a Client")
public void iAmLoggedInAsAClient() {
    // Write code here that turns the phrase above into concrete actions
    throw new io.cucumber.java.PendingException();
}
@When("I edit my dietary preferences or restrictions \\(e.g., add lactose intolerance)")
public void iEditMyDietaryPreferencesOrRestrictionsEGAddLactoseIntolerance() {
    // Write code here that turns the phrase above into concrete actions
    throw new io.cucumber.java.PendingException();
}
@Then("my edited dietary preferences should be updated successfully in my profile")
public void myEditedDietaryPreferencesShouldBeUpdatedSuccessfullyInMyProfile() {
    // Write code here that turns the phrase above into concrete actions
    throw new io.cucumber.java.PendingException();
}

]]></error>
    <system-out><![CDATA[
@tag @tag4
Scenario: Edit dietary preferences or restrictions                                   # Features/Account Management (client).feature:31
  Given I am logged in as a Client
  When I edit my dietary preferences or restrictions (e.g., add lactose intolerance)
  Then my edited dietary preferences should be updated successfully in my profile
]]></system-out>
  </testcase>
  <testcase name="View personal details and dietary preferences" classname="Account Management" time="0.017">
    <error message="The step &apos;I am logged in as a Client&apos; and 2 other step(s) are undefined.&#10;You can implement these steps using the snippet(s) below:&#10;&#10;@Given(&quot;I am logged in as a Client&quot;)&#10;public void iAmLoggedInAsAClient() {&#10;    // Write code here that turns the phrase above into concrete actions&#10;    throw new io.cucumber.java.PendingException();&#10;}&#10;@When(&quot;I view my profile&quot;)&#10;public void iViewMyProfile() {&#10;    // Write code here that turns the phrase above into concrete actions&#10;    throw new io.cucumber.java.PendingException();&#10;}&#10;@Then(&quot;I should be able to see my personal details, fitness goals, and dietary preferences&quot;)&#10;public void iShouldBeAbleToSeeMyPersonalDetailsFitnessGoalsAndDietaryPreferences() {&#10;    // Write code here that turns the phrase above into concrete actions&#10;    throw new io.cucumber.java.PendingException();&#10;}&#10;" type="io.cucumber.junit.UndefinedStepException"><![CDATA[io.cucumber.junit.UndefinedStepException: 
The step 'I am logged in as a Client' and 2 other step(s) are undefined.
You can implement these steps using the snippet(s) below:

@Given("I am logged in as a Client")
public void iAmLoggedInAsAClient() {
    // Write code here that turns the phrase above into concrete actions
    throw new io.cucumber.java.PendingException();
}
@When("I view my profile")
public void iViewMyProfile() {
    // Write code here that turns the phrase above into concrete actions
    throw new io.cucumber.java.PendingException();
}
@Then("I should be able to see my personal details, fitness goals, and dietary preferences")
public void iShouldBeAbleToSeeMyPersonalDetailsFitnessGoalsAndDietaryPreferences() {
    // Write code here that turns the phrase above into concrete actions
    throw new io.cucumber.java.PendingException();
}

]]></error>
    <system-out><![CDATA[
@tag @tag5
Scenario: View personal details and dietary preferences                                    # Features/Account Management (client).feature:39
  Given I am logged in as a Client
  When I view my profile
  Then I should be able to see my personal details, fitness goals, and dietary preferences
]]></system-out>
  </testcase>
  <testcase name="Attempt to create a profile with invalid details" classname="Account Management" time="0.023">
    <error message="The step &apos;I am logged in as a Client&apos; and 3 other step(s) are undefined.&#10;You can implement these steps using the snippet(s) below:&#10;&#10;@Given(&quot;I am logged in as a Client&quot;)&#10;public void iAmLoggedInAsAClient() {&#10;    // Write code here that turns the phrase above into concrete actions&#10;    throw new io.cucumber.java.PendingException();&#10;}&#10;@When(&quot;I attempt to create a profile with invalid details such as age = {string}&quot;)&#10;public void iAttemptToCreateAProfileWithInvalidDetailsSuchAsAge(String string) {&#10;    // Write code here that turns the phrase above into concrete actions&#10;    throw new io.cucumber.java.PendingException();&#10;}&#10;@Then(&quot;I should see an error message indicating invalid input&quot;)&#10;public void iShouldSeeAnErrorMessageIndicatingInvalidInput() {&#10;    // Write code here that turns the phrase above into concrete actions&#10;    throw new io.cucumber.java.PendingException();&#10;}&#10;@Then(&quot;my profile should not be saved&quot;)&#10;public void myProfileShouldNotBeSaved() {&#10;    // Write code here that turns the phrase above into concrete actions&#10;    throw new io.cucumber.java.PendingException();&#10;}&#10;" type="io.cucumber.junit.UndefinedStepException"><![CDATA[io.cucumber.junit.UndefinedStepException: 
The step 'I am logged in as a Client' and 3 other step(s) are undefined.
You can implement these steps using the snippet(s) below:

@Given("I am logged in as a Client")
public void iAmLoggedInAsAClient() {
    // Write code here that turns the phrase above into concrete actions
    throw new io.cucumber.java.PendingException();
}
@When("I attempt to create a profile with invalid details such as age = {string}")
public void iAttemptToCreateAProfileWithInvalidDetailsSuchAsAge(String string) {
    // Write code here that turns the phrase above into concrete actions
    throw new io.cucumber.java.PendingException();
}
@Then("I should see an error message indicating invalid input")
public void iShouldSeeAnErrorMessageIndicatingInvalidInput() {
    // Write code here that turns the phrase above into concrete actions
    throw new io.cucumber.java.PendingException();
}
@Then("my profile should not be saved")
public void myProfileShouldNotBeSaved() {
    // Write code here that turns the phrase above into concrete actions
    throw new io.cucumber.java.PendingException();
}

]]></error>
    <system-out><![CDATA[
@tag @tag6
Scenario: Attempt to create a profile with invalid details                    # Features/Account Management (client).feature:48
  Given I am logged in as a Client
  When I attempt to create a profile with invalid details such as age = "abc"
  Then I should see an error message indicating invalid input
  And my profile should not be saved
]]></system-out>
  </testcase>
  <testcase name="Attempt to create a profile with missing mandatory details" classname="Account Management" time="0.017">
    <error message="The step &apos;I am logged in as a Client&apos; and 3 other step(s) are undefined.&#10;You can implement these steps using the snippet(s) below:&#10;&#10;@Given(&quot;I am logged in as a Client&quot;)&#10;public void iAmLoggedInAsAClient() {&#10;    // Write code here that turns the phrase above into concrete actions&#10;    throw new io.cucumber.java.PendingException();&#10;}&#10;@When(&quot;I attempt to create a profile without providing my age&quot;)&#10;public void iAttemptToCreateAProfileWithoutProvidingMyAge() {&#10;    // Write code here that turns the phrase above into concrete actions&#10;    throw new io.cucumber.java.PendingException();&#10;}&#10;@Then(&quot;I should see an error message indicating that age is required&quot;)&#10;public void iShouldSeeAnErrorMessageIndicatingThatAgeIsRequired() {&#10;    // Write code here that turns the phrase above into concrete actions&#10;    throw new io.cucumber.java.PendingException();&#10;}&#10;@Then(&quot;my profile should not be saved&quot;)&#10;public void myProfileShouldNotBeSaved() {&#10;    // Write code here that turns the phrase above into concrete actions&#10;    throw new io.cucumber.java.PendingException();&#10;}&#10;" type="io.cucumber.junit.UndefinedStepException"><![CDATA[io.cucumber.junit.UndefinedStepException: 
The step 'I am logged in as a Client' and 3 other step(s) are undefined.
You can implement these steps using the snippet(s) below:

@Given("I am logged in as a Client")
public void iAmLoggedInAsAClient() {
    // Write code here that turns the phrase above into concrete actions
    throw new io.cucumber.java.PendingException();
}
@When("I attempt to create a profile without providing my age")
public void iAttemptToCreateAProfileWithoutProvidingMyAge() {
    // Write code here that turns the phrase above into concrete actions
    throw new io.cucumber.java.PendingException();
}
@Then("I should see an error message indicating that age is required")
public void iShouldSeeAnErrorMessageIndicatingThatAgeIsRequired() {
    // Write code here that turns the phrase above into concrete actions
    throw new io.cucumber.java.PendingException();
}
@Then("my profile should not be saved")
public void myProfileShouldNotBeSaved() {
    // Write code here that turns the phrase above into concrete actions
    throw new io.cucumber.java.PendingException();
}

]]></error>
    <system-out><![CDATA[
@tag @tag7
Scenario: Attempt to create a profile with missing mandatory details # Features/Account Management (client).feature:57
  Given I am logged in as a Client
  When I attempt to create a profile without providing my age
  Then I should see an error message indicating that age is required
  And my profile should not be saved
]]></system-out>
  </testcase>
  <testcase name="Delete my profile" classname="Account Management" time="0.02">
    <error message="The step &apos;I am logged in as a Client&apos; and 3 other step(s) are undefined.&#10;You can implement these steps using the snippet(s) below:&#10;&#10;@Given(&quot;I am logged in as a Client&quot;)&#10;public void iAmLoggedInAsAClient() {&#10;    // Write code here that turns the phrase above into concrete actions&#10;    throw new io.cucumber.java.PendingException();&#10;}&#10;@When(&quot;I choose to delete my profile&quot;)&#10;public void iChooseToDeleteMyProfile() {&#10;    // Write code here that turns the phrase above into concrete actions&#10;    throw new io.cucumber.java.PendingException();&#10;}&#10;@Then(&quot;my profile should be removed from the system&quot;)&#10;public void myProfileShouldBeRemovedFromTheSystem() {&#10;    // Write code here that turns the phrase above into concrete actions&#10;    throw new io.cucumber.java.PendingException();&#10;}&#10;@Then(&quot;I should no longer be able to access my account&quot;)&#10;public void iShouldNoLongerBeAbleToAccessMyAccount() {&#10;    // Write code here that turns the phrase above into concrete actions&#10;    throw new io.cucumber.java.PendingException();&#10;}&#10;" type="io.cucumber.junit.UndefinedStepException"><![CDATA[io.cucumber.junit.UndefinedStepException: 
The step 'I am logged in as a Client' and 3 other step(s) are undefined.
You can implement these steps using the snippet(s) below:

@Given("I am logged in as a Client")
public void iAmLoggedInAsAClient() {
    // Write code here that turns the phrase above into concrete actions
    throw new io.cucumber.java.PendingException();
}
@When("I choose to delete my profile")
public void iChooseToDeleteMyProfile() {
    // Write code here that turns the phrase above into concrete actions
    throw new io.cucumber.java.PendingException();
}
@Then("my profile should be removed from the system")
public void myProfileShouldBeRemovedFromTheSystem() {
    // Write code here that turns the phrase above into concrete actions
    throw new io.cucumber.java.PendingException();
}
@Then("I should no longer be able to access my account")
public void iShouldNoLongerBeAbleToAccessMyAccount() {
    // Write code here that turns the phrase above into concrete actions
    throw new io.cucumber.java.PendingException();
}

]]></error>
    <system-out><![CDATA[
@tag @tag8
Scenario: Delete my profile                           # Features/Account Management (client).feature:66
  Given I am logged in as a Client
  When I choose to delete my profile
  Then my profile should be removed from the system
  And I should no longer be able to access my account
]]></system-out>
  </testcase>
  <testcase name="Unauthorized access to another client&apos;s profile" classname="Account Management" time="0.017">
    <error message="The step &apos;I am logged in as a Client&apos; and 3 other step(s) are undefined.&#10;You can implement these steps using the snippet(s) below:&#10;&#10;@Given(&quot;I am logged in as a Client&quot;)&#10;public void iAmLoggedInAsAClient() {&#10;    // Write code here that turns the phrase above into concrete actions&#10;    throw new io.cucumber.java.PendingException();&#10;}&#10;@When(&quot;I attempt to access another client&apos;s profile&quot;)&#10;public void iAttemptToAccessAnotherClientSProfile() {&#10;    // Write code here that turns the phrase above into concrete actions&#10;    throw new io.cucumber.java.PendingException();&#10;}&#10;@Then(&quot;I should receive an error message indicating insufficient permissions&quot;)&#10;public void iShouldReceiveAnErrorMessageIndicatingInsufficientPermissions() {&#10;    // Write code here that turns the phrase above into concrete actions&#10;    throw new io.cucumber.java.PendingException();&#10;}&#10;@Then(&quot;I should not be able to view or edit their profile&quot;)&#10;public void iShouldNotBeAbleToViewOrEditTheirProfile() {&#10;    // Write code here that turns the phrase above into concrete actions&#10;    throw new io.cucumber.java.PendingException();&#10;}&#10;" type="io.cucumber.junit.UndefinedStepException"><![CDATA[io.cucumber.junit.UndefinedStepException: 
The step 'I am logged in as a Client' and 3 other step(s) are undefined.
You can implement these steps using the snippet(s) below:

@Given("I am logged in as a Client")
public void iAmLoggedInAsAClient() {
    // Write code here that turns the phrase above into concrete actions
    throw new io.cucumber.java.PendingException();
}
@When("I attempt to access another client's profile")
public void iAttemptToAccessAnotherClientSProfile() {
    // Write code here that turns the phrase above into concrete actions
    throw new io.cucumber.java.PendingException();
}
@Then("I should receive an error message indicating insufficient permissions")
public void iShouldReceiveAnErrorMessageIndicatingInsufficientPermissions() {
    // Write code here that turns the phrase above into concrete actions
    throw new io.cucumber.java.PendingException();
}
@Then("I should not be able to view or edit their profile")
public void iShouldNotBeAbleToViewOrEditTheirProfile() {
    // Write code here that turns the phrase above into concrete actions
    throw new io.cucumber.java.PendingException();
}

]]></error>
    <system-out><![CDATA[
@tag @tag9
Scenario: Unauthorized access to another client's profile                    # Features/Account Management (client).feature:75
  Given I am logged in as a Client
  When I attempt to access another client's profile
  Then I should receive an error message indicating insufficient permissions
  And I should not be able to view or edit their profile
]]></system-out>
  </testcase>
  <testcase name="Approve New Instructor" classname="Approve New Instructor Registrations" time="0.022">
    <error message="The step &apos;I am logged in as an admin&apos; and 5 other step(s) are undefined.&#10;You can implement these steps using the snippet(s) below:&#10;&#10;@Given(&quot;I am logged in as an admin&quot;)&#10;public void iAmLoggedInAsAnAdmin() {&#10;    // Write code here that turns the phrase above into concrete actions&#10;    throw new io.cucumber.java.PendingException();&#10;}&#10;@Given(&quot;there is a pending instructor registration&quot;)&#10;public void thereIsAPendingInstructorRegistration() {&#10;    // Write code here that turns the phrase above into concrete actions&#10;    throw new io.cucumber.java.PendingException();&#10;}&#10;@When(&quot;I review the registration details&quot;)&#10;public void iReviewTheRegistrationDetails() {&#10;    // Write code here that turns the phrase above into concrete actions&#10;    throw new io.cucumber.java.PendingException();&#10;}&#10;@When(&quot;I approve the new instructor registration&quot;)&#10;public void iApproveTheNewInstructorRegistration() {&#10;    // Write code here that turns the phrase above into concrete actions&#10;    throw new io.cucumber.java.PendingException();&#10;}&#10;@Then(&quot;the instructor should be added to the system as an active user&quot;)&#10;public void theInstructorShouldBeAddedToTheSystemAsAnActiveUser() {&#10;    // Write code here that turns the phrase above into concrete actions&#10;    throw new io.cucumber.java.PendingException();&#10;}&#10;@Then(&quot;I should see a success message confirming the approval&quot;)&#10;public void iShouldSeeASuccessMessageConfirmingTheApproval() {&#10;    // Write code here that turns the phrase above into concrete actions&#10;    throw new io.cucumber.java.PendingException();&#10;}&#10;" type="io.cucumber.junit.UndefinedStepException"><![CDATA[io.cucumber.junit.UndefinedStepException: 
The step 'I am logged in as an admin' and 5 other step(s) are undefined.
You can implement these steps using the snippet(s) below:

@Given("I am logged in as an admin")
public void iAmLoggedInAsAnAdmin() {
    // Write code here that turns the phrase above into concrete actions
    throw new io.cucumber.java.PendingException();
}
@Given("there is a pending instructor registration")
public void thereIsAPendingInstructorRegistration() {
    // Write code here that turns the phrase above into concrete actions
    throw new io.cucumber.java.PendingException();
}
@When("I review the registration details")
public void iReviewTheRegistrationDetails() {
    // Write code here that turns the phrase above into concrete actions
    throw new io.cucumber.java.PendingException();
}
@When("I approve the new instructor registration")
public void iApproveTheNewInstructorRegistration() {
    // Write code here that turns the phrase above into concrete actions
    throw new io.cucumber.java.PendingException();
}
@Then("the instructor should be added to the system as an active user")
public void theInstructorShouldBeAddedToTheSystemAsAnActiveUser() {
    // Write code here that turns the phrase above into concrete actions
    throw new io.cucumber.java.PendingException();
}
@Then("I should see a success message confirming the approval")
public void iShouldSeeASuccessMessageConfirmingTheApproval() {
    // Write code here that turns the phrase above into concrete actions
    throw new io.cucumber.java.PendingException();
}

]]></error>
    <system-out><![CDATA[
@tag @tag1
Scenario: Approve New Instructor                                      # Features/ApproveinstructorFeature.feature:7
  Given I am logged in as an admin
  And there is a pending instructor registration
  When I review the registration details
  And I approve the new instructor registration
  Then the instructor should be added to the system as an active user
  And I should see a success message confirming the approval
]]></system-out>
  </testcase>
  <testcase name="Reject New Instructor" classname="Approve New Instructor Registrations" time="0.03">
    <error message="The step &apos;I am logged in as an admin&apos; and 5 other step(s) are undefined.&#10;You can implement these steps using the snippet(s) below:&#10;&#10;@Given(&quot;I am logged in as an admin&quot;)&#10;public void iAmLoggedInAsAnAdmin() {&#10;    // Write code here that turns the phrase above into concrete actions&#10;    throw new io.cucumber.java.PendingException();&#10;}&#10;@Given(&quot;there is a pending instructor registration&quot;)&#10;public void thereIsAPendingInstructorRegistration() {&#10;    // Write code here that turns the phrase above into concrete actions&#10;    throw new io.cucumber.java.PendingException();&#10;}&#10;@When(&quot;I review the registration details&quot;)&#10;public void iReviewTheRegistrationDetails() {&#10;    // Write code here that turns the phrase above into concrete actions&#10;    throw new io.cucumber.java.PendingException();&#10;}&#10;@When(&quot;I reject the new instructor registration&quot;)&#10;public void iRejectTheNewInstructorRegistration() {&#10;    // Write code here that turns the phrase above into concrete actions&#10;    throw new io.cucumber.java.PendingException();&#10;}&#10;@Then(&quot;the instructor should not be added to the system&quot;)&#10;public void theInstructorShouldNotBeAddedToTheSystem() {&#10;    // Write code here that turns the phrase above into concrete actions&#10;    throw new io.cucumber.java.PendingException();&#10;}&#10;@Then(&quot;I should see a rejection message confirming the action&quot;)&#10;public void iShouldSeeARejectionMessageConfirmingTheAction() {&#10;    // Write code here that turns the phrase above into concrete actions&#10;    throw new io.cucumber.java.PendingException();&#10;}&#10;" type="io.cucumber.junit.UndefinedStepException"><![CDATA[io.cucumber.junit.UndefinedStepException: 
The step 'I am logged in as an admin' and 5 other step(s) are undefined.
You can implement these steps using the snippet(s) below:

@Given("I am logged in as an admin")
public void iAmLoggedInAsAnAdmin() {
    // Write code here that turns the phrase above into concrete actions
    throw new io.cucumber.java.PendingException();
}
@Given("there is a pending instructor registration")
public void thereIsAPendingInstructorRegistration() {
    // Write code here that turns the phrase above into concrete actions
    throw new io.cucumber.java.PendingException();
}
@When("I review the registration details")
public void iReviewTheRegistrationDetails() {
    // Write code here that turns the phrase above into concrete actions
    throw new io.cucumber.java.PendingException();
}
@When("I reject the new instructor registration")
public void iRejectTheNewInstructorRegistration() {
    // Write code here that turns the phrase above into concrete actions
    throw new io.cucumber.java.PendingException();
}
@Then("the instructor should not be added to the system")
public void theInstructorShouldNotBeAddedToTheSystem() {
    // Write code here that turns the phrase above into concrete actions
    throw new io.cucumber.java.PendingException();
}
@Then("I should see a rejection message confirming the action")
public void iShouldSeeARejectionMessageConfirmingTheAction() {
    // Write code here that turns the phrase above into concrete actions
    throw new io.cucumber.java.PendingException();
}

]]></error>
    <system-out><![CDATA[
@tag @tag2
Scenario: Reject New Instructor                              # Features/ApproveinstructorFeature.feature:18
  Given I am logged in as an admin
  And there is a pending instructor registration
  When I review the registration details
  And I reject the new instructor registration
  Then the instructor should not be added to the system
  And I should see a rejection message confirming the action
]]></system-out>
  </testcase>
  <testcase name="View Pending Instructor Registrations" classname="Approve New Instructor Registrations" time="0.024">
    <error message="The step &apos;I am logged in as an admin&apos; and 3 other step(s) are undefined.&#10;You can implement these steps using the snippet(s) below:&#10;&#10;@Given(&quot;I am logged in as an admin&quot;)&#10;public void iAmLoggedInAsAnAdmin() {&#10;    // Write code here that turns the phrase above into concrete actions&#10;    throw new io.cucumber.java.PendingException();&#10;}&#10;@When(&quot;I navigate to the {string} section&quot;)&#10;public void iNavigateToTheSection(String string) {&#10;    // Write code here that turns the phrase above into concrete actions&#10;    throw new io.cucumber.java.PendingException();&#10;}&#10;@Then(&quot;I should see a list of all pending instructor registrations&quot;)&#10;public void iShouldSeeAListOfAllPendingInstructorRegistrations() {&#10;    // Write code here that turns the phrase above into concrete actions&#10;    throw new io.cucumber.java.PendingException();&#10;}&#10;@Then(&quot;I should be able to review the details of each registration&quot;)&#10;public void iShouldBeAbleToReviewTheDetailsOfEachRegistration() {&#10;    // Write code here that turns the phrase above into concrete actions&#10;    throw new io.cucumber.java.PendingException();&#10;}&#10;" type="io.cucumber.junit.UndefinedStepException"><![CDATA[io.cucumber.junit.UndefinedStepException: 
The step 'I am logged in as an admin' and 3 other step(s) are undefined.
You can implement these steps using the snippet(s) below:

@Given("I am logged in as an admin")
public void iAmLoggedInAsAnAdmin() {
    // Write code here that turns the phrase above into concrete actions
    throw new io.cucumber.java.PendingException();
}
@When("I navigate to the {string} section")
public void iNavigateToTheSection(String string) {
    // Write code here that turns the phrase above into concrete actions
    throw new io.cucumber.java.PendingException();
}
@Then("I should see a list of all pending instructor registrations")
public void iShouldSeeAListOfAllPendingInstructorRegistrations() {
    // Write code here that turns the phrase above into concrete actions
    throw new io.cucumber.java.PendingException();
}
@Then("I should be able to review the details of each registration")
public void iShouldBeAbleToReviewTheDetailsOfEachRegistration() {
    // Write code here that turns the phrase above into concrete actions
    throw new io.cucumber.java.PendingException();
}

]]></error>
    <system-out><![CDATA[
@tag @tag3
Scenario: View Pending Instructor Registrations                    # Features/ApproveinstructorFeature.feature:29
  Given I am logged in as an admin
  When I navigate to the "Pending Registrations" section
  Then I should see a list of all pending instructor registrations
  And I should be able to review the details of each registration
]]></system-out>
  </testcase>
  <testcase name="Notify Instructor After Approval" classname="Approve New Instructor Registrations" time="0.019">
    <error message="The step &apos;I am logged in as an admin&apos; and 4 other step(s) are undefined.&#10;You can implement these steps using the snippet(s) below:&#10;&#10;@Given(&quot;I am logged in as an admin&quot;)&#10;public void iAmLoggedInAsAnAdmin() {&#10;    // Write code here that turns the phrase above into concrete actions&#10;    throw new io.cucumber.java.PendingException();&#10;}&#10;@Given(&quot;I approve a new instructor registration&quot;)&#10;public void iApproveANewInstructorRegistration() {&#10;    // Write code here that turns the phrase above into concrete actions&#10;    throw new io.cucumber.java.PendingException();&#10;}&#10;@When(&quot;the registration is approved&quot;)&#10;public void theRegistrationIsApproved() {&#10;    // Write code here that turns the phrase above into concrete actions&#10;    throw new io.cucumber.java.PendingException();&#10;}&#10;@Then(&quot;the instructor should receive a notification email confirming their approval&quot;)&#10;public void theInstructorShouldReceiveANotificationEmailConfirmingTheirApproval() {&#10;    // Write code here that turns the phrase above into concrete actions&#10;    throw new io.cucumber.java.PendingException();&#10;}&#10;@Then(&quot;I should see a message confirming the email has been sent&quot;)&#10;public void iShouldSeeAMessageConfirmingTheEmailHasBeenSent() {&#10;    // Write code here that turns the phrase above into concrete actions&#10;    throw new io.cucumber.java.PendingException();&#10;}&#10;" type="io.cucumber.junit.UndefinedStepException"><![CDATA[io.cucumber.junit.UndefinedStepException: 
The step 'I am logged in as an admin' and 4 other step(s) are undefined.
You can implement these steps using the snippet(s) below:

@Given("I am logged in as an admin")
public void iAmLoggedInAsAnAdmin() {
    // Write code here that turns the phrase above into concrete actions
    throw new io.cucumber.java.PendingException();
}
@Given("I approve a new instructor registration")
public void iApproveANewInstructorRegistration() {
    // Write code here that turns the phrase above into concrete actions
    throw new io.cucumber.java.PendingException();
}
@When("the registration is approved")
public void theRegistrationIsApproved() {
    // Write code here that turns the phrase above into concrete actions
    throw new io.cucumber.java.PendingException();
}
@Then("the instructor should receive a notification email confirming their approval")
public void theInstructorShouldReceiveANotificationEmailConfirmingTheirApproval() {
    // Write code here that turns the phrase above into concrete actions
    throw new io.cucumber.java.PendingException();
}
@Then("I should see a message confirming the email has been sent")
public void iShouldSeeAMessageConfirmingTheEmailHasBeenSent() {
    // Write code here that turns the phrase above into concrete actions
    throw new io.cucumber.java.PendingException();
}

]]></error>
    <system-out><![CDATA[
@tag @tag4
Scenario: Notify Instructor After Approval                                          # Features/ApproveinstructorFeature.feature:38
  Given I am logged in as an admin
  And I approve a new instructor registration
  When the registration is approved
  Then the instructor should receive a notification email confirming their approval
  And I should see a message confirming the email has been sent
]]></system-out>
  </testcase>
  <testcase name="Notify Instructor After Rejection" classname="Approve New Instructor Registrations" time="0.02">
    <error message="The step &apos;I am logged in as an admin&apos; and 4 other step(s) are undefined.&#10;You can implement these steps using the snippet(s) below:&#10;&#10;@Given(&quot;I am logged in as an admin&quot;)&#10;public void iAmLoggedInAsAnAdmin() {&#10;    // Write code here that turns the phrase above into concrete actions&#10;    throw new io.cucumber.java.PendingException();&#10;}&#10;@Given(&quot;I reject a new instructor registration&quot;)&#10;public void iRejectANewInstructorRegistration() {&#10;    // Write code here that turns the phrase above into concrete actions&#10;    throw new io.cucumber.java.PendingException();&#10;}&#10;@When(&quot;the registration is rejected&quot;)&#10;public void theRegistrationIsRejected() {&#10;    // Write code here that turns the phrase above into concrete actions&#10;    throw new io.cucumber.java.PendingException();&#10;}&#10;@Then(&quot;the instructor should receive a notification email about the rejection&quot;)&#10;public void theInstructorShouldReceiveANotificationEmailAboutTheRejection() {&#10;    // Write code here that turns the phrase above into concrete actions&#10;    throw new io.cucumber.java.PendingException();&#10;}&#10;@Then(&quot;I should see a message confirming the rejection email has been sent&quot;)&#10;public void iShouldSeeAMessageConfirmingTheRejectionEmailHasBeenSent() {&#10;    // Write code here that turns the phrase above into concrete actions&#10;    throw new io.cucumber.java.PendingException();&#10;}&#10;" type="io.cucumber.junit.UndefinedStepException"><![CDATA[io.cucumber.junit.UndefinedStepException: 
The step 'I am logged in as an admin' and 4 other step(s) are undefined.
You can implement these steps using the snippet(s) below:

@Given("I am logged in as an admin")
public void iAmLoggedInAsAnAdmin() {
    // Write code here that turns the phrase above into concrete actions
    throw new io.cucumber.java.PendingException();
}
@Given("I reject a new instructor registration")
public void iRejectANewInstructorRegistration() {
    // Write code here that turns the phrase above into concrete actions
    throw new io.cucumber.java.PendingException();
}
@When("the registration is rejected")
public void theRegistrationIsRejected() {
    // Write code here that turns the phrase above into concrete actions
    throw new io.cucumber.java.PendingException();
}
@Then("the instructor should receive a notification email about the rejection")
public void theInstructorShouldReceiveANotificationEmailAboutTheRejection() {
    // Write code here that turns the phrase above into concrete actions
    throw new io.cucumber.java.PendingException();
}
@Then("I should see a message confirming the rejection email has been sent")
public void iShouldSeeAMessageConfirmingTheRejectionEmailHasBeenSent() {
    // Write code here that turns the phrase above into concrete actions
    throw new io.cucumber.java.PendingException();
}

]]></error>
    <system-out><![CDATA[
@tag @tag5
Scenario: Notify Instructor After Rejection                                   # Features/ApproveinstructorFeature.feature:48
  Given I am logged in as an admin
  And I reject a new instructor registration
  When the registration is rejected
  Then the instructor should receive a notification email about the rejection
  And I should see a message confirming the rejection email has been sent
]]></system-out>
  </testcase>
  <testcase name="Approve a Submitted Fitness Tip" classname="Content Management" time="0.022">
    <error message="The step &apos;I am logged in as an admin&apos; and 2 other step(s) are undefined.&#10;You can implement these steps using the snippet(s) below:&#10;&#10;@Given(&quot;I am logged in as an admin&quot;)&#10;public void iAmLoggedInAsAnAdmin() {&#10;    // Write code here that turns the phrase above into concrete actions&#10;    throw new io.cucumber.java.PendingException();&#10;}&#10;@When(&quot;I approve a submitted fitness tip titled {string}&quot;)&#10;public void iApproveASubmittedFitnessTipTitled(String string) {&#10;    // Write code here that turns the phrase above into concrete actions&#10;    throw new io.cucumber.java.PendingException();&#10;}&#10;@Then(&quot;the tip {string} should be publicly visible on the platform&quot;)&#10;public void theTipShouldBePubliclyVisibleOnThePlatform(String string) {&#10;    // Write code here that turns the phrase above into concrete actions&#10;    throw new io.cucumber.java.PendingException();&#10;}&#10;" type="io.cucumber.junit.UndefinedStepException"><![CDATA[io.cucumber.junit.UndefinedStepException: 
The step 'I am logged in as an admin' and 2 other step(s) are undefined.
You can implement these steps using the snippet(s) below:

@Given("I am logged in as an admin")
public void iAmLoggedInAsAnAdmin() {
    // Write code here that turns the phrase above into concrete actions
    throw new io.cucumber.java.PendingException();
}
@When("I approve a submitted fitness tip titled {string}")
public void iApproveASubmittedFitnessTipTitled(String string) {
    // Write code here that turns the phrase above into concrete actions
    throw new io.cucumber.java.PendingException();
}
@Then("the tip {string} should be publicly visible on the platform")
public void theTipShouldBePubliclyVisibleOnThePlatform(String string) {
    // Write code here that turns the phrase above into concrete actions
    throw new io.cucumber.java.PendingException();
}

]]></error>
    <system-out><![CDATA[
Scenario: Approve a Submitted Fitness Tip                                               # Features/ContentManagement.feature:5
  Given I am logged in as an admin
  When I approve a submitted fitness tip titled "5-Minute Stretching Routine"
  Then the tip "5-Minute Stretching Routine" should be publicly visible on the platform
]]></system-out>
  </testcase>
  <testcase name="Reject a Submitted Fitness Tip" classname="Content Management" time="0.026">
    <error message="The step &apos;I am logged in as an admin&apos; and 3 other step(s) are undefined.&#10;You can implement these steps using the snippet(s) below:&#10;&#10;@Given(&quot;I am logged in as an admin&quot;)&#10;public void iAmLoggedInAsAnAdmin() {&#10;    // Write code here that turns the phrase above into concrete actions&#10;    throw new io.cucumber.java.PendingException();&#10;}&#10;@When(&quot;I reject a submitted fitness tip titled {string} with reason {string}&quot;)&#10;public void iRejectASubmittedFitnessTipTitledWithReason(String string, String string2) {&#10;    // Write code here that turns the phrase above into concrete actions&#10;    throw new io.cucumber.java.PendingException();&#10;}&#10;@Then(&quot;the submitter should receive a notification {string}&quot;)&#10;public void theSubmitterShouldReceiveANotification(String string) {&#10;    // Write code here that turns the phrase above into concrete actions&#10;    throw new io.cucumber.java.PendingException();&#10;}&#10;@Then(&quot;the tip {string} should not be publicly visible&quot;)&#10;public void theTipShouldNotBePubliclyVisible(String string) {&#10;    // Write code here that turns the phrase above into concrete actions&#10;    throw new io.cucumber.java.PendingException();&#10;}&#10;" type="io.cucumber.junit.UndefinedStepException"><![CDATA[io.cucumber.junit.UndefinedStepException: 
The step 'I am logged in as an admin' and 3 other step(s) are undefined.
You can implement these steps using the snippet(s) below:

@Given("I am logged in as an admin")
public void iAmLoggedInAsAnAdmin() {
    // Write code here that turns the phrase above into concrete actions
    throw new io.cucumber.java.PendingException();
}
@When("I reject a submitted fitness tip titled {string} with reason {string}")
public void iRejectASubmittedFitnessTipTitledWithReason(String string, String string2) {
    // Write code here that turns the phrase above into concrete actions
    throw new io.cucumber.java.PendingException();
}
@Then("the submitter should receive a notification {string}")
public void theSubmitterShouldReceiveANotification(String string) {
    // Write code here that turns the phrase above into concrete actions
    throw new io.cucumber.java.PendingException();
}
@Then("the tip {string} should not be publicly visible")
public void theTipShouldNotBePubliclyVisible(String string) {
    // Write code here that turns the phrase above into concrete actions
    throw new io.cucumber.java.PendingException();
}

]]></error>
    <system-out><![CDATA[
Scenario: Reject a Submitted Fitness Tip                                                                              # Features/ContentManagement.feature:10
  Given I am logged in as an admin
  When I reject a submitted fitness tip titled "5-Minute Stretching Routine" with reason "Lack of sufficient details"
  Then the submitter should receive a notification "Lack of sufficient details"
  And the tip "5-Minute Stretching Routine" should not be publicly visible
]]></system-out>
  </testcase>
  <testcase name="Delete a Publicly Visible Fitness Tip" classname="Content Management" time="0.016">
    <error message="The step &apos;I am logged in as an admin&apos; and 3 other step(s) are undefined.&#10;You can implement these steps using the snippet(s) below:&#10;&#10;@Given(&quot;I am logged in as an admin&quot;)&#10;public void iAmLoggedInAsAnAdmin() {&#10;    // Write code here that turns the phrase above into concrete actions&#10;    throw new io.cucumber.java.PendingException();&#10;}&#10;@Given(&quot;the fitness tip {string} is publicly visible&quot;)&#10;public void theFitnessTipIsPubliclyVisible(String string) {&#10;    // Write code here that turns the phrase above into concrete actions&#10;    throw new io.cucumber.java.PendingException();&#10;}&#10;@When(&quot;I delete the fitness tip {string}&quot;)&#10;public void iDeleteTheFitnessTip(String string) {&#10;    // Write code here that turns the phrase above into concrete actions&#10;    throw new io.cucumber.java.PendingException();&#10;}&#10;@Then(&quot;the tip {string} should no longer be visible on the platform&quot;)&#10;public void theTipShouldNoLongerBeVisibleOnThePlatform(String string) {&#10;    // Write code here that turns the phrase above into concrete actions&#10;    throw new io.cucumber.java.PendingException();&#10;}&#10;" type="io.cucumber.junit.UndefinedStepException"><![CDATA[io.cucumber.junit.UndefinedStepException: 
The step 'I am logged in as an admin' and 3 other step(s) are undefined.
You can implement these steps using the snippet(s) below:

@Given("I am logged in as an admin")
public void iAmLoggedInAsAnAdmin() {
    // Write code here that turns the phrase above into concrete actions
    throw new io.cucumber.java.PendingException();
}
@Given("the fitness tip {string} is publicly visible")
public void theFitnessTipIsPubliclyVisible(String string) {
    // Write code here that turns the phrase above into concrete actions
    throw new io.cucumber.java.PendingException();
}
@When("I delete the fitness tip {string}")
public void iDeleteTheFitnessTip(String string) {
    // Write code here that turns the phrase above into concrete actions
    throw new io.cucumber.java.PendingException();
}
@Then("the tip {string} should no longer be visible on the platform")
public void theTipShouldNoLongerBeVisibleOnThePlatform(String string) {
    // Write code here that turns the phrase above into concrete actions
    throw new io.cucumber.java.PendingException();
}

]]></error>
    <system-out><![CDATA[
Scenario: Delete a Publicly Visible Fitness Tip                                     # Features/ContentManagement.feature:16
  Given I am logged in as an admin
  And the fitness tip "Beginner Yoga Postures" is publicly visible
  When I delete the fitness tip "Beginner Yoga Postures"
  Then the tip "Beginner Yoga Postures" should no longer be visible on the platform
]]></system-out>
  </testcase>
  <testcase name="View Feedback for a Fitness Tip" classname="Content Management" time="0.018">
    <error message="The step &apos;I am logged in as an admin&apos; and 2 other step(s) are undefined.&#10;You can implement these steps using the snippet(s) below:&#10;&#10;@Given(&quot;I am logged in as an admin&quot;)&#10;public void iAmLoggedInAsAnAdmin() {&#10;    // Write code here that turns the phrase above into concrete actions&#10;    throw new io.cucumber.java.PendingException();&#10;}&#10;@When(&quot;I view feedback for the fitness tip titled {string}&quot;)&#10;public void iViewFeedbackForTheFitnessTipTitled(String string) {&#10;    // Write code here that turns the phrase above into concrete actions&#10;    throw new io.cucumber.java.PendingException();&#10;}&#10;@Then(&quot;I should see all user comments and ratings for {string}&quot;)&#10;public void iShouldSeeAllUserCommentsAndRatingsFor(String string) {&#10;    // Write code here that turns the phrase above into concrete actions&#10;    throw new io.cucumber.java.PendingException();&#10;}&#10;" type="io.cucumber.junit.UndefinedStepException"><![CDATA[io.cucumber.junit.UndefinedStepException: 
The step 'I am logged in as an admin' and 2 other step(s) are undefined.
You can implement these steps using the snippet(s) below:

@Given("I am logged in as an admin")
public void iAmLoggedInAsAnAdmin() {
    // Write code here that turns the phrase above into concrete actions
    throw new io.cucumber.java.PendingException();
}
@When("I view feedback for the fitness tip titled {string}")
public void iViewFeedbackForTheFitnessTipTitled(String string) {
    // Write code here that turns the phrase above into concrete actions
    throw new io.cucumber.java.PendingException();
}
@Then("I should see all user comments and ratings for {string}")
public void iShouldSeeAllUserCommentsAndRatingsFor(String string) {
    // Write code here that turns the phrase above into concrete actions
    throw new io.cucumber.java.PendingException();
}

]]></error>
    <system-out><![CDATA[
Scenario: View Feedback for a Fitness Tip                                 # Features/ContentManagement.feature:22
  Given I am logged in as an admin
  When I view feedback for the fitness tip titled "Home Workout Plan"
  Then I should see all user comments and ratings for "Home Workout Plan"
]]></system-out>
  </testcase>
  <testcase name="Remove Inappropriate Feedback" classname="Content Management" time="0.016">
    <error message="The step &apos;I am logged in as an admin&apos; and 3 other step(s) are undefined.&#10;You can implement these steps using the snippet(s) below:&#10;&#10;@Given(&quot;I am logged in as an admin&quot;)&#10;public void iAmLoggedInAsAnAdmin() {&#10;    // Write code here that turns the phrase above into concrete actions&#10;    throw new io.cucumber.java.PendingException();&#10;}&#10;@Given(&quot;there is a feedback comment {string} on the fitness tip titled {string}&quot;)&#10;public void thereIsAFeedbackCommentOnTheFitnessTipTitled(String string, String string2) {&#10;    // Write code here that turns the phrase above into concrete actions&#10;    throw new io.cucumber.java.PendingException();&#10;}&#10;@When(&quot;I remove the inappropriate feedback on {string}&quot;)&#10;public void iRemoveTheInappropriateFeedbackOn(String string) {&#10;    // Write code here that turns the phrase above into concrete actions&#10;    throw new io.cucumber.java.PendingException();&#10;}&#10;@Then(&quot;the feedback should no longer be visible under the {string} tip&quot;)&#10;public void theFeedbackShouldNoLongerBeVisibleUnderTheTip(String string) {&#10;    // Write code here that turns the phrase above into concrete actions&#10;    throw new io.cucumber.java.PendingException();&#10;}&#10;" type="io.cucumber.junit.UndefinedStepException"><![CDATA[io.cucumber.junit.UndefinedStepException: 
The step 'I am logged in as an admin' and 3 other step(s) are undefined.
You can implement these steps using the snippet(s) below:

@Given("I am logged in as an admin")
public void iAmLoggedInAsAnAdmin() {
    // Write code here that turns the phrase above into concrete actions
    throw new io.cucumber.java.PendingException();
}
@Given("there is a feedback comment {string} on the fitness tip titled {string}")
public void thereIsAFeedbackCommentOnTheFitnessTipTitled(String string, String string2) {
    // Write code here that turns the phrase above into concrete actions
    throw new io.cucumber.java.PendingException();
}
@When("I remove the inappropriate feedback on {string}")
public void iRemoveTheInappropriateFeedbackOn(String string) {
    // Write code here that turns the phrase above into concrete actions
    throw new io.cucumber.java.PendingException();
}
@Then("the feedback should no longer be visible under the {string} tip")
public void theFeedbackShouldNoLongerBeVisibleUnderTheTip(String string) {
    // Write code here that turns the phrase above into concrete actions
    throw new io.cucumber.java.PendingException();
}

]]></error>
    <system-out><![CDATA[
Scenario: Remove Inappropriate Feedback                                                                        # Features/ContentManagement.feature:27
  Given I am logged in as an admin
  And there is a feedback comment "Inappropriate language" on the fitness tip titled "Healthy Morning Routine"
  When I remove the inappropriate feedback on "Healthy Morning Routine"
  Then the feedback should no longer be visible under the "Healthy Morning Routine" tip
]]></system-out>
  </testcase>
  <testcase name="Respond to a Feedback Question" classname="Content Management" time="0.018">
    <error message="The step &apos;I am logged in as an admin&apos; and 3 other step(s) are undefined.&#10;You can implement these steps using the snippet(s) below:&#10;&#10;@Given(&quot;I am logged in as an admin&quot;)&#10;public void iAmLoggedInAsAnAdmin() {&#10;    // Write code here that turns the phrase above into concrete actions&#10;    throw new io.cucumber.java.PendingException();&#10;}&#10;@Given(&quot;there is a feedback question {string} on the fitness tip {string}&quot;)&#10;public void thereIsAFeedbackQuestionOnTheFitnessTip(String string, String string2) {&#10;    // Write code here that turns the phrase above into concrete actions&#10;    throw new io.cucumber.java.PendingException();&#10;}&#10;@When(&quot;I respond to the feedback with {string}&quot;)&#10;public void iRespondToTheFeedbackWith(String string) {&#10;    // Write code here that turns the phrase above into concrete actions&#10;    throw new io.cucumber.java.PendingException();&#10;}&#10;@Then(&quot;my response should be visible under the feedback question&quot;)&#10;public void myResponseShouldBeVisibleUnderTheFeedbackQuestion() {&#10;    // Write code here that turns the phrase above into concrete actions&#10;    throw new io.cucumber.java.PendingException();&#10;}&#10;" type="io.cucumber.junit.UndefinedStepException"><![CDATA[io.cucumber.junit.UndefinedStepException: 
The step 'I am logged in as an admin' and 3 other step(s) are undefined.
You can implement these steps using the snippet(s) below:

@Given("I am logged in as an admin")
public void iAmLoggedInAsAnAdmin() {
    // Write code here that turns the phrase above into concrete actions
    throw new io.cucumber.java.PendingException();
}
@Given("there is a feedback question {string} on the fitness tip {string}")
public void thereIsAFeedbackQuestionOnTheFitnessTip(String string, String string2) {
    // Write code here that turns the phrase above into concrete actions
    throw new io.cucumber.java.PendingException();
}
@When("I respond to the feedback with {string}")
public void iRespondToTheFeedbackWith(String string) {
    // Write code here that turns the phrase above into concrete actions
    throw new io.cucumber.java.PendingException();
}
@Then("my response should be visible under the feedback question")
public void myResponseShouldBeVisibleUnderTheFeedbackQuestion() {
    // Write code here that turns the phrase above into concrete actions
    throw new io.cucumber.java.PendingException();
}

]]></error>
    <system-out><![CDATA[
Scenario: Respond to a Feedback Question                                                                                    # Features/ContentManagement.feature:33
  Given I am logged in as an admin
  And there is a feedback question "Can I do this routine with back pain?" on the fitness tip "5-Minute Stretching Routine"
  When I respond to the feedback with "Please consult a physician before attempting."
  Then my response should be visible under the feedback question
]]></system-out>
  </testcase>
  <testcase name="Rate a completed program" classname="Feedback and Reviews" time="0.031">
    <error message="The step &apos;I have completed a program&apos; and 3 other step(s) are undefined.&#10;You can implement these steps using the snippet(s) below:&#10;&#10;@Given(&quot;I have completed a program&quot;)&#10;public void iHaveCompletedAProgram() {&#10;    // Write code here that turns the phrase above into concrete actions&#10;    throw new io.cucumber.java.PendingException();&#10;}&#10;@When(&quot;I rate the program with a score of {int} stars&quot;)&#10;public void iRateTheProgramWithAScoreOfStars(Integer int1) {&#10;    // Write code here that turns the phrase above into concrete actions&#10;    throw new io.cucumber.java.PendingException();&#10;}&#10;@Then(&quot;the rating should be saved successfully&quot;)&#10;public void theRatingShouldBeSavedSuccessfully() {&#10;    // Write code here that turns the phrase above into concrete actions&#10;    throw new io.cucumber.java.PendingException();&#10;}&#10;@Then(&quot;I should be able to view my rating on the program page&quot;)&#10;public void iShouldBeAbleToViewMyRatingOnTheProgramPage() {&#10;    // Write code here that turns the phrase above into concrete actions&#10;    throw new io.cucumber.java.PendingException();&#10;}&#10;" type="io.cucumber.junit.UndefinedStepException"><![CDATA[io.cucumber.junit.UndefinedStepException: 
The step 'I have completed a program' and 3 other step(s) are undefined.
You can implement these steps using the snippet(s) below:

@Given("I have completed a program")
public void iHaveCompletedAProgram() {
    // Write code here that turns the phrase above into concrete actions
    throw new io.cucumber.java.PendingException();
}
@When("I rate the program with a score of {int} stars")
public void iRateTheProgramWithAScoreOfStars(Integer int1) {
    // Write code here that turns the phrase above into concrete actions
    throw new io.cucumber.java.PendingException();
}
@Then("the rating should be saved successfully")
public void theRatingShouldBeSavedSuccessfully() {
    // Write code here that turns the phrase above into concrete actions
    throw new io.cucumber.java.PendingException();
}
@Then("I should be able to view my rating on the program page")
public void iShouldBeAbleToViewMyRatingOnTheProgramPage() {
    // Write code here that turns the phrase above into concrete actions
    throw new io.cucumber.java.PendingException();
}

]]></error>
    <system-out><![CDATA[
@tag @tag1
Scenario: Rate a completed program                           # Features/FeedbackandReviews(client).feature:7
  Given I have completed a program
  When I rate the program with a score of 5 stars
  Then the rating should be saved successfully
  And I should be able to view my rating on the program page
]]></system-out>
  </testcase>
  <testcase name="Write a review for a completed program" classname="Feedback and Reviews" time="0.015">
    <error message="The step &apos;I have completed a program&apos; and 3 other step(s) are undefined.&#10;You can implement these steps using the snippet(s) below:&#10;&#10;@Given(&quot;I have completed a program&quot;)&#10;public void iHaveCompletedAProgram() {&#10;    // Write code here that turns the phrase above into concrete actions&#10;    throw new io.cucumber.java.PendingException();&#10;}&#10;@When(&quot;I write a review with the content {string}&quot;)&#10;public void iWriteAReviewWithTheContent(String string) {&#10;    // Write code here that turns the phrase above into concrete actions&#10;    throw new io.cucumber.java.PendingException();&#10;}&#10;@Then(&quot;the review should be saved successfully&quot;)&#10;public void theReviewShouldBeSavedSuccessfully() {&#10;    // Write code here that turns the phrase above into concrete actions&#10;    throw new io.cucumber.java.PendingException();&#10;}&#10;@Then(&quot;I should be able to view my review on the program page&quot;)&#10;public void iShouldBeAbleToViewMyReviewOnTheProgramPage() {&#10;    // Write code here that turns the phrase above into concrete actions&#10;    throw new io.cucumber.java.PendingException();&#10;}&#10;" type="io.cucumber.junit.UndefinedStepException"><![CDATA[io.cucumber.junit.UndefinedStepException: 
The step 'I have completed a program' and 3 other step(s) are undefined.
You can implement these steps using the snippet(s) below:

@Given("I have completed a program")
public void iHaveCompletedAProgram() {
    // Write code here that turns the phrase above into concrete actions
    throw new io.cucumber.java.PendingException();
}
@When("I write a review with the content {string}")
public void iWriteAReviewWithTheContent(String string) {
    // Write code here that turns the phrase above into concrete actions
    throw new io.cucumber.java.PendingException();
}
@Then("the review should be saved successfully")
public void theReviewShouldBeSavedSuccessfully() {
    // Write code here that turns the phrase above into concrete actions
    throw new io.cucumber.java.PendingException();
}
@Then("I should be able to view my review on the program page")
public void iShouldBeAbleToViewMyReviewOnTheProgramPage() {
    // Write code here that turns the phrase above into concrete actions
    throw new io.cucumber.java.PendingException();
}

]]></error>
    <system-out><![CDATA[
@tag @tag2
Scenario: Write a review for a completed program                                # Features/FeedbackandReviews(client).feature:16
  Given I have completed a program
  When I write a review with the content "Great program, helped me lose weight"
  Then the review should be saved successfully
  And I should be able to view my review on the program page
]]></system-out>
  </testcase>
  <testcase name="Submit a suggestion for improvement to an instructor" classname="Feedback and Reviews" time="0.015">
    <error message="The step &apos;I have completed a program&apos; and 3 other step(s) are undefined.&#10;You can implement these steps using the snippet(s) below:&#10;&#10;@Given(&quot;I have completed a program&quot;)&#10;public void iHaveCompletedAProgram() {&#10;    // Write code here that turns the phrase above into concrete actions&#10;    throw new io.cucumber.java.PendingException();&#10;}&#10;@When(&quot;I submit a suggestion with the content {string}&quot;)&#10;public void iSubmitASuggestionWithTheContent(String string) {&#10;    // Write code here that turns the phrase above into concrete actions&#10;    throw new io.cucumber.java.PendingException();&#10;}&#10;@Then(&quot;the suggestion should be saved successfully&quot;)&#10;public void theSuggestionShouldBeSavedSuccessfully() {&#10;    // Write code here that turns the phrase above into concrete actions&#10;    throw new io.cucumber.java.PendingException();&#10;}&#10;@Then(&quot;the instructor should be notified of my suggestion&quot;)&#10;public void theInstructorShouldBeNotifiedOfMySuggestion() {&#10;    // Write code here that turns the phrase above into concrete actions&#10;    throw new io.cucumber.java.PendingException();&#10;}&#10;" type="io.cucumber.junit.UndefinedStepException"><![CDATA[io.cucumber.junit.UndefinedStepException: 
The step 'I have completed a program' and 3 other step(s) are undefined.
You can implement these steps using the snippet(s) below:

@Given("I have completed a program")
public void iHaveCompletedAProgram() {
    // Write code here that turns the phrase above into concrete actions
    throw new io.cucumber.java.PendingException();
}
@When("I submit a suggestion with the content {string}")
public void iSubmitASuggestionWithTheContent(String string) {
    // Write code here that turns the phrase above into concrete actions
    throw new io.cucumber.java.PendingException();
}
@Then("the suggestion should be saved successfully")
public void theSuggestionShouldBeSavedSuccessfully() {
    // Write code here that turns the phrase above into concrete actions
    throw new io.cucumber.java.PendingException();
}
@Then("the instructor should be notified of my suggestion")
public void theInstructorShouldBeNotifiedOfMySuggestion() {
    // Write code here that turns the phrase above into concrete actions
    throw new io.cucumber.java.PendingException();
}

]]></error>
    <system-out><![CDATA[
@tag @tag3
Scenario: Submit a suggestion for improvement to an instructor                                      # Features/FeedbackandReviews(client).feature:25
  Given I have completed a program
  When I submit a suggestion with the content "Would love to have more flexibility in the schedule"
  Then the suggestion should be saved successfully
  And the instructor should be notified of my suggestion
]]></system-out>
  </testcase>
  <testcase name="View all ratings and reviews for a completed program" classname="Feedback and Reviews" time="0.014">
    <error message="The step &apos;I have completed a program&apos; and 2 other step(s) are undefined.&#10;You can implement these steps using the snippet(s) below:&#10;&#10;@Given(&quot;I have completed a program&quot;)&#10;public void iHaveCompletedAProgram() {&#10;    // Write code here that turns the phrase above into concrete actions&#10;    throw new io.cucumber.java.PendingException();&#10;}&#10;@When(&quot;I view the program page&quot;)&#10;public void iViewTheProgramPage() {&#10;    // Write code here that turns the phrase above into concrete actions&#10;    throw new io.cucumber.java.PendingException();&#10;}&#10;@Then(&quot;I should be able to see all ratings and reviews from other clients&quot;)&#10;public void iShouldBeAbleToSeeAllRatingsAndReviewsFromOtherClients() {&#10;    // Write code here that turns the phrase above into concrete actions&#10;    throw new io.cucumber.java.PendingException();&#10;}&#10;" type="io.cucumber.junit.UndefinedStepException"><![CDATA[io.cucumber.junit.UndefinedStepException: 
The step 'I have completed a program' and 2 other step(s) are undefined.
You can implement these steps using the snippet(s) below:

@Given("I have completed a program")
public void iHaveCompletedAProgram() {
    // Write code here that turns the phrase above into concrete actions
    throw new io.cucumber.java.PendingException();
}
@When("I view the program page")
public void iViewTheProgramPage() {
    // Write code here that turns the phrase above into concrete actions
    throw new io.cucumber.java.PendingException();
}
@Then("I should be able to see all ratings and reviews from other clients")
public void iShouldBeAbleToSeeAllRatingsAndReviewsFromOtherClients() {
    // Write code here that turns the phrase above into concrete actions
    throw new io.cucumber.java.PendingException();
}

]]></error>
    <system-out><![CDATA[
@tag @tag4
Scenario: View all ratings and reviews for a completed program            # Features/FeedbackandReviews(client).feature:34
  Given I have completed a program
  When I view the program page
  Then I should be able to see all ratings and reviews from other clients
]]></system-out>
  </testcase>
  <testcase name="Edit my review for a completed program" classname="Feedback and Reviews" time="0.021">
    <error message="The step &apos;I have completed a program&apos; and 4 other step(s) are undefined.&#10;You can implement these steps using the snippet(s) below:&#10;&#10;@Given(&quot;I have completed a program&quot;)&#10;public void iHaveCompletedAProgram() {&#10;    // Write code here that turns the phrase above into concrete actions&#10;    throw new io.cucumber.java.PendingException();&#10;}&#10;@Given(&quot;I have already written a review&quot;)&#10;public void iHaveAlreadyWrittenAReview() {&#10;    // Write code here that turns the phrase above into concrete actions&#10;    throw new io.cucumber.java.PendingException();&#10;}&#10;@When(&quot;I edit my review to change the content to {string}&quot;)&#10;public void iEditMyReviewToChangeTheContentTo(String string) {&#10;    // Write code here that turns the phrase above into concrete actions&#10;    throw new io.cucumber.java.PendingException();&#10;}&#10;@Then(&quot;my review should be updated successfully&quot;)&#10;public void myReviewShouldBeUpdatedSuccessfully() {&#10;    // Write code here that turns the phrase above into concrete actions&#10;    throw new io.cucumber.java.PendingException();&#10;}&#10;@Then(&quot;I should be able to see the updated review on the program page&quot;)&#10;public void iShouldBeAbleToSeeTheUpdatedReviewOnTheProgramPage() {&#10;    // Write code here that turns the phrase above into concrete actions&#10;    throw new io.cucumber.java.PendingException();&#10;}&#10;" type="io.cucumber.junit.UndefinedStepException"><![CDATA[io.cucumber.junit.UndefinedStepException: 
The step 'I have completed a program' and 4 other step(s) are undefined.
You can implement these steps using the snippet(s) below:

@Given("I have completed a program")
public void iHaveCompletedAProgram() {
    // Write code here that turns the phrase above into concrete actions
    throw new io.cucumber.java.PendingException();
}
@Given("I have already written a review")
public void iHaveAlreadyWrittenAReview() {
    // Write code here that turns the phrase above into concrete actions
    throw new io.cucumber.java.PendingException();
}
@When("I edit my review to change the content to {string}")
public void iEditMyReviewToChangeTheContentTo(String string) {
    // Write code here that turns the phrase above into concrete actions
    throw new io.cucumber.java.PendingException();
}
@Then("my review should be updated successfully")
public void myReviewShouldBeUpdatedSuccessfully() {
    // Write code here that turns the phrase above into concrete actions
    throw new io.cucumber.java.PendingException();
}
@Then("I should be able to see the updated review on the program page")
public void iShouldBeAbleToSeeTheUpdatedReviewOnTheProgramPage() {
    // Write code here that turns the phrase above into concrete actions
    throw new io.cucumber.java.PendingException();
}

]]></error>
    <system-out><![CDATA[
@tag @tag5
Scenario: Edit my review for a completed program                                   # Features/FeedbackandReviews(client).feature:42
  Given I have completed a program
  And I have already written a review
  When I edit my review to change the content to "Excellent program, very helpful"
  Then my review should be updated successfully
  And I should be able to see the updated review on the program page
]]></system-out>
  </testcase>
  <testcase name="Submit a negative or inappropriate rating" classname="Feedback and Reviews" time="0.017">
    <error message="The step &apos;I have completed a program&apos; and 3 other step(s) are undefined.&#10;You can implement these steps using the snippet(s) below:&#10;&#10;@Given(&quot;I have completed a program&quot;)&#10;public void iHaveCompletedAProgram() {&#10;    // Write code here that turns the phrase above into concrete actions&#10;    throw new io.cucumber.java.PendingException();&#10;}&#10;@When(&quot;I rate the program with a score of {int} star and a comment {string}&quot;)&#10;public void iRateTheProgramWithAScoreOfStarAndAComment(Integer int1, String string) {&#10;    // Write code here that turns the phrase above into concrete actions&#10;    throw new io.cucumber.java.PendingException();&#10;}&#10;@Then(&quot;the rating should be flagged for review by the system&quot;)&#10;public void theRatingShouldBeFlaggedForReviewByTheSystem() {&#10;    // Write code here that turns the phrase above into concrete actions&#10;    throw new io.cucumber.java.PendingException();&#10;}&#10;@Then(&quot;I should be notified that my rating is under review&quot;)&#10;public void iShouldBeNotifiedThatMyRatingIsUnderReview() {&#10;    // Write code here that turns the phrase above into concrete actions&#10;    throw new io.cucumber.java.PendingException();&#10;}&#10;" type="io.cucumber.junit.UndefinedStepException"><![CDATA[io.cucumber.junit.UndefinedStepException: 
The step 'I have completed a program' and 3 other step(s) are undefined.
You can implement these steps using the snippet(s) below:

@Given("I have completed a program")
public void iHaveCompletedAProgram() {
    // Write code here that turns the phrase above into concrete actions
    throw new io.cucumber.java.PendingException();
}
@When("I rate the program with a score of {int} star and a comment {string}")
public void iRateTheProgramWithAScoreOfStarAndAComment(Integer int1, String string) {
    // Write code here that turns the phrase above into concrete actions
    throw new io.cucumber.java.PendingException();
}
@Then("the rating should be flagged for review by the system")
public void theRatingShouldBeFlaggedForReviewByTheSystem() {
    // Write code here that turns the phrase above into concrete actions
    throw new io.cucumber.java.PendingException();
}
@Then("I should be notified that my rating is under review")
public void iShouldBeNotifiedThatMyRatingIsUnderReview() {
    // Write code here that turns the phrase above into concrete actions
    throw new io.cucumber.java.PendingException();
}

]]></error>
    <system-out><![CDATA[
@tag @tag6
Scenario: Submit a negative or inappropriate rating                                              # Features/FeedbackandReviews(client).feature:52
  Given I have completed a program
  When I rate the program with a score of 1 star and a comment "Terrible, didn't help me at all"
  Then the rating should be flagged for review by the system
  And I should be notified that my rating is under review
]]></system-out>
  </testcase>
  <testcase name="Write an inappropriate review" classname="Feedback and Reviews" time="0.014">
    <error message="The step &apos;I have completed a program&apos; and 3 other step(s) are undefined.&#10;You can implement these steps using the snippet(s) below:&#10;&#10;@Given(&quot;I have completed a program&quot;)&#10;public void iHaveCompletedAProgram() {&#10;    // Write code here that turns the phrase above into concrete actions&#10;    throw new io.cucumber.java.PendingException();&#10;}&#10;@When(&quot;I write a review with content {string}&quot;)&#10;public void iWriteAReviewWithContent(String string) {&#10;    // Write code here that turns the phrase above into concrete actions&#10;    throw new io.cucumber.java.PendingException();&#10;}&#10;@Then(&quot;the review should be flagged as inappropriate&quot;)&#10;public void theReviewShouldBeFlaggedAsInappropriate() {&#10;    // Write code here that turns the phrase above into concrete actions&#10;    throw new io.cucumber.java.PendingException();&#10;}&#10;@Then(&quot;I should be notified that my review has been rejected due to inappropriate content&quot;)&#10;public void iShouldBeNotifiedThatMyReviewHasBeenRejectedDueToInappropriateContent() {&#10;    // Write code here that turns the phrase above into concrete actions&#10;    throw new io.cucumber.java.PendingException();&#10;}&#10;" type="io.cucumber.junit.UndefinedStepException"><![CDATA[io.cucumber.junit.UndefinedStepException: 
The step 'I have completed a program' and 3 other step(s) are undefined.
You can implement these steps using the snippet(s) below:

@Given("I have completed a program")
public void iHaveCompletedAProgram() {
    // Write code here that turns the phrase above into concrete actions
    throw new io.cucumber.java.PendingException();
}
@When("I write a review with content {string}")
public void iWriteAReviewWithContent(String string) {
    // Write code here that turns the phrase above into concrete actions
    throw new io.cucumber.java.PendingException();
}
@Then("the review should be flagged as inappropriate")
public void theReviewShouldBeFlaggedAsInappropriate() {
    // Write code here that turns the phrase above into concrete actions
    throw new io.cucumber.java.PendingException();
}
@Then("I should be notified that my review has been rejected due to inappropriate content")
public void iShouldBeNotifiedThatMyReviewHasBeenRejectedDueToInappropriateContent() {
    // Write code here that turns the phrase above into concrete actions
    throw new io.cucumber.java.PendingException();
}

]]></error>
    <system-out><![CDATA[
@tag @tag7
Scenario: Write an inappropriate review                                                  # Features/FeedbackandReviews(client).feature:61
  Given I have completed a program
  When I write a review with content "This program was garbage!"
  Then the review should be flagged as inappropriate
  And I should be notified that my review has been rejected due to inappropriate content
]]></system-out>
  </testcase>
  <testcase name="Submit a duplicate review or rating" classname="Feedback and Reviews" time="0.013">
    <error message="The step &apos;I have already rated a program with 5 stars&apos; and 3 other step(s) are undefined.&#10;You can implement these steps using the snippet(s) below:&#10;&#10;@Given(&quot;I have already rated a program with {int} stars&quot;)&#10;public void iHaveAlreadyRatedAProgramWithStars(Integer int1) {&#10;    // Write code here that turns the phrase above into concrete actions&#10;    throw new io.cucumber.java.PendingException();&#10;}&#10;@When(&quot;I try to submit the same {int}-star rating again&quot;)&#10;public void iTryToSubmitTheSameStarRatingAgain(Integer int1) {&#10;    // Write code here that turns the phrase above into concrete actions&#10;    throw new io.cucumber.java.PendingException();&#10;}&#10;@Then(&quot;I should be informed that I have already rated this program&quot;)&#10;public void iShouldBeInformedThatIHaveAlreadyRatedThisProgram() {&#10;    // Write code here that turns the phrase above into concrete actions&#10;    throw new io.cucumber.java.PendingException();&#10;}&#10;@Then(&quot;the system should not allow the duplicate rating or review&quot;)&#10;public void theSystemShouldNotAllowTheDuplicateRatingOrReview() {&#10;    // Write code here that turns the phrase above into concrete actions&#10;    throw new io.cucumber.java.PendingException();&#10;}&#10;" type="io.cucumber.junit.UndefinedStepException"><![CDATA[io.cucumber.junit.UndefinedStepException: 
The step 'I have already rated a program with 5 stars' and 3 other step(s) are undefined.
You can implement these steps using the snippet(s) below:

@Given("I have already rated a program with {int} stars")
public void iHaveAlreadyRatedAProgramWithStars(Integer int1) {
    // Write code here that turns the phrase above into concrete actions
    throw new io.cucumber.java.PendingException();
}
@When("I try to submit the same {int}-star rating again")
public void iTryToSubmitTheSameStarRatingAgain(Integer int1) {
    // Write code here that turns the phrase above into concrete actions
    throw new io.cucumber.java.PendingException();
}
@Then("I should be informed that I have already rated this program")
public void iShouldBeInformedThatIHaveAlreadyRatedThisProgram() {
    // Write code here that turns the phrase above into concrete actions
    throw new io.cucumber.java.PendingException();
}
@Then("the system should not allow the duplicate rating or review")
public void theSystemShouldNotAllowTheDuplicateRatingOrReview() {
    // Write code here that turns the phrase above into concrete actions
    throw new io.cucumber.java.PendingException();
}

]]></error>
    <system-out><![CDATA[
@tag @tag8
Scenario: Submit a duplicate review or rating                      # Features/FeedbackandReviews(client).feature:69
  Given I have already rated a program with 5 stars
  When I try to submit the same 5-star rating again
  Then I should be informed that I have already rated this program
  And the system should not allow the duplicate rating or review
]]></system-out>
  </testcase>
  <testcase name="Submit an incomplete or vague review" classname="Feedback and Reviews" time="0.011">
    <error message="The step &apos;I have completed a program&apos; and 3 other step(s) are undefined.&#10;You can implement these steps using the snippet(s) below:&#10;&#10;@Given(&quot;I have completed a program&quot;)&#10;public void iHaveCompletedAProgram() {&#10;    // Write code here that turns the phrase above into concrete actions&#10;    throw new io.cucumber.java.PendingException();&#10;}&#10;@When(&quot;I submit a review with the content {string}&quot;)&#10;public void iSubmitAReviewWithTheContent(String string) {&#10;    // Write code here that turns the phrase above into concrete actions&#10;    throw new io.cucumber.java.PendingException();&#10;}&#10;@Then(&quot;the system should prompt me to provide more details if the review is too vague&quot;)&#10;public void theSystemShouldPromptMeToProvideMoreDetailsIfTheReviewIsTooVague() {&#10;    // Write code here that turns the phrase above into concrete actions&#10;    throw new io.cucumber.java.PendingException();&#10;}&#10;@Then(&quot;the review should not be saved until I provide a more detailed review&quot;)&#10;public void theReviewShouldNotBeSavedUntilIProvideAMoreDetailedReview() {&#10;    // Write code here that turns the phrase above into concrete actions&#10;    throw new io.cucumber.java.PendingException();&#10;}&#10;" type="io.cucumber.junit.UndefinedStepException"><![CDATA[io.cucumber.junit.UndefinedStepException: 
The step 'I have completed a program' and 3 other step(s) are undefined.
You can implement these steps using the snippet(s) below:

@Given("I have completed a program")
public void iHaveCompletedAProgram() {
    // Write code here that turns the phrase above into concrete actions
    throw new io.cucumber.java.PendingException();
}
@When("I submit a review with the content {string}")
public void iSubmitAReviewWithTheContent(String string) {
    // Write code here that turns the phrase above into concrete actions
    throw new io.cucumber.java.PendingException();
}
@Then("the system should prompt me to provide more details if the review is too vague")
public void theSystemShouldPromptMeToProvideMoreDetailsIfTheReviewIsTooVague() {
    // Write code here that turns the phrase above into concrete actions
    throw new io.cucumber.java.PendingException();
}
@Then("the review should not be saved until I provide a more detailed review")
public void theReviewShouldNotBeSavedUntilIProvideAMoreDetailedReview() {
    // Write code here that turns the phrase above into concrete actions
    throw new io.cucumber.java.PendingException();
}

]]></error>
    <system-out><![CDATA[
@tag @tag9
Scenario: Submit an incomplete or vague review                                        # Features/FeedbackandReviews(client).feature:78
  Given I have completed a program
  When I submit a review with the content "Good program"
  Then the system should prompt me to provide more details if the review is too vague
  And the review should not be saved until I provide a more detailed review
]]></system-out>
  </testcase>
  <testcase name="Admin review of ratings and reviews before publishing" classname="Feedback and Reviews" time="0.013">
    <error message="The step &apos;I have submitted a rating and review for a program&apos; and 3 other step(s) are undefined.&#10;You can implement these steps using the snippet(s) below:&#10;&#10;@Given(&quot;I have submitted a rating and review for a program&quot;)&#10;public void iHaveSubmittedARatingAndReviewForAProgram() {&#10;    // Write code here that turns the phrase above into concrete actions&#10;    throw new io.cucumber.java.PendingException();&#10;}&#10;@When(&quot;the admin reviews my rating and review&quot;)&#10;public void theAdminReviewsMyRatingAndReview() {&#10;    // Write code here that turns the phrase above into concrete actions&#10;    throw new io.cucumber.java.PendingException();&#10;}&#10;@Then(&quot;the admin should approve or reject the review based on guidelines&quot;)&#10;public void theAdminShouldApproveOrRejectTheReviewBasedOnGuidelines() {&#10;    // Write code here that turns the phrase above into concrete actions&#10;    throw new io.cucumber.java.PendingException();&#10;}&#10;@Then(&quot;I should be notified if my review is published or rejected&quot;)&#10;public void iShouldBeNotifiedIfMyReviewIsPublishedOrRejected() {&#10;    // Write code here that turns the phrase above into concrete actions&#10;    throw new io.cucumber.java.PendingException();&#10;}&#10;" type="io.cucumber.junit.UndefinedStepException"><![CDATA[io.cucumber.junit.UndefinedStepException: 
The step 'I have submitted a rating and review for a program' and 3 other step(s) are undefined.
You can implement these steps using the snippet(s) below:

@Given("I have submitted a rating and review for a program")
public void iHaveSubmittedARatingAndReviewForAProgram() {
    // Write code here that turns the phrase above into concrete actions
    throw new io.cucumber.java.PendingException();
}
@When("the admin reviews my rating and review")
public void theAdminReviewsMyRatingAndReview() {
    // Write code here that turns the phrase above into concrete actions
    throw new io.cucumber.java.PendingException();
}
@Then("the admin should approve or reject the review based on guidelines")
public void theAdminShouldApproveOrRejectTheReviewBasedOnGuidelines() {
    // Write code here that turns the phrase above into concrete actions
    throw new io.cucumber.java.PendingException();
}
@Then("I should be notified if my review is published or rejected")
public void iShouldBeNotifiedIfMyReviewIsPublishedOrRejected() {
    // Write code here that turns the phrase above into concrete actions
    throw new io.cucumber.java.PendingException();
}

]]></error>
    <system-out><![CDATA[
@tag @tag10
Scenario: Admin review of ratings and reviews before publishing          # Features/FeedbackandReviews(client).feature:87
  Given I have submitted a rating and review for a program
  When the admin reviews my rating and review
  Then the admin should approve or reject the review based on guidelines
  And I should be notified if my review is published or rejected
]]></system-out>
  </testcase>
  <testcase name="View user activity summary" classname="Monitor user activity and engagement statistics" time="0.031">
    <error message="The step &apos;I am logged in as an admin&apos; and 2 other step(s) are undefined.&#10;You can implement these steps using the snippet(s) below:&#10;&#10;@Given(&quot;I am logged in as an admin&quot;)&#10;public void iAmLoggedInAsAnAdmin() {&#10;    // Write code here that turns the phrase above into concrete actions&#10;    throw new io.cucumber.java.PendingException();&#10;}&#10;@When(&quot;I navigate to the {string}&quot;)&#10;public void iNavigateToThe(String string) {&#10;    // Write code here that turns the phrase above into concrete actions&#10;    throw new io.cucumber.java.PendingException();&#10;}&#10;@Then(&quot;I should see a summary of user activity&quot;)&#10;public void iShouldSeeASummaryOfUserActivity(io.cucumber.datatable.DataTable dataTable) {&#10;    // Write code here that turns the phrase above into concrete actions&#10;    // For automatic transformation, change DataTable to one of&#10;    // E, List&lt;E&gt;, List&lt;List&lt;E&gt;&gt;, List&lt;Map&lt;K,V&gt;&gt;, Map&lt;K,V&gt; or&#10;    // Map&lt;K, List&lt;V&gt;&gt;. E,K,V must be a String, Integer, Float,&#10;    // Double, Byte, Short, Long, BigInteger or BigDecimal.&#10;    //&#10;    // For other transformations you can register a DataTableType.&#10;    throw new io.cucumber.java.PendingException();&#10;}&#10;" type="io.cucumber.junit.UndefinedStepException"><![CDATA[io.cucumber.junit.UndefinedStepException: 
The step 'I am logged in as an admin' and 2 other step(s) are undefined.
You can implement these steps using the snippet(s) below:

@Given("I am logged in as an admin")
public void iAmLoggedInAsAnAdmin() {
    // Write code here that turns the phrase above into concrete actions
    throw new io.cucumber.java.PendingException();
}
@When("I navigate to the {string}")
public void iNavigateToThe(String string) {
    // Write code here that turns the phrase above into concrete actions
    throw new io.cucumber.java.PendingException();
}
@Then("I should see a summary of user activity")
public void iShouldSeeASummaryOfUserActivity(io.cucumber.datatable.DataTable dataTable) {
    // Write code here that turns the phrase above into concrete actions
    // For automatic transformation, change DataTable to one of
    // E, List<E>, List<List<E>>, List<Map<K,V>>, Map<K,V> or
    // Map<K, List<V>>. E,K,V must be a String, Integer, Float,
    // Double, Byte, Short, Long, BigInteger or BigDecimal.
    //
    // For other transformations you can register a DataTableType.
    throw new io.cucumber.java.PendingException();
}

]]></error>
    <system-out><![CDATA[
@tag @tage1
Scenario: View user activity summary               # Features/MonitorUserMangment.feature:11
  Given I am logged in as an admin
  When I navigate to the "User Activity Dashboard"
  Then I should see a summary of user activity
    | Metric                | Value             |
    | Total Users           | <total_users>     |
    | Active Users Today    | <active_today>    |
    | Total Engagement Time | <engagement_time> |
]]></system-out>
  </testcase>
  <testcase name="Filter user activity by date range" classname="Monitor user activity and engagement statistics" time="0.016">
    <error message="The step &apos;I am logged in as an admin&apos; and 4 other step(s) are undefined.&#10;You can implement these steps using the snippet(s) below:&#10;&#10;@Given(&quot;I am logged in as an admin&quot;)&#10;public void iAmLoggedInAsAnAdmin() {&#10;    // Write code here that turns the phrase above into concrete actions&#10;    throw new io.cucumber.java.PendingException();&#10;}&#10;@Given(&quot;I am on the {string}&quot;)&#10;public void iAmOnThe(String string) {&#10;    // Write code here that turns the phrase above into concrete actions&#10;    throw new io.cucumber.java.PendingException();&#10;}&#10;@When(&quot;I select a date range from {string} to {string}&quot;)&#10;public void iSelectADateRangeFromTo(String string, String string2) {&#10;    // Write code here that turns the phrase above into concrete actions&#10;    throw new io.cucumber.java.PendingException();&#10;}&#10;@When(&quot;I click {string}&quot;)&#10;public void iClick(String string) {&#10;    // Write code here that turns the phrase above into concrete actions&#10;    throw new io.cucumber.java.PendingException();&#10;}&#10;@Then(&quot;I should see the activity statistics for the selected date range&quot;)&#10;public void iShouldSeeTheActivityStatisticsForTheSelectedDateRange(io.cucumber.datatable.DataTable dataTable) {&#10;    // Write code here that turns the phrase above into concrete actions&#10;    // For automatic transformation, change DataTable to one of&#10;    // E, List&lt;E&gt;, List&lt;List&lt;E&gt;&gt;, List&lt;Map&lt;K,V&gt;&gt;, Map&lt;K,V&gt; or&#10;    // Map&lt;K, List&lt;V&gt;&gt;. E,K,V must be a String, Integer, Float,&#10;    // Double, Byte, Short, Long, BigInteger or BigDecimal.&#10;    //&#10;    // For other transformations you can register a DataTableType.&#10;    throw new io.cucumber.java.PendingException();&#10;}&#10;" type="io.cucumber.junit.UndefinedStepException"><![CDATA[io.cucumber.junit.UndefinedStepException: 
The step 'I am logged in as an admin' and 4 other step(s) are undefined.
You can implement these steps using the snippet(s) below:

@Given("I am logged in as an admin")
public void iAmLoggedInAsAnAdmin() {
    // Write code here that turns the phrase above into concrete actions
    throw new io.cucumber.java.PendingException();
}
@Given("I am on the {string}")
public void iAmOnThe(String string) {
    // Write code here that turns the phrase above into concrete actions
    throw new io.cucumber.java.PendingException();
}
@When("I select a date range from {string} to {string}")
public void iSelectADateRangeFromTo(String string, String string2) {
    // Write code here that turns the phrase above into concrete actions
    throw new io.cucumber.java.PendingException();
}
@When("I click {string}")
public void iClick(String string) {
    // Write code here that turns the phrase above into concrete actions
    throw new io.cucumber.java.PendingException();
}
@Then("I should see the activity statistics for the selected date range")
public void iShouldSeeTheActivityStatisticsForTheSelectedDateRange(io.cucumber.datatable.DataTable dataTable) {
    // Write code here that turns the phrase above into concrete actions
    // For automatic transformation, change DataTable to one of
    // E, List<E>, List<List<E>>, List<Map<K,V>>, Map<K,V> or
    // Map<K, List<V>>. E,K,V must be a String, Integer, Float,
    // Double, Byte, Short, Long, BigInteger or BigDecimal.
    //
    // For other transformations you can register a DataTableType.
    throw new io.cucumber.java.PendingException();
}

]]></error>
    <system-out><![CDATA[
@tag @tag2
Scenario: Filter user activity by date range                            # Features/MonitorUserMangment.feature:19
  Given I am logged in as an admin
  Given I am on the "User Activity Dashboard"
  When I select a date range from "<start_date>" to "<end_date>"
  And I click "Filter"
  Then I should see the activity statistics for the selected date range
    | Metric             | Value                   |
    | Active Users       | <filtered_active_users> |
    | Average Engagement | <filtered_engagement>   |
]]></system-out>
  </testcase>
  <testcase name="Search for user activity by user ID" classname="Monitor user activity and engagement statistics" time="0.026">
    <error message="The step &apos;I am logged in as an admin&apos; and 4 other step(s) are undefined.&#10;You can implement these steps using the snippet(s) below:&#10;&#10;@Given(&quot;I am logged in as an admin&quot;)&#10;public void iAmLoggedInAsAnAdmin() {&#10;    // Write code here that turns the phrase above into concrete actions&#10;    throw new io.cucumber.java.PendingException();&#10;}&#10;@Given(&quot;I am on the {string}&quot;)&#10;public void iAmOnThe(String string) {&#10;    // Write code here that turns the phrase above into concrete actions&#10;    throw new io.cucumber.java.PendingException();&#10;}&#10;@When(&quot;I enter a user ID into the {string} field&quot;)&#10;public void iEnterAUserIDIntoTheField(String string) {&#10;    // Write code here that turns the phrase above into concrete actions&#10;    throw new io.cucumber.java.PendingException();&#10;}&#10;@When(&quot;I click {string}&quot;)&#10;public void iClick(String string) {&#10;    // Write code here that turns the phrase above into concrete actions&#10;    throw new io.cucumber.java.PendingException();&#10;}&#10;@Then(&quot;I should see the activity details for the selected user&quot;)&#10;public void iShouldSeeTheActivityDetailsForTheSelectedUser(io.cucumber.datatable.DataTable dataTable) {&#10;    // Write code here that turns the phrase above into concrete actions&#10;    // For automatic transformation, change DataTable to one of&#10;    // E, List&lt;E&gt;, List&lt;List&lt;E&gt;&gt;, List&lt;Map&lt;K,V&gt;&gt;, Map&lt;K,V&gt; or&#10;    // Map&lt;K, List&lt;V&gt;&gt;. E,K,V must be a String, Integer, Float,&#10;    // Double, Byte, Short, Long, BigInteger or BigDecimal.&#10;    //&#10;    // For other transformations you can register a DataTableType.&#10;    throw new io.cucumber.java.PendingException();&#10;}&#10;" type="io.cucumber.junit.UndefinedStepException"><![CDATA[io.cucumber.junit.UndefinedStepException: 
The step 'I am logged in as an admin' and 4 other step(s) are undefined.
You can implement these steps using the snippet(s) below:

@Given("I am logged in as an admin")
public void iAmLoggedInAsAnAdmin() {
    // Write code here that turns the phrase above into concrete actions
    throw new io.cucumber.java.PendingException();
}
@Given("I am on the {string}")
public void iAmOnThe(String string) {
    // Write code here that turns the phrase above into concrete actions
    throw new io.cucumber.java.PendingException();
}
@When("I enter a user ID into the {string} field")
public void iEnterAUserIDIntoTheField(String string) {
    // Write code here that turns the phrase above into concrete actions
    throw new io.cucumber.java.PendingException();
}
@When("I click {string}")
public void iClick(String string) {
    // Write code here that turns the phrase above into concrete actions
    throw new io.cucumber.java.PendingException();
}
@Then("I should see the activity details for the selected user")
public void iShouldSeeTheActivityDetailsForTheSelectedUser(io.cucumber.datatable.DataTable dataTable) {
    // Write code here that turns the phrase above into concrete actions
    // For automatic transformation, change DataTable to one of
    // E, List<E>, List<List<E>>, List<Map<K,V>>, Map<K,V> or
    // Map<K, List<V>>. E,K,V must be a String, Integer, Float,
    // Double, Byte, Short, Long, BigInteger or BigDecimal.
    //
    // For other transformations you can register a DataTableType.
    throw new io.cucumber.java.PendingException();
}

]]></error>
    <system-out><![CDATA[
@tag @tag3
Scenario: Search for user activity by user ID                  # Features/MonitorUserMangment.feature:28
  Given I am logged in as an admin
  Given I am on the "User Activity Dashboard"
  When I enter a user ID into the "Search by User ID" field
  And I click "Search"
  Then I should see the activity details for the selected user
    | Metric               | Value          |
    | Total Logins         | <user_logins>  |
    | Average Session Time | <user_session> |
    | Last Active Date     | <last_active>  |
]]></system-out>
  </testcase>
  <testcase name="Search for user activity by user name" classname="Monitor user activity and engagement statistics" time="0.019">
    <error message="The step &apos;I am logged in as an admin&apos; and 4 other step(s) are undefined.&#10;You can implement these steps using the snippet(s) below:&#10;&#10;@Given(&quot;I am logged in as an admin&quot;)&#10;public void iAmLoggedInAsAnAdmin() {&#10;    // Write code here that turns the phrase above into concrete actions&#10;    throw new io.cucumber.java.PendingException();&#10;}&#10;@Given(&quot;I am on the {string}&quot;)&#10;public void iAmOnThe(String string) {&#10;    // Write code here that turns the phrase above into concrete actions&#10;    throw new io.cucumber.java.PendingException();&#10;}&#10;@When(&quot;I enter a user name into the {string} field&quot;)&#10;public void iEnterAUserNameIntoTheField(String string) {&#10;    // Write code here that turns the phrase above into concrete actions&#10;    throw new io.cucumber.java.PendingException();&#10;}&#10;@When(&quot;I click {string}&quot;)&#10;public void iClick(String string) {&#10;    // Write code here that turns the phrase above into concrete actions&#10;    throw new io.cucumber.java.PendingException();&#10;}&#10;@Then(&quot;I should see the activity details for the selected user&quot;)&#10;public void iShouldSeeTheActivityDetailsForTheSelectedUser(io.cucumber.datatable.DataTable dataTable) {&#10;    // Write code here that turns the phrase above into concrete actions&#10;    // For automatic transformation, change DataTable to one of&#10;    // E, List&lt;E&gt;, List&lt;List&lt;E&gt;&gt;, List&lt;Map&lt;K,V&gt;&gt;, Map&lt;K,V&gt; or&#10;    // Map&lt;K, List&lt;V&gt;&gt;. E,K,V must be a String, Integer, Float,&#10;    // Double, Byte, Short, Long, BigInteger or BigDecimal.&#10;    //&#10;    // For other transformations you can register a DataTableType.&#10;    throw new io.cucumber.java.PendingException();&#10;}&#10;" type="io.cucumber.junit.UndefinedStepException"><![CDATA[io.cucumber.junit.UndefinedStepException: 
The step 'I am logged in as an admin' and 4 other step(s) are undefined.
You can implement these steps using the snippet(s) below:

@Given("I am logged in as an admin")
public void iAmLoggedInAsAnAdmin() {
    // Write code here that turns the phrase above into concrete actions
    throw new io.cucumber.java.PendingException();
}
@Given("I am on the {string}")
public void iAmOnThe(String string) {
    // Write code here that turns the phrase above into concrete actions
    throw new io.cucumber.java.PendingException();
}
@When("I enter a user name into the {string} field")
public void iEnterAUserNameIntoTheField(String string) {
    // Write code here that turns the phrase above into concrete actions
    throw new io.cucumber.java.PendingException();
}
@When("I click {string}")
public void iClick(String string) {
    // Write code here that turns the phrase above into concrete actions
    throw new io.cucumber.java.PendingException();
}
@Then("I should see the activity details for the selected user")
public void iShouldSeeTheActivityDetailsForTheSelectedUser(io.cucumber.datatable.DataTable dataTable) {
    // Write code here that turns the phrase above into concrete actions
    // For automatic transformation, change DataTable to one of
    // E, List<E>, List<List<E>>, List<Map<K,V>>, Map<K,V> or
    // Map<K, List<V>>. E,K,V must be a String, Integer, Float,
    // Double, Byte, Short, Long, BigInteger or BigDecimal.
    //
    // For other transformations you can register a DataTableType.
    throw new io.cucumber.java.PendingException();
}

]]></error>
    <system-out><![CDATA[
@tag @tag4
Scenario: Search for user activity by user name                # Features/MonitorUserMangment.feature:38
  Given I am logged in as an admin
  Given I am on the "User Activity Dashboard"
  When I enter a user name into the "Search by Name" field
  And I click "Search"
  Then I should see the activity details for the selected user
    | Metric               | Value          |
    | Total Logins         | <user_logins>  |
    | Average Session Time | <user_session> |
    | Last Active Date     | <last_active>  |
]]></system-out>
  </testcase>
  <testcase name="Export user activity report" classname="Monitor user activity and engagement statistics" time="0.013">
    <error message="The step &apos;I am logged in as an admin&apos; and 4 other step(s) are undefined.&#10;You can implement these steps using the snippet(s) below:&#10;&#10;@Given(&quot;I am logged in as an admin&quot;)&#10;public void iAmLoggedInAsAnAdmin() {&#10;    // Write code here that turns the phrase above into concrete actions&#10;    throw new io.cucumber.java.PendingException();&#10;}&#10;@Given(&quot;I am on the {string}&quot;)&#10;public void iAmOnThe(String string) {&#10;    // Write code here that turns the phrase above into concrete actions&#10;    throw new io.cucumber.java.PendingException();&#10;}&#10;@When(&quot;I click {string}&quot;)&#10;public void iClick(String string) {&#10;    // Write code here that turns the phrase above into concrete actions&#10;    throw new io.cucumber.java.PendingException();&#10;}&#10;@Then(&quot;a downloadable report should be generated&quot;)&#10;public void aDownloadableReportShouldBeGenerated() {&#10;    // Write code here that turns the phrase above into concrete actions&#10;    throw new io.cucumber.java.PendingException();&#10;}&#10;@Then(&quot;the file name should include the current date in the format {string}&quot;)&#10;public void theFileNameShouldIncludeTheCurrentDateInTheFormat(String string) {&#10;    // Write code here that turns the phrase above into concrete actions&#10;    throw new io.cucumber.java.PendingException();&#10;}&#10;" type="io.cucumber.junit.UndefinedStepException"><![CDATA[io.cucumber.junit.UndefinedStepException: 
The step 'I am logged in as an admin' and 4 other step(s) are undefined.
You can implement these steps using the snippet(s) below:

@Given("I am logged in as an admin")
public void iAmLoggedInAsAnAdmin() {
    // Write code here that turns the phrase above into concrete actions
    throw new io.cucumber.java.PendingException();
}
@Given("I am on the {string}")
public void iAmOnThe(String string) {
    // Write code here that turns the phrase above into concrete actions
    throw new io.cucumber.java.PendingException();
}
@When("I click {string}")
public void iClick(String string) {
    // Write code here that turns the phrase above into concrete actions
    throw new io.cucumber.java.PendingException();
}
@Then("a downloadable report should be generated")
public void aDownloadableReportShouldBeGenerated() {
    // Write code here that turns the phrase above into concrete actions
    throw new io.cucumber.java.PendingException();
}
@Then("the file name should include the current date in the format {string}")
public void theFileNameShouldIncludeTheCurrentDateInTheFormat(String string) {
    // Write code here that turns the phrase above into concrete actions
    throw new io.cucumber.java.PendingException();
}

]]></error>
    <system-out><![CDATA[
@tag @tag4
Scenario: Export user activity report                                                                     # Features/MonitorUserMangment.feature:48
  Given I am logged in as an admin
  Given I am on the "User Activity Dashboard"
  When I click "Export Report"
  Then a downloadable report should be generated
  And the file name should include the current date in the format "User_Activity_Report_<yyyy-MM-dd>.csv"
]]></system-out>
  </testcase>
  <testcase name="Browse programs by difficulty level" classname="Program Exploration and Enrollment" time="0.016">
    <error message="The step &apos;I am logged in as a Client&apos; and 2 other step(s) are undefined.&#10;You can implement these steps using the snippet(s) below:&#10;&#10;@Given(&quot;I am logged in as a Client&quot;)&#10;public void iAmLoggedInAsAClient() {&#10;    // Write code here that turns the phrase above into concrete actions&#10;    throw new io.cucumber.java.PendingException();&#10;}&#10;@When(&quot;I browse the programs and filter by difficulty level {string}&quot;)&#10;public void iBrowseTheProgramsAndFilterByDifficultyLevel(String string) {&#10;    // Write code here that turns the phrase above into concrete actions&#10;    throw new io.cucumber.java.PendingException();&#10;}&#10;@Then(&quot;I should see a list of programs with difficulty level {string}&quot;)&#10;public void iShouldSeeAListOfProgramsWithDifficultyLevel(String string) {&#10;    // Write code here that turns the phrase above into concrete actions&#10;    throw new io.cucumber.java.PendingException();&#10;}&#10;" type="io.cucumber.junit.UndefinedStepException"><![CDATA[io.cucumber.junit.UndefinedStepException: 
The step 'I am logged in as a Client' and 2 other step(s) are undefined.
You can implement these steps using the snippet(s) below:

@Given("I am logged in as a Client")
public void iAmLoggedInAsAClient() {
    // Write code here that turns the phrase above into concrete actions
    throw new io.cucumber.java.PendingException();
}
@When("I browse the programs and filter by difficulty level {string}")
public void iBrowseTheProgramsAndFilterByDifficultyLevel(String string) {
    // Write code here that turns the phrase above into concrete actions
    throw new io.cucumber.java.PendingException();
}
@Then("I should see a list of programs with difficulty level {string}")
public void iShouldSeeAListOfProgramsWithDifficultyLevel(String string) {
    // Write code here that turns the phrase above into concrete actions
    throw new io.cucumber.java.PendingException();
}

]]></error>
    <system-out><![CDATA[
@tag @tag1
Scenario: Browse programs by difficulty level                           # Features/Program ExplorationandEnrollment.feature:8
  Given I am logged in as a Client
  When I browse the programs and filter by difficulty level "Beginner"
  Then I should see a list of programs with difficulty level "Beginner"
]]></system-out>
  </testcase>
  <testcase name="Browse programs by focus area" classname="Program Exploration and Enrollment" time="0.011">
    <error message="The step &apos;I am logged in as a Client&apos; and 2 other step(s) are undefined.&#10;You can implement these steps using the snippet(s) below:&#10;&#10;@Given(&quot;I am logged in as a Client&quot;)&#10;public void iAmLoggedInAsAClient() {&#10;    // Write code here that turns the phrase above into concrete actions&#10;    throw new io.cucumber.java.PendingException();&#10;}&#10;@When(&quot;I browse the programs and filter by focus area {string}&quot;)&#10;public void iBrowseTheProgramsAndFilterByFocusArea(String string) {&#10;    // Write code here that turns the phrase above into concrete actions&#10;    throw new io.cucumber.java.PendingException();&#10;}&#10;@Then(&quot;I should see a list of programs with focus area {string}&quot;)&#10;public void iShouldSeeAListOfProgramsWithFocusArea(String string) {&#10;    // Write code here that turns the phrase above into concrete actions&#10;    throw new io.cucumber.java.PendingException();&#10;}&#10;" type="io.cucumber.junit.UndefinedStepException"><![CDATA[io.cucumber.junit.UndefinedStepException: 
The step 'I am logged in as a Client' and 2 other step(s) are undefined.
You can implement these steps using the snippet(s) below:

@Given("I am logged in as a Client")
public void iAmLoggedInAsAClient() {
    // Write code here that turns the phrase above into concrete actions
    throw new io.cucumber.java.PendingException();
}
@When("I browse the programs and filter by focus area {string}")
public void iBrowseTheProgramsAndFilterByFocusArea(String string) {
    // Write code here that turns the phrase above into concrete actions
    throw new io.cucumber.java.PendingException();
}
@Then("I should see a list of programs with focus area {string}")
public void iShouldSeeAListOfProgramsWithFocusArea(String string) {
    // Write code here that turns the phrase above into concrete actions
    throw new io.cucumber.java.PendingException();
}

]]></error>
    <system-out><![CDATA[
@tag @tag2
Scenario: Browse programs by focus area                              # Features/Program ExplorationandEnrollment.feature:16
  Given I am logged in as a Client
  When I browse the programs and filter by focus area "Weight Loss"
  Then I should see a list of programs with focus area "Weight Loss"
]]></system-out>
  </testcase>
  <testcase name="Browse programs by multiple filters (difficulty level and focus area)" classname="Program Exploration and Enrollment" time="0.014">
    <error message="The step &apos;I am logged in as a Client&apos; and 2 other step(s) are undefined.&#10;You can implement these steps using the snippet(s) below:&#10;&#10;@Given(&quot;I am logged in as a Client&quot;)&#10;public void iAmLoggedInAsAClient() {&#10;    // Write code here that turns the phrase above into concrete actions&#10;    throw new io.cucumber.java.PendingException();&#10;}&#10;@When(&quot;I browse the programs and filter by difficulty level {string} and focus area {string}&quot;)&#10;public void iBrowseTheProgramsAndFilterByDifficultyLevelAndFocusArea(String string, String string2) {&#10;    // Write code here that turns the phrase above into concrete actions&#10;    throw new io.cucumber.java.PendingException();&#10;}&#10;@Then(&quot;I should see a list of programs with difficulty level {string} and focus area {string}&quot;)&#10;public void iShouldSeeAListOfProgramsWithDifficultyLevelAndFocusArea(String string, String string2) {&#10;    // Write code here that turns the phrase above into concrete actions&#10;    throw new io.cucumber.java.PendingException();&#10;}&#10;" type="io.cucumber.junit.UndefinedStepException"><![CDATA[io.cucumber.junit.UndefinedStepException: 
The step 'I am logged in as a Client' and 2 other step(s) are undefined.
You can implement these steps using the snippet(s) below:

@Given("I am logged in as a Client")
public void iAmLoggedInAsAClient() {
    // Write code here that turns the phrase above into concrete actions
    throw new io.cucumber.java.PendingException();
}
@When("I browse the programs and filter by difficulty level {string} and focus area {string}")
public void iBrowseTheProgramsAndFilterByDifficultyLevelAndFocusArea(String string, String string2) {
    // Write code here that turns the phrase above into concrete actions
    throw new io.cucumber.java.PendingException();
}
@Then("I should see a list of programs with difficulty level {string} and focus area {string}")
public void iShouldSeeAListOfProgramsWithDifficultyLevelAndFocusArea(String string, String string2) {
    // Write code here that turns the phrase above into concrete actions
    throw new io.cucumber.java.PendingException();
}

]]></error>
    <system-out><![CDATA[
@tag @tag3
Scenario: Browse programs by multiple filters (difficulty level and focus area)                              # Features/Program ExplorationandEnrollment.feature:24
  Given I am logged in as a Client
  When I browse the programs and filter by difficulty level "Intermediate" and focus area "Muscle Building"
  Then I should see a list of programs with difficulty level "Intermediate" and focus area "Muscle Building"
]]></system-out>
  </testcase>
  <testcase name="Enroll in a program" classname="Program Exploration and Enrollment" time="0.011">
    <error message="The step &apos;I am logged in as a Client&apos; and 3 other step(s) are undefined.&#10;You can implement these steps using the snippet(s) below:&#10;&#10;@Given(&quot;I am logged in as a Client&quot;)&#10;public void iAmLoggedInAsAClient() {&#10;    // Write code here that turns the phrase above into concrete actions&#10;    throw new io.cucumber.java.PendingException();&#10;}&#10;@When(&quot;I select a program with difficulty level {string} and focus area {string}&quot;)&#10;public void iSelectAProgramWithDifficultyLevelAndFocusArea(String string, String string2) {&#10;    // Write code here that turns the phrase above into concrete actions&#10;    throw new io.cucumber.java.PendingException();&#10;}&#10;@When(&quot;I click on {string}&quot;)&#10;public void iClickOn(String string) {&#10;    // Write code here that turns the phrase above into concrete actions&#10;    throw new io.cucumber.java.PendingException();&#10;}&#10;@Then(&quot;I should be successfully enrolled in the selected program&quot;)&#10;public void iShouldBeSuccessfullyEnrolledInTheSelectedProgram() {&#10;    // Write code here that turns the phrase above into concrete actions&#10;    throw new io.cucumber.java.PendingException();&#10;}&#10;" type="io.cucumber.junit.UndefinedStepException"><![CDATA[io.cucumber.junit.UndefinedStepException: 
The step 'I am logged in as a Client' and 3 other step(s) are undefined.
You can implement these steps using the snippet(s) below:

@Given("I am logged in as a Client")
public void iAmLoggedInAsAClient() {
    // Write code here that turns the phrase above into concrete actions
    throw new io.cucumber.java.PendingException();
}
@When("I select a program with difficulty level {string} and focus area {string}")
public void iSelectAProgramWithDifficultyLevelAndFocusArea(String string, String string2) {
    // Write code here that turns the phrase above into concrete actions
    throw new io.cucumber.java.PendingException();
}
@When("I click on {string}")
public void iClickOn(String string) {
    // Write code here that turns the phrase above into concrete actions
    throw new io.cucumber.java.PendingException();
}
@Then("I should be successfully enrolled in the selected program")
public void iShouldBeSuccessfullyEnrolledInTheSelectedProgram() {
    // Write code here that turns the phrase above into concrete actions
    throw new io.cucumber.java.PendingException();
}

]]></error>
    <system-out><![CDATA[
@tag @tag4
Scenario: Enroll in a program                                                           # Features/Program ExplorationandEnrollment.feature:32
  Given I am logged in as a Client
  When I select a program with difficulty level "Advanced" and focus area "Flexibility"
  And I click on "Enroll"
  Then I should be successfully enrolled in the selected program
]]></system-out>
  </testcase>
  <testcase name="View schedule of an enrolled program" classname="Program Exploration and Enrollment" time="0.015">
    <error message="The step &apos;I am logged in as a Client&apos; and 3 other step(s) are undefined.&#10;You can implement these steps using the snippet(s) below:&#10;&#10;@Given(&quot;I am logged in as a Client&quot;)&#10;public void iAmLoggedInAsAClient() {&#10;    // Write code here that turns the phrase above into concrete actions&#10;    throw new io.cucumber.java.PendingException();&#10;}&#10;@When(&quot;I am enrolled in a program with focus area {string}&quot;)&#10;public void iAmEnrolledInAProgramWithFocusArea(String string) {&#10;    // Write code here that turns the phrase above into concrete actions&#10;    throw new io.cucumber.java.PendingException();&#10;}&#10;@Then(&quot;I should be able to view the program&apos;s schedule&quot;)&#10;public void iShouldBeAbleToViewTheProgramSSchedule() {&#10;    // Write code here that turns the phrase above into concrete actions&#10;    throw new io.cucumber.java.PendingException();&#10;}&#10;@Then(&quot;I should see the start and end times of the program&quot;)&#10;public void iShouldSeeTheStartAndEndTimesOfTheProgram() {&#10;    // Write code here that turns the phrase above into concrete actions&#10;    throw new io.cucumber.java.PendingException();&#10;}&#10;" type="io.cucumber.junit.UndefinedStepException"><![CDATA[io.cucumber.junit.UndefinedStepException: 
The step 'I am logged in as a Client' and 3 other step(s) are undefined.
You can implement these steps using the snippet(s) below:

@Given("I am logged in as a Client")
public void iAmLoggedInAsAClient() {
    // Write code here that turns the phrase above into concrete actions
    throw new io.cucumber.java.PendingException();
}
@When("I am enrolled in a program with focus area {string}")
public void iAmEnrolledInAProgramWithFocusArea(String string) {
    // Write code here that turns the phrase above into concrete actions
    throw new io.cucumber.java.PendingException();
}
@Then("I should be able to view the program's schedule")
public void iShouldBeAbleToViewTheProgramSSchedule() {
    // Write code here that turns the phrase above into concrete actions
    throw new io.cucumber.java.PendingException();
}
@Then("I should see the start and end times of the program")
public void iShouldSeeTheStartAndEndTimesOfTheProgram() {
    // Write code here that turns the phrase above into concrete actions
    throw new io.cucumber.java.PendingException();
}

]]></error>
    <system-out><![CDATA[
@tag @tag5
Scenario: View schedule of an enrolled program                      # Features/Program ExplorationandEnrollment.feature:41
  Given I am logged in as a Client
  When I am enrolled in a program with focus area "Muscle Building"
  Then I should be able to view the program's schedule
  And I should see the start and end times of the program
]]></system-out>
  </testcase>
  <testcase name="No programs available for the selected filters" classname="Program Exploration and Enrollment" time="0.014">
    <error message="The step &apos;I am logged in as a Client&apos; and 2 other step(s) are undefined.&#10;You can implement these steps using the snippet(s) below:&#10;&#10;@Given(&quot;I am logged in as a Client&quot;)&#10;public void iAmLoggedInAsAClient() {&#10;    // Write code here that turns the phrase above into concrete actions&#10;    throw new io.cucumber.java.PendingException();&#10;}&#10;@When(&quot;I browse the programs and filter by difficulty level {string}&quot;)&#10;public void iBrowseTheProgramsAndFilterByDifficultyLevel(String string) {&#10;    // Write code here that turns the phrase above into concrete actions&#10;    throw new io.cucumber.java.PendingException();&#10;}&#10;@Then(&quot;I should see a message saying {string}&quot;)&#10;public void iShouldSeeAMessageSaying(String string) {&#10;    // Write code here that turns the phrase above into concrete actions&#10;    throw new io.cucumber.java.PendingException();&#10;}&#10;" type="io.cucumber.junit.UndefinedStepException"><![CDATA[io.cucumber.junit.UndefinedStepException: 
The step 'I am logged in as a Client' and 2 other step(s) are undefined.
You can implement these steps using the snippet(s) below:

@Given("I am logged in as a Client")
public void iAmLoggedInAsAClient() {
    // Write code here that turns the phrase above into concrete actions
    throw new io.cucumber.java.PendingException();
}
@When("I browse the programs and filter by difficulty level {string}")
public void iBrowseTheProgramsAndFilterByDifficultyLevel(String string) {
    // Write code here that turns the phrase above into concrete actions
    throw new io.cucumber.java.PendingException();
}
@Then("I should see a message saying {string}")
public void iShouldSeeAMessageSaying(String string) {
    // Write code here that turns the phrase above into concrete actions
    throw new io.cucumber.java.PendingException();
}

]]></error>
    <system-out><![CDATA[
@tag @tag6
Scenario: No programs available for the selected filters                              # Features/Program ExplorationandEnrollment.feature:50
  Given I am logged in as a Client
  When I browse the programs and filter by difficulty level "Expert"
  Then I should see a message saying "No programs available for the selected filters"
]]></system-out>
  </testcase>
  <testcase name="Attempt to enroll in a fully booked program" classname="Program Exploration and Enrollment" time="0.015">
    <error message="The step &apos;I am logged in as a Client&apos; and 3 other step(s) are undefined.&#10;You can implement these steps using the snippet(s) below:&#10;&#10;@Given(&quot;I am logged in as a Client&quot;)&#10;public void iAmLoggedInAsAClient() {&#10;    // Write code here that turns the phrase above into concrete actions&#10;    throw new io.cucumber.java.PendingException();&#10;}&#10;@Given(&quot;the program with difficulty level {string} and focus area {string} is fully booked&quot;)&#10;public void theProgramWithDifficultyLevelAndFocusAreaIsFullyBooked(String string, String string2) {&#10;    // Write code here that turns the phrase above into concrete actions&#10;    throw new io.cucumber.java.PendingException();&#10;}&#10;@When(&quot;I attempt to enroll in the program&quot;)&#10;public void iAttemptToEnrollInTheProgram() {&#10;    // Write code here that turns the phrase above into concrete actions&#10;    throw new io.cucumber.java.PendingException();&#10;}&#10;@Then(&quot;I should see a message saying {string}&quot;)&#10;public void iShouldSeeAMessageSaying(String string) {&#10;    // Write code here that turns the phrase above into concrete actions&#10;    throw new io.cucumber.java.PendingException();&#10;}&#10;" type="io.cucumber.junit.UndefinedStepException"><![CDATA[io.cucumber.junit.UndefinedStepException: 
The step 'I am logged in as a Client' and 3 other step(s) are undefined.
You can implement these steps using the snippet(s) below:

@Given("I am logged in as a Client")
public void iAmLoggedInAsAClient() {
    // Write code here that turns the phrase above into concrete actions
    throw new io.cucumber.java.PendingException();
}
@Given("the program with difficulty level {string} and focus area {string} is fully booked")
public void theProgramWithDifficultyLevelAndFocusAreaIsFullyBooked(String string, String string2) {
    // Write code here that turns the phrase above into concrete actions
    throw new io.cucumber.java.PendingException();
}
@When("I attempt to enroll in the program")
public void iAttemptToEnrollInTheProgram() {
    // Write code here that turns the phrase above into concrete actions
    throw new io.cucumber.java.PendingException();
}
@Then("I should see a message saying {string}")
public void iShouldSeeAMessageSaying(String string) {
    // Write code here that turns the phrase above into concrete actions
    throw new io.cucumber.java.PendingException();
}

]]></error>
    <system-out><![CDATA[
@tag @tag7
Scenario: Attempt to enroll in a fully booked program                                           # Features/Program ExplorationandEnrollment.feature:58
  Given I am logged in as a Client
  And the program with difficulty level "Advanced" and focus area "Weight Loss" is fully booked
  When I attempt to enroll in the program
  Then I should see a message saying "This program is fully booked"
]]></system-out>
  </testcase>
  <testcase name="Attempt to enroll in the same program multiple times" classname="Program Exploration and Enrollment" time="0.012">
    <error message="The step &apos;I am logged in as a Client&apos; and 3 other step(s) are undefined.&#10;You can implement these steps using the snippet(s) below:&#10;&#10;@Given(&quot;I am logged in as a Client&quot;)&#10;public void iAmLoggedInAsAClient() {&#10;    // Write code here that turns the phrase above into concrete actions&#10;    throw new io.cucumber.java.PendingException();&#10;}&#10;@Given(&quot;I am already enrolled in the program with focus area {string}&quot;)&#10;public void iAmAlreadyEnrolledInTheProgramWithFocusArea(String string) {&#10;    // Write code here that turns the phrase above into concrete actions&#10;    throw new io.cucumber.java.PendingException();&#10;}&#10;@When(&quot;I attempt to enroll in the same program again&quot;)&#10;public void iAttemptToEnrollInTheSameProgramAgain() {&#10;    // Write code here that turns the phrase above into concrete actions&#10;    throw new io.cucumber.java.PendingException();&#10;}&#10;@Then(&quot;I should see a message saying {string}&quot;)&#10;public void iShouldSeeAMessageSaying(String string) {&#10;    // Write code here that turns the phrase above into concrete actions&#10;    throw new io.cucumber.java.PendingException();&#10;}&#10;" type="io.cucumber.junit.UndefinedStepException"><![CDATA[io.cucumber.junit.UndefinedStepException: 
The step 'I am logged in as a Client' and 3 other step(s) are undefined.
You can implement these steps using the snippet(s) below:

@Given("I am logged in as a Client")
public void iAmLoggedInAsAClient() {
    // Write code here that turns the phrase above into concrete actions
    throw new io.cucumber.java.PendingException();
}
@Given("I am already enrolled in the program with focus area {string}")
public void iAmAlreadyEnrolledInTheProgramWithFocusArea(String string) {
    // Write code here that turns the phrase above into concrete actions
    throw new io.cucumber.java.PendingException();
}
@When("I attempt to enroll in the same program again")
public void iAttemptToEnrollInTheSameProgramAgain() {
    // Write code here that turns the phrase above into concrete actions
    throw new io.cucumber.java.PendingException();
}
@Then("I should see a message saying {string}")
public void iShouldSeeAMessageSaying(String string) {
    // Write code here that turns the phrase above into concrete actions
    throw new io.cucumber.java.PendingException();
}

]]></error>
    <system-out><![CDATA[
@tag @tag8
Scenario: Attempt to enroll in the same program multiple times                  # Features/Program ExplorationandEnrollment.feature:67
  Given I am logged in as a Client
  And I am already enrolled in the program with focus area "Flexibility"
  When I attempt to enroll in the same program again
  Then I should see a message saying "You are already enrolled in this program"
]]></system-out>
  </testcase>
  <testcase name="Cancel enrollment in a program" classname="Program Exploration and Enrollment" time="0.015">
    <error message="The step &apos;I am logged in as a Client&apos; and 4 other step(s) are undefined.&#10;You can implement these steps using the snippet(s) below:&#10;&#10;@Given(&quot;I am logged in as a Client&quot;)&#10;public void iAmLoggedInAsAClient() {&#10;    // Write code here that turns the phrase above into concrete actions&#10;    throw new io.cucumber.java.PendingException();&#10;}&#10;@Given(&quot;I am enrolled in the program with focus area {string}&quot;)&#10;public void iAmEnrolledInTheProgramWithFocusArea(String string) {&#10;    // Write code here that turns the phrase above into concrete actions&#10;    throw new io.cucumber.java.PendingException();&#10;}&#10;@When(&quot;I choose to cancel my enrollment&quot;)&#10;public void iChooseToCancelMyEnrollment() {&#10;    // Write code here that turns the phrase above into concrete actions&#10;    throw new io.cucumber.java.PendingException();&#10;}&#10;@Then(&quot;I should be successfully unenrolled from the program&quot;)&#10;public void iShouldBeSuccessfullyUnenrolledFromTheProgram() {&#10;    // Write code here that turns the phrase above into concrete actions&#10;    throw new io.cucumber.java.PendingException();&#10;}&#10;@Then(&quot;I should see a confirmation message saying {string}&quot;)&#10;public void iShouldSeeAConfirmationMessageSaying(String string) {&#10;    // Write code here that turns the phrase above into concrete actions&#10;    throw new io.cucumber.java.PendingException();&#10;}&#10;" type="io.cucumber.junit.UndefinedStepException"><![CDATA[io.cucumber.junit.UndefinedStepException: 
The step 'I am logged in as a Client' and 4 other step(s) are undefined.
You can implement these steps using the snippet(s) below:

@Given("I am logged in as a Client")
public void iAmLoggedInAsAClient() {
    // Write code here that turns the phrase above into concrete actions
    throw new io.cucumber.java.PendingException();
}
@Given("I am enrolled in the program with focus area {string}")
public void iAmEnrolledInTheProgramWithFocusArea(String string) {
    // Write code here that turns the phrase above into concrete actions
    throw new io.cucumber.java.PendingException();
}
@When("I choose to cancel my enrollment")
public void iChooseToCancelMyEnrollment() {
    // Write code here that turns the phrase above into concrete actions
    throw new io.cucumber.java.PendingException();
}
@Then("I should be successfully unenrolled from the program")
public void iShouldBeSuccessfullyUnenrolledFromTheProgram() {
    // Write code here that turns the phrase above into concrete actions
    throw new io.cucumber.java.PendingException();
}
@Then("I should see a confirmation message saying {string}")
public void iShouldSeeAConfirmationMessageSaying(String string) {
    // Write code here that turns the phrase above into concrete actions
    throw new io.cucumber.java.PendingException();
}

]]></error>
    <system-out><![CDATA[
@tag @tag9
Scenario: Cancel enrollment in a program                                                          # Features/Program ExplorationandEnrollment.feature:76
  Given I am logged in as a Client
  And I am enrolled in the program with focus area "Muscle Building"
  When I choose to cancel my enrollment
  Then I should be successfully unenrolled from the program
  And I should see a confirmation message saying "You have successfully canceled your enrollment"
]]></system-out>
  </testcase>
  <testcase name="View program details before enrollment" classname="Program Exploration and Enrollment" time="0.01">
    <error message="The step &apos;I am logged in as a Client&apos; and 2 other step(s) are undefined.&#10;You can implement these steps using the snippet(s) below:&#10;&#10;@Given(&quot;I am logged in as a Client&quot;)&#10;public void iAmLoggedInAsAClient() {&#10;    // Write code here that turns the phrase above into concrete actions&#10;    throw new io.cucumber.java.PendingException();&#10;}&#10;@When(&quot;I select the program with focus area {string}&quot;)&#10;public void iSelectTheProgramWithFocusArea(String string) {&#10;    // Write code here that turns the phrase above into concrete actions&#10;    throw new io.cucumber.java.PendingException();&#10;}&#10;@Then(&quot;I should see the program&apos;s details including its difficulty level, schedule, and description&quot;)&#10;public void iShouldSeeTheProgramSDetailsIncludingItsDifficultyLevelScheduleAndDescription() {&#10;    // Write code here that turns the phrase above into concrete actions&#10;    throw new io.cucumber.java.PendingException();&#10;}&#10;" type="io.cucumber.junit.UndefinedStepException"><![CDATA[io.cucumber.junit.UndefinedStepException: 
The step 'I am logged in as a Client' and 2 other step(s) are undefined.
You can implement these steps using the snippet(s) below:

@Given("I am logged in as a Client")
public void iAmLoggedInAsAClient() {
    // Write code here that turns the phrase above into concrete actions
    throw new io.cucumber.java.PendingException();
}
@When("I select the program with focus area {string}")
public void iSelectTheProgramWithFocusArea(String string) {
    // Write code here that turns the phrase above into concrete actions
    throw new io.cucumber.java.PendingException();
}
@Then("I should see the program's details including its difficulty level, schedule, and description")
public void iShouldSeeTheProgramSDetailsIncludingItsDifficultyLevelScheduleAndDescription() {
    // Write code here that turns the phrase above into concrete actions
    throw new io.cucumber.java.PendingException();
}

]]></error>
    <system-out><![CDATA[
@tag @tag10
Scenario: View program details before enrollment                                                    # Features/Program ExplorationandEnrollment.feature:86
  Given I am logged in as a Client
  When I select the program with focus area "Weight Loss"
  Then I should see the program's details including its difficulty level, schedule, and description
]]></system-out>
  </testcase>
  <testcase name="Track personal fitness milestone (weight)" classname="Progress Tracking" time="0.017">
    <error message="The step &apos;I am logged in as a Client&apos; and 3 other step(s) are undefined.&#10;You can implement these steps using the snippet(s) below:&#10;&#10;@Given(&quot;I am logged in as a Client&quot;)&#10;public void iAmLoggedInAsAClient() {&#10;    // Write code here that turns the phrase above into concrete actions&#10;    throw new io.cucumber.java.PendingException();&#10;}&#10;@When(&quot;I update my weight in my profile&quot;)&#10;public void iUpdateMyWeightInMyProfile() {&#10;    // Write code here that turns the phrase above into concrete actions&#10;    throw new io.cucumber.java.PendingException();&#10;}&#10;@Then(&quot;my weight should be saved successfully in my profile&quot;)&#10;public void myWeightShouldBeSavedSuccessfullyInMyProfile() {&#10;    // Write code here that turns the phrase above into concrete actions&#10;    throw new io.cucumber.java.PendingException();&#10;}&#10;@Then(&quot;I should be able to view my updated weight in the progress section&quot;)&#10;public void iShouldBeAbleToViewMyUpdatedWeightInTheProgressSection() {&#10;    // Write code here that turns the phrase above into concrete actions&#10;    throw new io.cucumber.java.PendingException();&#10;}&#10;" type="io.cucumber.junit.UndefinedStepException"><![CDATA[io.cucumber.junit.UndefinedStepException: 
The step 'I am logged in as a Client' and 3 other step(s) are undefined.
You can implement these steps using the snippet(s) below:

@Given("I am logged in as a Client")
public void iAmLoggedInAsAClient() {
    // Write code here that turns the phrase above into concrete actions
    throw new io.cucumber.java.PendingException();
}
@When("I update my weight in my profile")
public void iUpdateMyWeightInMyProfile() {
    // Write code here that turns the phrase above into concrete actions
    throw new io.cucumber.java.PendingException();
}
@Then("my weight should be saved successfully in my profile")
public void myWeightShouldBeSavedSuccessfullyInMyProfile() {
    // Write code here that turns the phrase above into concrete actions
    throw new io.cucumber.java.PendingException();
}
@Then("I should be able to view my updated weight in the progress section")
public void iShouldBeAbleToViewMyUpdatedWeightInTheProgressSection() {
    // Write code here that turns the phrase above into concrete actions
    throw new io.cucumber.java.PendingException();
}

]]></error>
    <system-out><![CDATA[
@tag @tag1
Scenario: Track personal fitness milestone (weight)                      # Features/ProgressTracking(client).feature:8
  Given I am logged in as a Client
  When I update my weight in my profile
  Then my weight should be saved successfully in my profile
  And I should be able to view my updated weight in the progress section
]]></system-out>
  </testcase>
  <testcase name="Track personal fitness milestone (BMI)" classname="Progress Tracking" time="0.009">
    <error message="The step &apos;I am logged in as a Client&apos; and 3 other step(s) are undefined.&#10;You can implement these steps using the snippet(s) below:&#10;&#10;@Given(&quot;I am logged in as a Client&quot;)&#10;public void iAmLoggedInAsAClient() {&#10;    // Write code here that turns the phrase above into concrete actions&#10;    throw new io.cucumber.java.PendingException();&#10;}&#10;@When(&quot;I update my BMI in my profile&quot;)&#10;public void iUpdateMyBMIInMyProfile() {&#10;    // Write code here that turns the phrase above into concrete actions&#10;    throw new io.cucumber.java.PendingException();&#10;}&#10;@Then(&quot;my BMI should be saved successfully in my profile&quot;)&#10;public void myBMIShouldBeSavedSuccessfullyInMyProfile() {&#10;    // Write code here that turns the phrase above into concrete actions&#10;    throw new io.cucumber.java.PendingException();&#10;}&#10;@Then(&quot;I should be able to view my updated BMI in the progress section&quot;)&#10;public void iShouldBeAbleToViewMyUpdatedBMIInTheProgressSection() {&#10;    // Write code here that turns the phrase above into concrete actions&#10;    throw new io.cucumber.java.PendingException();&#10;}&#10;" type="io.cucumber.junit.UndefinedStepException"><![CDATA[io.cucumber.junit.UndefinedStepException: 
The step 'I am logged in as a Client' and 3 other step(s) are undefined.
You can implement these steps using the snippet(s) below:

@Given("I am logged in as a Client")
public void iAmLoggedInAsAClient() {
    // Write code here that turns the phrase above into concrete actions
    throw new io.cucumber.java.PendingException();
}
@When("I update my BMI in my profile")
public void iUpdateMyBMIInMyProfile() {
    // Write code here that turns the phrase above into concrete actions
    throw new io.cucumber.java.PendingException();
}
@Then("my BMI should be saved successfully in my profile")
public void myBMIShouldBeSavedSuccessfullyInMyProfile() {
    // Write code here that turns the phrase above into concrete actions
    throw new io.cucumber.java.PendingException();
}
@Then("I should be able to view my updated BMI in the progress section")
public void iShouldBeAbleToViewMyUpdatedBMIInTheProgressSection() {
    // Write code here that turns the phrase above into concrete actions
    throw new io.cucumber.java.PendingException();
}

]]></error>
    <system-out><![CDATA[
@tag @tag2
Scenario: Track personal fitness milestone (BMI)                      # Features/ProgressTracking(client).feature:17
  Given I am logged in as a Client
  When I update my BMI in my profile
  Then my BMI should be saved successfully in my profile
  And I should be able to view my updated BMI in the progress section
]]></system-out>
  </testcase>
  <testcase name="Track personal fitness milestone (attendance)" classname="Progress Tracking" time="0.013">
    <error message="The step &apos;I am logged in as a Client&apos; and 3 other step(s) are undefined.&#10;You can implement these steps using the snippet(s) below:&#10;&#10;@Given(&quot;I am logged in as a Client&quot;)&#10;public void iAmLoggedInAsAClient() {&#10;    // Write code here that turns the phrase above into concrete actions&#10;    throw new io.cucumber.java.PendingException();&#10;}&#10;@When(&quot;I attend a fitness program session&quot;)&#10;public void iAttendAFitnessProgramSession() {&#10;    // Write code here that turns the phrase above into concrete actions&#10;    throw new io.cucumber.java.PendingException();&#10;}&#10;@Then(&quot;my attendance should be recorded for the program&quot;)&#10;public void myAttendanceShouldBeRecordedForTheProgram() {&#10;    // Write code here that turns the phrase above into concrete actions&#10;    throw new io.cucumber.java.PendingException();&#10;}&#10;@Then(&quot;I should be able to view my attendance history in the progress section&quot;)&#10;public void iShouldBeAbleToViewMyAttendanceHistoryInTheProgressSection() {&#10;    // Write code here that turns the phrase above into concrete actions&#10;    throw new io.cucumber.java.PendingException();&#10;}&#10;" type="io.cucumber.junit.UndefinedStepException"><![CDATA[io.cucumber.junit.UndefinedStepException: 
The step 'I am logged in as a Client' and 3 other step(s) are undefined.
You can implement these steps using the snippet(s) below:

@Given("I am logged in as a Client")
public void iAmLoggedInAsAClient() {
    // Write code here that turns the phrase above into concrete actions
    throw new io.cucumber.java.PendingException();
}
@When("I attend a fitness program session")
public void iAttendAFitnessProgramSession() {
    // Write code here that turns the phrase above into concrete actions
    throw new io.cucumber.java.PendingException();
}
@Then("my attendance should be recorded for the program")
public void myAttendanceShouldBeRecordedForTheProgram() {
    // Write code here that turns the phrase above into concrete actions
    throw new io.cucumber.java.PendingException();
}
@Then("I should be able to view my attendance history in the progress section")
public void iShouldBeAbleToViewMyAttendanceHistoryInTheProgressSection() {
    // Write code here that turns the phrase above into concrete actions
    throw new io.cucumber.java.PendingException();
}

]]></error>
    <system-out><![CDATA[
@tag @tag3
Scenario: Track personal fitness milestone (attendance)                      # Features/ProgressTracking(client).feature:26
  Given I am logged in as a Client
  When I attend a fitness program session
  Then my attendance should be recorded for the program
  And I should be able to view my attendance history in the progress section
]]></system-out>
  </testcase>
  <testcase name="View achievements or badges after completing a program" classname="Progress Tracking" time="0.013">
    <error message="The step &apos;I am logged in as a Client&apos; and 3 other step(s) are undefined.&#10;You can implement these steps using the snippet(s) below:&#10;&#10;@Given(&quot;I am logged in as a Client&quot;)&#10;public void iAmLoggedInAsAClient() {&#10;    // Write code here that turns the phrase above into concrete actions&#10;    throw new io.cucumber.java.PendingException();&#10;}&#10;@When(&quot;I complete a fitness program&quot;)&#10;public void iCompleteAFitnessProgram() {&#10;    // Write code here that turns the phrase above into concrete actions&#10;    throw new io.cucumber.java.PendingException();&#10;}&#10;@Then(&quot;I should receive an achievement or badge for completing the program&quot;)&#10;public void iShouldReceiveAnAchievementOrBadgeForCompletingTheProgram() {&#10;    // Write code here that turns the phrase above into concrete actions&#10;    throw new io.cucumber.java.PendingException();&#10;}&#10;@Then(&quot;the achievement or badge should appear in the achievements section of my profile&quot;)&#10;public void theAchievementOrBadgeShouldAppearInTheAchievementsSectionOfMyProfile() {&#10;    // Write code here that turns the phrase above into concrete actions&#10;    throw new io.cucumber.java.PendingException();&#10;}&#10;" type="io.cucumber.junit.UndefinedStepException"><![CDATA[io.cucumber.junit.UndefinedStepException: 
The step 'I am logged in as a Client' and 3 other step(s) are undefined.
You can implement these steps using the snippet(s) below:

@Given("I am logged in as a Client")
public void iAmLoggedInAsAClient() {
    // Write code here that turns the phrase above into concrete actions
    throw new io.cucumber.java.PendingException();
}
@When("I complete a fitness program")
public void iCompleteAFitnessProgram() {
    // Write code here that turns the phrase above into concrete actions
    throw new io.cucumber.java.PendingException();
}
@Then("I should receive an achievement or badge for completing the program")
public void iShouldReceiveAnAchievementOrBadgeForCompletingTheProgram() {
    // Write code here that turns the phrase above into concrete actions
    throw new io.cucumber.java.PendingException();
}
@Then("the achievement or badge should appear in the achievements section of my profile")
public void theAchievementOrBadgeShouldAppearInTheAchievementsSectionOfMyProfile() {
    // Write code here that turns the phrase above into concrete actions
    throw new io.cucumber.java.PendingException();
}

]]></error>
    <system-out><![CDATA[
@tag @tag4
Scenario: View achievements or badges after completing a program                       # Features/ProgressTracking(client).feature:35
  Given I am logged in as a Client
  When I complete a fitness program
  Then I should receive an achievement or badge for completing the program
  And the achievement or badge should appear in the achievements section of my profile
]]></system-out>
  </testcase>
  <testcase name="View all tracked milestones and achievements" classname="Progress Tracking" time="0.008">
    <error message="The step &apos;I am logged in as a Client&apos; and 3 other step(s) are undefined.&#10;You can implement these steps using the snippet(s) below:&#10;&#10;@Given(&quot;I am logged in as a Client&quot;)&#10;public void iAmLoggedInAsAClient() {&#10;    // Write code here that turns the phrase above into concrete actions&#10;    throw new io.cucumber.java.PendingException();&#10;}&#10;@When(&quot;I view my progress section&quot;)&#10;public void iViewMyProgressSection() {&#10;    // Write code here that turns the phrase above into concrete actions&#10;    throw new io.cucumber.java.PendingException();&#10;}&#10;@Then(&quot;I should be able to see my tracked milestones such as weight, BMI, and attendance&quot;)&#10;public void iShouldBeAbleToSeeMyTrackedMilestonesSuchAsWeightBMIAndAttendance() {&#10;    // Write code here that turns the phrase above into concrete actions&#10;    throw new io.cucumber.java.PendingException();&#10;}&#10;@Then(&quot;I should be able to see the badges or achievements earned for completing programs&quot;)&#10;public void iShouldBeAbleToSeeTheBadgesOrAchievementsEarnedForCompletingPrograms() {&#10;    // Write code here that turns the phrase above into concrete actions&#10;    throw new io.cucumber.java.PendingException();&#10;}&#10;" type="io.cucumber.junit.UndefinedStepException"><![CDATA[io.cucumber.junit.UndefinedStepException: 
The step 'I am logged in as a Client' and 3 other step(s) are undefined.
You can implement these steps using the snippet(s) below:

@Given("I am logged in as a Client")
public void iAmLoggedInAsAClient() {
    // Write code here that turns the phrase above into concrete actions
    throw new io.cucumber.java.PendingException();
}
@When("I view my progress section")
public void iViewMyProgressSection() {
    // Write code here that turns the phrase above into concrete actions
    throw new io.cucumber.java.PendingException();
}
@Then("I should be able to see my tracked milestones such as weight, BMI, and attendance")
public void iShouldBeAbleToSeeMyTrackedMilestonesSuchAsWeightBMIAndAttendance() {
    // Write code here that turns the phrase above into concrete actions
    throw new io.cucumber.java.PendingException();
}
@Then("I should be able to see the badges or achievements earned for completing programs")
public void iShouldBeAbleToSeeTheBadgesOrAchievementsEarnedForCompletingPrograms() {
    // Write code here that turns the phrase above into concrete actions
    throw new io.cucumber.java.PendingException();
}

]]></error>
    <system-out><![CDATA[
@tag @tag5
Scenario: View all tracked milestones and achievements                                   # Features/ProgressTracking(client).feature:44
  Given I am logged in as a Client
  When I view my progress section
  Then I should be able to see my tracked milestones such as weight, BMI, and attendance
  And I should be able to see the badges or achievements earned for completing programs
]]></system-out>
  </testcase>
  <testcase name="Enter an invalid weight" classname="Progress Tracking" time="0.012">
    <error message="The step &apos;I am logged in as a Client&apos; and 3 other step(s) are undefined.&#10;You can implement these steps using the snippet(s) below:&#10;&#10;@Given(&quot;I am logged in as a Client&quot;)&#10;public void iAmLoggedInAsAClient() {&#10;    // Write code here that turns the phrase above into concrete actions&#10;    throw new io.cucumber.java.PendingException();&#10;}&#10;@When(&quot;I update my weight to {string}&quot;)&#10;public void iUpdateMyWeightTo(String string) {&#10;    // Write code here that turns the phrase above into concrete actions&#10;    throw new io.cucumber.java.PendingException();&#10;}&#10;@Then(&quot;I should see an error message saying {string}&quot;)&#10;public void iShouldSeeAnErrorMessageSaying(String string) {&#10;    // Write code here that turns the phrase above into concrete actions&#10;    throw new io.cucumber.java.PendingException();&#10;}&#10;@Then(&quot;my weight should not be saved until a valid value is entered&quot;)&#10;public void myWeightShouldNotBeSavedUntilAValidValueIsEntered() {&#10;    // Write code here that turns the phrase above into concrete actions&#10;    throw new io.cucumber.java.PendingException();&#10;}&#10;" type="io.cucumber.junit.UndefinedStepException"><![CDATA[io.cucumber.junit.UndefinedStepException: 
The step 'I am logged in as a Client' and 3 other step(s) are undefined.
You can implement these steps using the snippet(s) below:

@Given("I am logged in as a Client")
public void iAmLoggedInAsAClient() {
    // Write code here that turns the phrase above into concrete actions
    throw new io.cucumber.java.PendingException();
}
@When("I update my weight to {string}")
public void iUpdateMyWeightTo(String string) {
    // Write code here that turns the phrase above into concrete actions
    throw new io.cucumber.java.PendingException();
}
@Then("I should see an error message saying {string}")
public void iShouldSeeAnErrorMessageSaying(String string) {
    // Write code here that turns the phrase above into concrete actions
    throw new io.cucumber.java.PendingException();
}
@Then("my weight should not be saved until a valid value is entered")
public void myWeightShouldNotBeSavedUntilAValidValueIsEntered() {
    // Write code here that turns the phrase above into concrete actions
    throw new io.cucumber.java.PendingException();
}

]]></error>
    <system-out><![CDATA[
@tag @tag6
Scenario: Enter an invalid weight                                  # Features/ProgressTracking(client).feature:53
  Given I am logged in as a Client
  When I update my weight to "-10"
  Then I should see an error message saying "Invalid weight value"
  And my weight should not be saved until a valid value is entered
]]></system-out>
  </testcase>
  <testcase name="Enter an invalid BMI" classname="Progress Tracking" time="0.013">
    <error message="The step &apos;I am logged in as a Client&apos; and 3 other step(s) are undefined.&#10;You can implement these steps using the snippet(s) below:&#10;&#10;@Given(&quot;I am logged in as a Client&quot;)&#10;public void iAmLoggedInAsAClient() {&#10;    // Write code here that turns the phrase above into concrete actions&#10;    throw new io.cucumber.java.PendingException();&#10;}&#10;@When(&quot;I update my BMI to {string}&quot;)&#10;public void iUpdateMyBMITo(String string) {&#10;    // Write code here that turns the phrase above into concrete actions&#10;    throw new io.cucumber.java.PendingException();&#10;}&#10;@Then(&quot;I should see an error message saying {string}&quot;)&#10;public void iShouldSeeAnErrorMessageSaying(String string) {&#10;    // Write code here that turns the phrase above into concrete actions&#10;    throw new io.cucumber.java.PendingException();&#10;}&#10;@Then(&quot;my BMI should not be saved until a valid value is entered&quot;)&#10;public void myBMIShouldNotBeSavedUntilAValidValueIsEntered() {&#10;    // Write code here that turns the phrase above into concrete actions&#10;    throw new io.cucumber.java.PendingException();&#10;}&#10;" type="io.cucumber.junit.UndefinedStepException"><![CDATA[io.cucumber.junit.UndefinedStepException: 
The step 'I am logged in as a Client' and 3 other step(s) are undefined.
You can implement these steps using the snippet(s) below:

@Given("I am logged in as a Client")
public void iAmLoggedInAsAClient() {
    // Write code here that turns the phrase above into concrete actions
    throw new io.cucumber.java.PendingException();
}
@When("I update my BMI to {string}")
public void iUpdateMyBMITo(String string) {
    // Write code here that turns the phrase above into concrete actions
    throw new io.cucumber.java.PendingException();
}
@Then("I should see an error message saying {string}")
public void iShouldSeeAnErrorMessageSaying(String string) {
    // Write code here that turns the phrase above into concrete actions
    throw new io.cucumber.java.PendingException();
}
@Then("my BMI should not be saved until a valid value is entered")
public void myBMIShouldNotBeSavedUntilAValidValueIsEntered() {
    // Write code here that turns the phrase above into concrete actions
    throw new io.cucumber.java.PendingException();
}

]]></error>
    <system-out><![CDATA[
@tag @tag7
Scenario: Enter an invalid BMI                                  # Features/ProgressTracking(client).feature:63
  Given I am logged in as a Client
  When I update my BMI to "5"
  Then I should see an error message saying "Invalid BMI value"
  And my BMI should not be saved until a valid value is entered
]]></system-out>
  </testcase>
  <testcase name="Failed to record attendance in a session" classname="Progress Tracking" time="0.01">
    <error message="The step &apos;I am logged in as a Client&apos; and 3 other step(s) are undefined.&#10;You can implement these steps using the snippet(s) below:&#10;&#10;@Given(&quot;I am logged in as a Client&quot;)&#10;public void iAmLoggedInAsAClient() {&#10;    // Write code here that turns the phrase above into concrete actions&#10;    throw new io.cucumber.java.PendingException();&#10;}&#10;@When(&quot;I attend a fitness program session&quot;)&#10;public void iAttendAFitnessProgramSession() {&#10;    // Write code here that turns the phrase above into concrete actions&#10;    throw new io.cucumber.java.PendingException();&#10;}&#10;@When(&quot;the system fails to record my attendance&quot;)&#10;public void theSystemFailsToRecordMyAttendance() {&#10;    // Write code here that turns the phrase above into concrete actions&#10;    throw new io.cucumber.java.PendingException();&#10;}&#10;@Then(&quot;I should see a message saying {string}&quot;)&#10;public void iShouldSeeAMessageSaying(String string) {&#10;    // Write code here that turns the phrase above into concrete actions&#10;    throw new io.cucumber.java.PendingException();&#10;}&#10;" type="io.cucumber.junit.UndefinedStepException"><![CDATA[io.cucumber.junit.UndefinedStepException: 
The step 'I am logged in as a Client' and 3 other step(s) are undefined.
You can implement these steps using the snippet(s) below:

@Given("I am logged in as a Client")
public void iAmLoggedInAsAClient() {
    // Write code here that turns the phrase above into concrete actions
    throw new io.cucumber.java.PendingException();
}
@When("I attend a fitness program session")
public void iAttendAFitnessProgramSession() {
    // Write code here that turns the phrase above into concrete actions
    throw new io.cucumber.java.PendingException();
}
@When("the system fails to record my attendance")
public void theSystemFailsToRecordMyAttendance() {
    // Write code here that turns the phrase above into concrete actions
    throw new io.cucumber.java.PendingException();
}
@Then("I should see a message saying {string}")
public void iShouldSeeAMessageSaying(String string) {
    // Write code here that turns the phrase above into concrete actions
    throw new io.cucumber.java.PendingException();
}

]]></error>
    <system-out><![CDATA[
@tag @tag8
Scenario: Failed to record attendance in a session                                        # Features/ProgressTracking(client).feature:72
  Given I am logged in as a Client
  When I attend a fitness program session
  And the system fails to record my attendance
  Then I should see a message saying "Attendance could not be recorded, please try again"
]]></system-out>
  </testcase>
  <testcase name="Failure to receive achievement or badge after completing a program" classname="Progress Tracking" time="0.01">
    <error message="The step &apos;I am logged in as a Client&apos; and 3 other step(s) are undefined.&#10;You can implement these steps using the snippet(s) below:&#10;&#10;@Given(&quot;I am logged in as a Client&quot;)&#10;public void iAmLoggedInAsAClient() {&#10;    // Write code here that turns the phrase above into concrete actions&#10;    throw new io.cucumber.java.PendingException();&#10;}&#10;@When(&quot;I complete a fitness program&quot;)&#10;public void iCompleteAFitnessProgram() {&#10;    // Write code here that turns the phrase above into concrete actions&#10;    throw new io.cucumber.java.PendingException();&#10;}&#10;@When(&quot;the system fails to assign an achievement or badge&quot;)&#10;public void theSystemFailsToAssignAnAchievementOrBadge() {&#10;    // Write code here that turns the phrase above into concrete actions&#10;    throw new io.cucumber.java.PendingException();&#10;}&#10;@Then(&quot;I should see a message saying {string}&quot;)&#10;public void iShouldSeeAMessageSaying(String string) {&#10;    // Write code here that turns the phrase above into concrete actions&#10;    throw new io.cucumber.java.PendingException();&#10;}&#10;" type="io.cucumber.junit.UndefinedStepException"><![CDATA[io.cucumber.junit.UndefinedStepException: 
The step 'I am logged in as a Client' and 3 other step(s) are undefined.
You can implement these steps using the snippet(s) below:

@Given("I am logged in as a Client")
public void iAmLoggedInAsAClient() {
    // Write code here that turns the phrase above into concrete actions
    throw new io.cucumber.java.PendingException();
}
@When("I complete a fitness program")
public void iCompleteAFitnessProgram() {
    // Write code here that turns the phrase above into concrete actions
    throw new io.cucumber.java.PendingException();
}
@When("the system fails to assign an achievement or badge")
public void theSystemFailsToAssignAnAchievementOrBadge() {
    // Write code here that turns the phrase above into concrete actions
    throw new io.cucumber.java.PendingException();
}
@Then("I should see a message saying {string}")
public void iShouldSeeAMessageSaying(String string) {
    // Write code here that turns the phrase above into concrete actions
    throw new io.cucumber.java.PendingException();
}

]]></error>
    <system-out><![CDATA[
@tag @tag9
Scenario: Failure to receive achievement or badge after completing a program                             # Features/ProgressTracking(client).feature:81
  Given I am logged in as a Client
  When I complete a fitness program
  And the system fails to assign an achievement or badge
  Then I should see a message saying "Achievement or badge could not be awarded, please contact support"
]]></system-out>
  </testcase>
  <testcase name="View progress over time for weight or BMI" classname="Progress Tracking" time="0.011">
    <error message="The step &apos;I am logged in as a Client&apos; and 2 other step(s) are undefined.&#10;You can implement these steps using the snippet(s) below:&#10;&#10;@Given(&quot;I am logged in as a Client&quot;)&#10;public void iAmLoggedInAsAClient() {&#10;    // Write code here that turns the phrase above into concrete actions&#10;    throw new io.cucumber.java.PendingException();&#10;}&#10;@When(&quot;I view my progress section&quot;)&#10;public void iViewMyProgressSection() {&#10;    // Write code here that turns the phrase above into concrete actions&#10;    throw new io.cucumber.java.PendingException();&#10;}&#10;@Then(&quot;I should see a graph or list showing the changes in my weight and\\/or BMI over time&quot;)&#10;public void iShouldSeeAGraphOrListShowingTheChangesInMyWeightAndOrBMIOverTime() {&#10;    // Write code here that turns the phrase above into concrete actions&#10;    throw new io.cucumber.java.PendingException();&#10;}&#10;" type="io.cucumber.junit.UndefinedStepException"><![CDATA[io.cucumber.junit.UndefinedStepException: 
The step 'I am logged in as a Client' and 2 other step(s) are undefined.
You can implement these steps using the snippet(s) below:

@Given("I am logged in as a Client")
public void iAmLoggedInAsAClient() {
    // Write code here that turns the phrase above into concrete actions
    throw new io.cucumber.java.PendingException();
}
@When("I view my progress section")
public void iViewMyProgressSection() {
    // Write code here that turns the phrase above into concrete actions
    throw new io.cucumber.java.PendingException();
}
@Then("I should see a graph or list showing the changes in my weight and\\/or BMI over time")
public void iShouldSeeAGraphOrListShowingTheChangesInMyWeightAndOrBMIOverTime() {
    // Write code here that turns the phrase above into concrete actions
    throw new io.cucumber.java.PendingException();
}

]]></error>
    <system-out><![CDATA[
@tag @tag10
Scenario: View progress over time for weight or BMI                                       # Features/ProgressTracking(client).feature:90
  Given I am logged in as a Client
  When I view my progress section
  Then I should see a graph or list showing the changes in my weight and/or BMI over time
]]></system-out>
  </testcase>
  <testcase name="Remove weight or BMI tracking" classname="Progress Tracking" time="0.011">
    <error message="The step &apos;I am logged in as a Client&apos; and 2 other step(s) are undefined.&#10;You can implement these steps using the snippet(s) below:&#10;&#10;@Given(&quot;I am logged in as a Client&quot;)&#10;public void iAmLoggedInAsAClient() {&#10;    // Write code here that turns the phrase above into concrete actions&#10;    throw new io.cucumber.java.PendingException();&#10;}&#10;@When(&quot;I choose to remove weight tracking from my profile&quot;)&#10;public void iChooseToRemoveWeightTrackingFromMyProfile() {&#10;    // Write code here that turns the phrase above into concrete actions&#10;    throw new io.cucumber.java.PendingException();&#10;}&#10;@Then(&quot;my weight should no longer be tracked and will be removed from the progress section&quot;)&#10;public void myWeightShouldNoLongerBeTrackedAndWillBeRemovedFromTheProgressSection() {&#10;    // Write code here that turns the phrase above into concrete actions&#10;    throw new io.cucumber.java.PendingException();&#10;}&#10;" type="io.cucumber.junit.UndefinedStepException"><![CDATA[io.cucumber.junit.UndefinedStepException: 
The step 'I am logged in as a Client' and 2 other step(s) are undefined.
You can implement these steps using the snippet(s) below:

@Given("I am logged in as a Client")
public void iAmLoggedInAsAClient() {
    // Write code here that turns the phrase above into concrete actions
    throw new io.cucumber.java.PendingException();
}
@When("I choose to remove weight tracking from my profile")
public void iChooseToRemoveWeightTrackingFromMyProfile() {
    // Write code here that turns the phrase above into concrete actions
    throw new io.cucumber.java.PendingException();
}
@Then("my weight should no longer be tracked and will be removed from the progress section")
public void myWeightShouldNoLongerBeTrackedAndWillBeRemovedFromTheProgressSection() {
    // Write code here that turns the phrase above into concrete actions
    throw new io.cucumber.java.PendingException();
}

]]></error>
    <system-out><![CDATA[
@tag @tag11
Scenario: Remove weight or BMI tracking                                                    # Features/ProgressTracking(client).feature:98
  Given I am logged in as a Client
  When I choose to remove weight tracking from my profile
  Then my weight should no longer be tracked and will be removed from the progress section
]]></system-out>
  </testcase>
  <testcase name="Add a New Subscription Plan" classname="Subscription Management" time="0.013">
    <error message="The step &apos;I am logged in as an admin&apos; and 2 other step(s) are undefined.&#10;You can implement these steps using the snippet(s) below:&#10;&#10;@Given(&quot;I am logged in as an admin&quot;)&#10;public void iAmLoggedInAsAnAdmin() {&#10;    // Write code here that turns the phrase above into concrete actions&#10;    throw new io.cucumber.java.PendingException();&#10;}&#10;@When(&quot;I add a new subscription plan with the following details:&quot;)&#10;public void iAddANewSubscriptionPlanWithTheFollowingDetails(io.cucumber.datatable.DataTable dataTable) {&#10;    // Write code here that turns the phrase above into concrete actions&#10;    // For automatic transformation, change DataTable to one of&#10;    // E, List&lt;E&gt;, List&lt;List&lt;E&gt;&gt;, List&lt;Map&lt;K,V&gt;&gt;, Map&lt;K,V&gt; or&#10;    // Map&lt;K, List&lt;V&gt;&gt;. E,K,V must be a String, Integer, Float,&#10;    // Double, Byte, Short, Long, BigInteger or BigDecimal.&#10;    //&#10;    // For other transformations you can register a DataTableType.&#10;    throw new io.cucumber.java.PendingException();&#10;}&#10;@Then(&quot;the new subscription plan {string} for {string} should be available for selection&quot;)&#10;public void theNewSubscriptionPlanForShouldBeAvailableForSelection(String string, String string2) {&#10;    // Write code here that turns the phrase above into concrete actions&#10;    throw new io.cucumber.java.PendingException();&#10;}&#10;" type="io.cucumber.junit.UndefinedStepException"><![CDATA[io.cucumber.junit.UndefinedStepException: 
The step 'I am logged in as an admin' and 2 other step(s) are undefined.
You can implement these steps using the snippet(s) below:

@Given("I am logged in as an admin")
public void iAmLoggedInAsAnAdmin() {
    // Write code here that turns the phrase above into concrete actions
    throw new io.cucumber.java.PendingException();
}
@When("I add a new subscription plan with the following details:")
public void iAddANewSubscriptionPlanWithTheFollowingDetails(io.cucumber.datatable.DataTable dataTable) {
    // Write code here that turns the phrase above into concrete actions
    // For automatic transformation, change DataTable to one of
    // E, List<E>, List<List<E>>, List<Map<K,V>>, Map<K,V> or
    // Map<K, List<V>>. E,K,V must be a String, Integer, Float,
    // Double, Byte, Short, Long, BigInteger or BigDecimal.
    //
    // For other transformations you can register a DataTableType.
    throw new io.cucumber.java.PendingException();
}
@Then("the new subscription plan {string} for {string} should be available for selection")
public void theNewSubscriptionPlanForShouldBeAvailableForSelection(String string, String string2) {
    // Write code here that turns the phrase above into concrete actions
    throw new io.cucumber.java.PendingException();
}

]]></error>
    <system-out><![CDATA[
Scenario: Add a New Subscription Plan                                                     # Features/SubscriptionManagement.feature:5
  Given I am logged in as an admin
  When I add a new subscription plan with the following details:
    | Plan Name | Type   | Price  | Duration |
    | Premium   | Client | $50/mo | Monthly  |
  Then the new subscription plan "Premium" for "Client" should be available for selection
]]></system-out>
  </testcase>
  <testcase name="Update an Existing Subscription Plan" classname="Subscription Management" time="0.011">
    <error message="The step &apos;I am logged in as an admin&apos; and 3 other step(s) are undefined.&#10;You can implement these steps using the snippet(s) below:&#10;&#10;@Given(&quot;I am logged in as an admin&quot;)&#10;public void iAmLoggedInAsAnAdmin() {&#10;    // Write code here that turns the phrase above into concrete actions&#10;    throw new io.cucumber.java.PendingException();&#10;}&#10;@Given(&quot;a subscription plan {string} for {string} exists&quot;)&#10;public void aSubscriptionPlanForExists(String string, String string2) {&#10;    // Write code here that turns the phrase above into concrete actions&#10;    throw new io.cucumber.java.PendingException();&#10;}&#10;@When(&quot;I update the subscription plan {string} with the new price {string}&quot;)&#10;public void iUpdateTheSubscriptionPlanWithTheNewPrice(String string, String string2) {&#10;    // Write code here that turns the phrase above into concrete actions&#10;    throw new io.cucumber.java.PendingException();&#10;}&#10;@Then(&quot;the subscription plan {string} should reflect the updated price {string}&quot;)&#10;public void theSubscriptionPlanShouldReflectTheUpdatedPrice(String string, String string2) {&#10;    // Write code here that turns the phrase above into concrete actions&#10;    throw new io.cucumber.java.PendingException();&#10;}&#10;" type="io.cucumber.junit.UndefinedStepException"><![CDATA[io.cucumber.junit.UndefinedStepException: 
The step 'I am logged in as an admin' and 3 other step(s) are undefined.
You can implement these steps using the snippet(s) below:

@Given("I am logged in as an admin")
public void iAmLoggedInAsAnAdmin() {
    // Write code here that turns the phrase above into concrete actions
    throw new io.cucumber.java.PendingException();
}
@Given("a subscription plan {string} for {string} exists")
public void aSubscriptionPlanForExists(String string, String string2) {
    // Write code here that turns the phrase above into concrete actions
    throw new io.cucumber.java.PendingException();
}
@When("I update the subscription plan {string} with the new price {string}")
public void iUpdateTheSubscriptionPlanWithTheNewPrice(String string, String string2) {
    // Write code here that turns the phrase above into concrete actions
    throw new io.cucumber.java.PendingException();
}
@Then("the subscription plan {string} should reflect the updated price {string}")
public void theSubscriptionPlanShouldReflectTheUpdatedPrice(String string, String string2) {
    // Write code here that turns the phrase above into concrete actions
    throw new io.cucumber.java.PendingException();
}

]]></error>
    <system-out><![CDATA[
Scenario: Update an Existing Subscription Plan                                 # Features/SubscriptionManagement.feature:12
  Given I am logged in as an admin
  And a subscription plan "Basic" for "Instructor" exists
  When I update the subscription plan "Basic" with the new price "$30/mo"
  Then the subscription plan "Basic" should reflect the updated price "$30/mo"
]]></system-out>
  </testcase>
  <testcase name="Deactivate a Subscription Plan" classname="Subscription Management" time="0.013">
    <error message="The step &apos;I am logged in as an admin&apos; and 4 other step(s) are undefined.&#10;You can implement these steps using the snippet(s) below:&#10;&#10;@Given(&quot;I am logged in as an admin&quot;)&#10;public void iAmLoggedInAsAnAdmin() {&#10;    // Write code here that turns the phrase above into concrete actions&#10;    throw new io.cucumber.java.PendingException();&#10;}&#10;@Given(&quot;a subscription plan {string} for {string} exists&quot;)&#10;public void aSubscriptionPlanForExists(String string, String string2) {&#10;    // Write code here that turns the phrase above into concrete actions&#10;    throw new io.cucumber.java.PendingException();&#10;}&#10;@When(&quot;I deactivate the subscription plan {string}&quot;)&#10;public void iDeactivateTheSubscriptionPlan(String string) {&#10;    // Write code here that turns the phrase above into concrete actions&#10;    throw new io.cucumber.java.PendingException();&#10;}&#10;@Then(&quot;the subscription plan {string} should no longer be available for new users&quot;)&#10;public void theSubscriptionPlanShouldNoLongerBeAvailableForNewUsers(String string) {&#10;    // Write code here that turns the phrase above into concrete actions&#10;    throw new io.cucumber.java.PendingException();&#10;}&#10;@Then(&quot;existing users with {string} plans should retain their benefits until the end of the billing cycle&quot;)&#10;public void existingUsersWithPlansShouldRetainTheirBenefitsUntilTheEndOfTheBillingCycle(String string) {&#10;    // Write code here that turns the phrase above into concrete actions&#10;    throw new io.cucumber.java.PendingException();&#10;}&#10;" type="io.cucumber.junit.UndefinedStepException"><![CDATA[io.cucumber.junit.UndefinedStepException: 
The step 'I am logged in as an admin' and 4 other step(s) are undefined.
You can implement these steps using the snippet(s) below:

@Given("I am logged in as an admin")
public void iAmLoggedInAsAnAdmin() {
    // Write code here that turns the phrase above into concrete actions
    throw new io.cucumber.java.PendingException();
}
@Given("a subscription plan {string} for {string} exists")
public void aSubscriptionPlanForExists(String string, String string2) {
    // Write code here that turns the phrase above into concrete actions
    throw new io.cucumber.java.PendingException();
}
@When("I deactivate the subscription plan {string}")
public void iDeactivateTheSubscriptionPlan(String string) {
    // Write code here that turns the phrase above into concrete actions
    throw new io.cucumber.java.PendingException();
}
@Then("the subscription plan {string} should no longer be available for new users")
public void theSubscriptionPlanShouldNoLongerBeAvailableForNewUsers(String string) {
    // Write code here that turns the phrase above into concrete actions
    throw new io.cucumber.java.PendingException();
}
@Then("existing users with {string} plans should retain their benefits until the end of the billing cycle")
public void existingUsersWithPlansShouldRetainTheirBenefitsUntilTheEndOfTheBillingCycle(String string) {
    // Write code here that turns the phrase above into concrete actions
    throw new io.cucumber.java.PendingException();
}

]]></error>
    <system-out><![CDATA[
Scenario: Deactivate a Subscription Plan                                                                  # Features/SubscriptionManagement.feature:18
  Given I am logged in as an admin
  And a subscription plan "Premium" for "Client" exists
  When I deactivate the subscription plan "Premium"
  Then the subscription plan "Premium" should no longer be available for new users
  And existing users with "Premium" plans should retain their benefits until the end of the billing cycle
]]></system-out>
  </testcase>
  <testcase name="View All Subscription Plans" classname="Subscription Management" time="0.01">
    <error message="The step &apos;I am logged in as an admin&apos; and 2 other step(s) are undefined.&#10;You can implement these steps using the snippet(s) below:&#10;&#10;@Given(&quot;I am logged in as an admin&quot;)&#10;public void iAmLoggedInAsAnAdmin() {&#10;    // Write code here that turns the phrase above into concrete actions&#10;    throw new io.cucumber.java.PendingException();&#10;}&#10;@When(&quot;I view all subscription plans&quot;)&#10;public void iViewAllSubscriptionPlans() {&#10;    // Write code here that turns the phrase above into concrete actions&#10;    throw new io.cucumber.java.PendingException();&#10;}&#10;@Then(&quot;I should see a list of all active plans with details:&quot;)&#10;public void iShouldSeeAListOfAllActivePlansWithDetails(io.cucumber.datatable.DataTable dataTable) {&#10;    // Write code here that turns the phrase above into concrete actions&#10;    // For automatic transformation, change DataTable to one of&#10;    // E, List&lt;E&gt;, List&lt;List&lt;E&gt;&gt;, List&lt;Map&lt;K,V&gt;&gt;, Map&lt;K,V&gt; or&#10;    // Map&lt;K, List&lt;V&gt;&gt;. E,K,V must be a String, Integer, Float,&#10;    // Double, Byte, Short, Long, BigInteger or BigDecimal.&#10;    //&#10;    // For other transformations you can register a DataTableType.&#10;    throw new io.cucumber.java.PendingException();&#10;}&#10;" type="io.cucumber.junit.UndefinedStepException"><![CDATA[io.cucumber.junit.UndefinedStepException: 
The step 'I am logged in as an admin' and 2 other step(s) are undefined.
You can implement these steps using the snippet(s) below:

@Given("I am logged in as an admin")
public void iAmLoggedInAsAnAdmin() {
    // Write code here that turns the phrase above into concrete actions
    throw new io.cucumber.java.PendingException();
}
@When("I view all subscription plans")
public void iViewAllSubscriptionPlans() {
    // Write code here that turns the phrase above into concrete actions
    throw new io.cucumber.java.PendingException();
}
@Then("I should see a list of all active plans with details:")
public void iShouldSeeAListOfAllActivePlansWithDetails(io.cucumber.datatable.DataTable dataTable) {
    // Write code here that turns the phrase above into concrete actions
    // For automatic transformation, change DataTable to one of
    // E, List<E>, List<List<E>>, List<Map<K,V>>, Map<K,V> or
    // Map<K, List<V>>. E,K,V must be a String, Integer, Float,
    // Double, Byte, Short, Long, BigInteger or BigDecimal.
    //
    // For other transformations you can register a DataTableType.
    throw new io.cucumber.java.PendingException();
}

]]></error>
    <system-out><![CDATA[
Scenario: View All Subscription Plans                        # Features/SubscriptionManagement.feature:25
  Given I am logged in as an admin
  When I view all subscription plans
  Then I should see a list of all active plans with details:
    | Plan Name  | Type       | Price  | Duration |
    | Basic      | Client     | $20/mo | Monthly  |
    | Premium    | Client     | $50/mo | Monthly  |
    | Instructor | Instructor | $40/mo | Monthly  |
]]></system-out>
  </testcase>
  <testcase name="Upgrade to a Premium Subscription" classname="Subscription Management" time="0.012">
    <error message="The step &apos;I am logged in as a user with a &quot;Basic&quot; subscription&apos; and 3 other step(s) are undefined.&#10;You can implement these steps using the snippet(s) below:&#10;&#10;@Given(&quot;I am logged in as a user with a {string} subscription&quot;)&#10;public void iAmLoggedInAsAUserWithASubscription(String string) {&#10;    // Write code here that turns the phrase above into concrete actions&#10;    throw new io.cucumber.java.PendingException();&#10;}&#10;@When(&quot;I upgrade to a {string} subscription&quot;)&#10;public void iUpgradeToASubscription(String string) {&#10;    // Write code here that turns the phrase above into concrete actions&#10;    throw new io.cucumber.java.PendingException();&#10;}&#10;@Then(&quot;my subscription type should be updated to {string}&quot;)&#10;public void mySubscriptionTypeShouldBeUpdatedTo(String string) {&#10;    // Write code here that turns the phrase above into concrete actions&#10;    throw new io.cucumber.java.PendingException();&#10;}&#10;@Then(&quot;I should be charged ${int} for the current billing cycle&quot;)&#10;public void iShouldBeCharged$ForTheCurrentBillingCycle(Integer int1) {&#10;    // Write code here that turns the phrase above into concrete actions&#10;    throw new io.cucumber.java.PendingException();&#10;}&#10;" type="io.cucumber.junit.UndefinedStepException"><![CDATA[io.cucumber.junit.UndefinedStepException: 
The step 'I am logged in as a user with a "Basic" subscription' and 3 other step(s) are undefined.
You can implement these steps using the snippet(s) below:

@Given("I am logged in as a user with a {string} subscription")
public void iAmLoggedInAsAUserWithASubscription(String string) {
    // Write code here that turns the phrase above into concrete actions
    throw new io.cucumber.java.PendingException();
}
@When("I upgrade to a {string} subscription")
public void iUpgradeToASubscription(String string) {
    // Write code here that turns the phrase above into concrete actions
    throw new io.cucumber.java.PendingException();
}
@Then("my subscription type should be updated to {string}")
public void mySubscriptionTypeShouldBeUpdatedTo(String string) {
    // Write code here that turns the phrase above into concrete actions
    throw new io.cucumber.java.PendingException();
}
@Then("I should be charged ${int} for the current billing cycle")
public void iShouldBeCharged$ForTheCurrentBillingCycle(Integer int1) {
    // Write code here that turns the phrase above into concrete actions
    throw new io.cucumber.java.PendingException();
}

]]></error>
    <system-out><![CDATA[
Scenario: Upgrade to a Premium Subscription                  # Features/SubscriptionManagement.feature:36
  Given I am logged in as a user with a "Basic" subscription
  When I upgrade to a "Premium" subscription
  Then my subscription type should be updated to "Premium"
  And I should be charged $50 for the current billing cycle
]]></system-out>
  </testcase>
  <testcase name="Downgrade to a Basic Subscription" classname="Subscription Management" time="0.011">
    <error message="The step &apos;I am logged in as a user with a &quot;Premium&quot; subscription&apos; and 3 other step(s) are undefined.&#10;You can implement these steps using the snippet(s) below:&#10;&#10;@Given(&quot;I am logged in as a user with a {string} subscription&quot;)&#10;public void iAmLoggedInAsAUserWithASubscription(String string) {&#10;    // Write code here that turns the phrase above into concrete actions&#10;    throw new io.cucumber.java.PendingException();&#10;}&#10;@When(&quot;I downgrade to a {string} subscription&quot;)&#10;public void iDowngradeToASubscription(String string) {&#10;    // Write code here that turns the phrase above into concrete actions&#10;    throw new io.cucumber.java.PendingException();&#10;}&#10;@Then(&quot;my subscription type should be updated to {string}&quot;)&#10;public void mySubscriptionTypeShouldBeUpdatedTo(String string) {&#10;    // Write code here that turns the phrase above into concrete actions&#10;    throw new io.cucumber.java.PendingException();&#10;}&#10;@Then(&quot;the changes should take effect in the next billing cycle&quot;)&#10;public void theChangesShouldTakeEffectInTheNextBillingCycle() {&#10;    // Write code here that turns the phrase above into concrete actions&#10;    throw new io.cucumber.java.PendingException();&#10;}&#10;" type="io.cucumber.junit.UndefinedStepException"><![CDATA[io.cucumber.junit.UndefinedStepException: 
The step 'I am logged in as a user with a "Premium" subscription' and 3 other step(s) are undefined.
You can implement these steps using the snippet(s) below:

@Given("I am logged in as a user with a {string} subscription")
public void iAmLoggedInAsAUserWithASubscription(String string) {
    // Write code here that turns the phrase above into concrete actions
    throw new io.cucumber.java.PendingException();
}
@When("I downgrade to a {string} subscription")
public void iDowngradeToASubscription(String string) {
    // Write code here that turns the phrase above into concrete actions
    throw new io.cucumber.java.PendingException();
}
@Then("my subscription type should be updated to {string}")
public void mySubscriptionTypeShouldBeUpdatedTo(String string) {
    // Write code here that turns the phrase above into concrete actions
    throw new io.cucumber.java.PendingException();
}
@Then("the changes should take effect in the next billing cycle")
public void theChangesShouldTakeEffectInTheNextBillingCycle() {
    // Write code here that turns the phrase above into concrete actions
    throw new io.cucumber.java.PendingException();
}

]]></error>
    <system-out><![CDATA[
Scenario: Downgrade to a Basic Subscription                    # Features/SubscriptionManagement.feature:42
  Given I am logged in as a user with a "Premium" subscription
  When I downgrade to a "Basic" subscription
  Then my subscription type should be updated to "Basic"
  And the changes should take effect in the next billing cycle
]]></system-out>
  </testcase>
  <testcase name="Cancel a Subscription" classname="Subscription Management" time="0.011">
    <error message="The step &apos;I am logged in as a user with an active subscription&apos; and 3 other step(s) are undefined.&#10;You can implement these steps using the snippet(s) below:&#10;&#10;@Given(&quot;I am logged in as a user with an active subscription&quot;)&#10;public void iAmLoggedInAsAUserWithAnActiveSubscription() {&#10;    // Write code here that turns the phrase above into concrete actions&#10;    throw new io.cucumber.java.PendingException();&#10;}&#10;@When(&quot;I cancel my subscription&quot;)&#10;public void iCancelMySubscription() {&#10;    // Write code here that turns the phrase above into concrete actions&#10;    throw new io.cucumber.java.PendingException();&#10;}&#10;@Then(&quot;my subscription should remain active until the end of the billing cycle&quot;)&#10;public void mySubscriptionShouldRemainActiveUntilTheEndOfTheBillingCycle() {&#10;    // Write code here that turns the phrase above into concrete actions&#10;    throw new io.cucumber.java.PendingException();&#10;}&#10;@Then(&quot;I should receive a confirmation message {string}&quot;)&#10;public void iShouldReceiveAConfirmationMessage(String string) {&#10;    // Write code here that turns the phrase above into concrete actions&#10;    throw new io.cucumber.java.PendingException();&#10;}&#10;" type="io.cucumber.junit.UndefinedStepException"><![CDATA[io.cucumber.junit.UndefinedStepException: 
The step 'I am logged in as a user with an active subscription' and 3 other step(s) are undefined.
You can implement these steps using the snippet(s) below:

@Given("I am logged in as a user with an active subscription")
public void iAmLoggedInAsAUserWithAnActiveSubscription() {
    // Write code here that turns the phrase above into concrete actions
    throw new io.cucumber.java.PendingException();
}
@When("I cancel my subscription")
public void iCancelMySubscription() {
    // Write code here that turns the phrase above into concrete actions
    throw new io.cucumber.java.PendingException();
}
@Then("my subscription should remain active until the end of the billing cycle")
public void mySubscriptionShouldRemainActiveUntilTheEndOfTheBillingCycle() {
    // Write code here that turns the phrase above into concrete actions
    throw new io.cucumber.java.PendingException();
}
@Then("I should receive a confirmation message {string}")
public void iShouldReceiveAConfirmationMessage(String string) {
    // Write code here that turns the phrase above into concrete actions
    throw new io.cucumber.java.PendingException();
}

]]></error>
    <system-out><![CDATA[
Scenario: Cancel a Subscription                                                                                 # Features/SubscriptionManagement.feature:48
  Given I am logged in as a user with an active subscription
  When I cancel my subscription
  Then my subscription should remain active until the end of the billing cycle
  And I should receive a confirmation message "Your subscription has been canceled and will end on <end_date>."
]]></system-out>
  </testcase>
  <testcase name="View Available Subscription Plans" classname="Subscription Management" time="0.012">
    <error message="The step &apos;I am logged in as a user&apos; and 2 other step(s) are undefined.&#10;You can implement these steps using the snippet(s) below:&#10;&#10;@Given(&quot;I am logged in as a user&quot;)&#10;public void iAmLoggedInAsAUser() {&#10;    // Write code here that turns the phrase above into concrete actions&#10;    throw new io.cucumber.java.PendingException();&#10;}&#10;@When(&quot;I view the available subscription plans&quot;)&#10;public void iViewTheAvailableSubscriptionPlans() {&#10;    // Write code here that turns the phrase above into concrete actions&#10;    throw new io.cucumber.java.PendingException();&#10;}&#10;@Then(&quot;I should see a list of plans with details:&quot;)&#10;public void iShouldSeeAListOfPlansWithDetails(io.cucumber.datatable.DataTable dataTable) {&#10;    // Write code here that turns the phrase above into concrete actions&#10;    // For automatic transformation, change DataTable to one of&#10;    // E, List&lt;E&gt;, List&lt;List&lt;E&gt;&gt;, List&lt;Map&lt;K,V&gt;&gt;, Map&lt;K,V&gt; or&#10;    // Map&lt;K, List&lt;V&gt;&gt;. E,K,V must be a String, Integer, Float,&#10;    // Double, Byte, Short, Long, BigInteger or BigDecimal.&#10;    //&#10;    // For other transformations you can register a DataTableType.&#10;    throw new io.cucumber.java.PendingException();&#10;}&#10;" type="io.cucumber.junit.UndefinedStepException"><![CDATA[io.cucumber.junit.UndefinedStepException: 
The step 'I am logged in as a user' and 2 other step(s) are undefined.
You can implement these steps using the snippet(s) below:

@Given("I am logged in as a user")
public void iAmLoggedInAsAUser() {
    // Write code here that turns the phrase above into concrete actions
    throw new io.cucumber.java.PendingException();
}
@When("I view the available subscription plans")
public void iViewTheAvailableSubscriptionPlans() {
    // Write code here that turns the phrase above into concrete actions
    throw new io.cucumber.java.PendingException();
}
@Then("I should see a list of plans with details:")
public void iShouldSeeAListOfPlansWithDetails(io.cucumber.datatable.DataTable dataTable) {
    // Write code here that turns the phrase above into concrete actions
    // For automatic transformation, change DataTable to one of
    // E, List<E>, List<List<E>>, List<Map<K,V>>, Map<K,V> or
    // Map<K, List<V>>. E,K,V must be a String, Integer, Float,
    // Double, Byte, Short, Long, BigInteger or BigDecimal.
    //
    // For other transformations you can register a DataTableType.
    throw new io.cucumber.java.PendingException();
}

]]></error>
    <system-out><![CDATA[
Scenario: View Available Subscription Plans       # Features/SubscriptionManagement.feature:54
  Given I am logged in as a user
  When I view the available subscription plans
  Then I should see a list of plans with details:
    | Plan Name | Type   | Price  | Duration |
    | Basic     | Client | $20/mo | Monthly  |
    | Premium   | Client | $50/mo | Monthly  |
]]></system-out>
  </testcase>
  <testcase name="Receive Notification for Expiring Subscription" classname="Subscription Management" time="0.01">
    <error message="The step &apos;I am logged in as a user with a subscription expiring in 7 days&apos; and 2 other step(s) are undefined.&#10;You can implement these steps using the snippet(s) below:&#10;&#10;@Given(&quot;I am logged in as a user with a subscription expiring in {int} days&quot;)&#10;public void iAmLoggedInAsAUserWithASubscriptionExpiringInDays(Integer int1) {&#10;    // Write code here that turns the phrase above into concrete actions&#10;    throw new io.cucumber.java.PendingException();&#10;}&#10;@When(&quot;the system generates notifications&quot;)&#10;public void theSystemGeneratesNotifications() {&#10;    // Write code here that turns the phrase above into concrete actions&#10;    throw new io.cucumber.java.PendingException();&#10;}&#10;@Then(&quot;I should receive a message {string}&quot;)&#10;public void iShouldReceiveAMessage(String string) {&#10;    // Write code here that turns the phrase above into concrete actions&#10;    throw new io.cucumber.java.PendingException();&#10;}&#10;" type="io.cucumber.junit.UndefinedStepException"><![CDATA[io.cucumber.junit.UndefinedStepException: 
The step 'I am logged in as a user with a subscription expiring in 7 days' and 2 other step(s) are undefined.
You can implement these steps using the snippet(s) below:

@Given("I am logged in as a user with a subscription expiring in {int} days")
public void iAmLoggedInAsAUserWithASubscriptionExpiringInDays(Integer int1) {
    // Write code here that turns the phrase above into concrete actions
    throw new io.cucumber.java.PendingException();
}
@When("the system generates notifications")
public void theSystemGeneratesNotifications() {
    // Write code here that turns the phrase above into concrete actions
    throw new io.cucumber.java.PendingException();
}
@Then("I should receive a message {string}")
public void iShouldReceiveAMessage(String string) {
    // Write code here that turns the phrase above into concrete actions
    throw new io.cucumber.java.PendingException();
}

]]></error>
    <system-out><![CDATA[
Scenario: Receive Notification for Expiring Subscription                                                          # Features/SubscriptionManagement.feature:62
  Given I am logged in as a user with a subscription expiring in 7 days
  When the system generates notifications
  Then I should receive a message "Your subscription will expire on <end_date>. Renew now to avoid interruption."
]]></system-out>
  </testcase>
  <testcase name="login successfully" classname="Login" time="0.027">
    <error message="The step &apos;The user has entered all the data correctly  &quot;email&quot; , &quot;password&quot;&apos; is undefined.&#10;You can implement this step using the snippet(s) below:&#10;&#10;@Given(&quot;The user has entered all the data correctly  {string} , {string}&quot;)&#10;public void theUserHasEnteredAllTheDataCorrectly(String string, String string2) {&#10;    // Write code here that turns the phrase above into concrete actions&#10;    throw new io.cucumber.java.PendingException();&#10;}&#10;" type="io.cucumber.junit.UndefinedStepException"><![CDATA[io.cucumber.junit.UndefinedStepException: 
The step 'The user has entered all the data correctly  "email" , "password"' is undefined.
You can implement this step using the snippet(s) below:

@Given("The user has entered all the data correctly  {string} , {string}")
public void theUserHasEnteredAllTheDataCorrectly(String string, String string2) {
    // Write code here that turns the phrase above into concrete actions
    throw new io.cucumber.java.PendingException();
}

]]></error>
    <system-out><![CDATA[
@tag1
Scenario: login successfully                                            # Features/loginFeature.feature:5
  Given that the user is not logged in                                  # fitnessAcceptanceTest.login.that_the_user_is_not_logged_in()
  And The user has entered all the data correctly  "email" , "password"
  Then the user is logged in successfully                               # fitnessAcceptanceTest.login.the_user_is_logged_in_successfully()
]]></system-out>
  </testcase>
  <testcase name="username error" classname="Login" time="0.029">
    <error message="Cannot invoke &quot;java.lang.System$Logger.log(java.lang.System$Logger$Level, String)&quot; because &quot;fitnessAcceptanceTest.login.logger&quot; is null" type="java.lang.NullPointerException"><![CDATA[java.lang.NullPointerException: Cannot invoke "java.lang.System$Logger.log(java.lang.System$Logger$Level, String)" because "fitnessAcceptanceTest.login.logger" is null
]]></error>
    <system-out><![CDATA[
@tag2
Scenario: username error                                 # Features/loginFeature.feature:11
  Given that the user is not logged in                   # fitnessAcceptanceTest.login.that_the_user_is_not_logged_in()
  And "username" is not in the database                  # fitnessAcceptanceTest.login.is_not_in_the_database(java.lang.String)
  Then Show "The username entered is incorrect" message. # fitnessAcceptanceTest.login.show_message(java.lang.String)
      java.lang.NullPointerException: Cannot invoke "java.lang.System$Logger.log(java.lang.System$Logger$Level, String)" because "fitnessAcceptanceTest.login.logger" is null
	at fitnessAcceptanceTest.login.show_message(login.java:52)
	at ✽.Show "The username entered is incorrect" message.(file:///C:/Users/Hp%20Zbook/git/Fitnes/Fitness/Features/loginFeature.feature:14)

]]></system-out>
  </testcase>
  <testcase name="password error" classname="Login" time="0.012">
    <error message="Cannot invoke &quot;java.lang.System$Logger.log(java.lang.System$Logger$Level, String)&quot; because &quot;fitnessAcceptanceTest.login.logger&quot; is null" type="java.lang.NullPointerException"><![CDATA[java.lang.NullPointerException: Cannot invoke "java.lang.System$Logger.log(java.lang.System$Logger$Level, String)" because "fitnessAcceptanceTest.login.logger" is null
]]></error>
    <system-out><![CDATA[
@tag3
Scenario: password error                                # Features/loginFeature.feature:17
  Given that the user is not logged in                  # fitnessAcceptanceTest.login.that_the_user_is_not_logged_in()
  And the "password" not in database                    # fitnessAcceptanceTest.login.the_not_in_database(java.lang.String)
  Then Show message "The password entered is incorrect" # fitnessAcceptanceTest.login.show_message_with_error(java.lang.String)
      java.lang.NullPointerException: Cannot invoke "java.lang.System$Logger.log(java.lang.System$Logger$Level, String)" because "fitnessAcceptanceTest.login.logger" is null
	at fitnessAcceptanceTest.login.show_message_with_error(login.java:66)
	at ✽.Show message "The password entered is incorrect"(file:///C:/Users/Hp%20Zbook/git/Fitnes/Fitness/Features/loginFeature.feature:20)

]]></system-out>
  </testcase>
  <testcase name="View statistics of the most popular programs" classname="Program Monitoring" time="0.017">
    <error message="The step &apos;I am logged in as an admin&apos; and 3 other step(s) are undefined.&#10;You can implement these steps using the snippet(s) below:&#10;&#10;@Given(&quot;I am logged in as an admin&quot;)&#10;public void iAmLoggedInAsAnAdmin() {&#10;    // Write code here that turns the phrase above into concrete actions&#10;    throw new io.cucumber.java.PendingException();&#10;}&#10;@Given(&quot;I navigate to the {string}&quot;)&#10;public void iNavigateToThe(String string) {&#10;    // Write code here that turns the phrase above into concrete actions&#10;    throw new io.cucumber.java.PendingException();&#10;}&#10;@When(&quot;I select the option to view {string}&quot;)&#10;public void iSelectTheOptionToView(String string) {&#10;    // Write code here that turns the phrase above into concrete actions&#10;    throw new io.cucumber.java.PendingException();&#10;}&#10;@Then(&quot;I should see a list of programs sorted by enrollment&quot;)&#10;public void iShouldSeeAListOfProgramsSortedByEnrollment(io.cucumber.datatable.DataTable dataTable) {&#10;    // Write code here that turns the phrase above into concrete actions&#10;    // For automatic transformation, change DataTable to one of&#10;    // E, List&lt;E&gt;, List&lt;List&lt;E&gt;&gt;, List&lt;Map&lt;K,V&gt;&gt;, Map&lt;K,V&gt; or&#10;    // Map&lt;K, List&lt;V&gt;&gt;. E,K,V must be a String, Integer, Float,&#10;    // Double, Byte, Short, Long, BigInteger or BigDecimal.&#10;    //&#10;    // For other transformations you can register a DataTableType.&#10;    throw new io.cucumber.java.PendingException();&#10;}&#10;" type="io.cucumber.junit.UndefinedStepException"><![CDATA[io.cucumber.junit.UndefinedStepException: 
The step 'I am logged in as an admin' and 3 other step(s) are undefined.
You can implement these steps using the snippet(s) below:

@Given("I am logged in as an admin")
public void iAmLoggedInAsAnAdmin() {
    // Write code here that turns the phrase above into concrete actions
    throw new io.cucumber.java.PendingException();
}
@Given("I navigate to the {string}")
public void iNavigateToThe(String string) {
    // Write code here that turns the phrase above into concrete actions
    throw new io.cucumber.java.PendingException();
}
@When("I select the option to view {string}")
public void iSelectTheOptionToView(String string) {
    // Write code here that turns the phrase above into concrete actions
    throw new io.cucumber.java.PendingException();
}
@Then("I should see a list of programs sorted by enrollment")
public void iShouldSeeAListOfProgramsSortedByEnrollment(io.cucumber.datatable.DataTable dataTable) {
    // Write code here that turns the phrase above into concrete actions
    // For automatic transformation, change DataTable to one of
    // E, List<E>, List<List<E>>, List<Map<K,V>>, Map<K,V> or
    // Map<K, List<V>>. E,K,V must be a String, Integer, Float,
    // Double, Byte, Short, Long, BigInteger or BigDecimal.
    //
    // For other transformations you can register a DataTableType.
    throw new io.cucumber.java.PendingException();
}

]]></error>
    <system-out><![CDATA[
Scenario: View statistics of the most popular programs      # Features/programMonoter.feature:10
  Given I am logged in as an admin
  Given I navigate to the "Program Monitoring Dashboard"
  When I select the option to view "Most Popular Programs"
  Then I should see a list of programs sorted by enrollment
    | Program Name     | Enrollment     |
    | Yoga Basics      | <enrollment_1> |
    | Advanced Fitness | <enrollment_2> |
    | Healthy Cooking  | <enrollment_3> |
]]></system-out>
  </testcase>
  <testcase name="Generate reports on revenue, attendance, and client progress" classname="Program Monitoring" time="0.021">
    <error message="The step &apos;I am logged in as an admin&apos; and 8 other step(s) are undefined.&#10;You can implement these steps using the snippet(s) below:&#10;&#10;@Given(&quot;I am logged in as an admin&quot;)&#10;public void iAmLoggedInAsAnAdmin() {&#10;    // Write code here that turns the phrase above into concrete actions&#10;    throw new io.cucumber.java.PendingException();&#10;}&#10;@Given(&quot;I am on the {string}&quot;)&#10;public void iAmOnThe(String string) {&#10;    // Write code here that turns the phrase above into concrete actions&#10;    throw new io.cucumber.java.PendingException();&#10;}&#10;@When(&quot;I select the option to generate {string}&quot;)&#10;public void iSelectTheOptionToGenerate(String string) {&#10;    // Write code here that turns the phrase above into concrete actions&#10;    throw new io.cucumber.java.PendingException();&#10;}&#10;@When(&quot;I specify the report type as {string}&quot;)&#10;public void iSpecifyTheReportTypeAs(String string) {&#10;    // Write code here that turns the phrase above into concrete actions&#10;    throw new io.cucumber.java.PendingException();&#10;}&#10;@Then(&quot;I should receive a detailed revenue report for all programs&quot;)&#10;public void iShouldReceiveADetailedRevenueReportForAllPrograms(io.cucumber.datatable.DataTable dataTable) {&#10;    // Write code here that turns the phrase above into concrete actions&#10;    // For automatic transformation, change DataTable to one of&#10;    // E, List&lt;E&gt;, List&lt;List&lt;E&gt;&gt;, List&lt;Map&lt;K,V&gt;&gt;, Map&lt;K,V&gt; or&#10;    // Map&lt;K, List&lt;V&gt;&gt;. E,K,V must be a String, Integer, Float,&#10;    // Double, Byte, Short, Long, BigInteger or BigDecimal.&#10;    //&#10;    // For other transformations you can register a DataTableType.&#10;    throw new io.cucumber.java.PendingException();&#10;}&#10;@Then(&quot;I should receive a detailed attendance report for all programs&quot;)&#10;public void iShouldReceiveADetailedAttendanceReportForAllPrograms(io.cucumber.datatable.DataTable dataTable) {&#10;    // Write code here that turns the phrase above into concrete actions&#10;    // For automatic transformation, change DataTable to one of&#10;    // E, List&lt;E&gt;, List&lt;List&lt;E&gt;&gt;, List&lt;Map&lt;K,V&gt;&gt;, Map&lt;K,V&gt; or&#10;    // Map&lt;K, List&lt;V&gt;&gt;. E,K,V must be a String, Integer, Float,&#10;    // Double, Byte, Short, Long, BigInteger or BigDecimal.&#10;    //&#10;    // For other transformations you can register a DataTableType.&#10;    throw new io.cucumber.java.PendingException();&#10;}&#10;@Then(&quot;I should receive a detailed progress report for all enrolled clients&quot;)&#10;public void iShouldReceiveADetailedProgressReportForAllEnrolledClients(io.cucumber.datatable.DataTable dataTable) {&#10;    // Write code here that turns the phrase above into concrete actions&#10;    // For automatic transformation, change DataTable to one of&#10;    // E, List&lt;E&gt;, List&lt;List&lt;E&gt;&gt;, List&lt;Map&lt;K,V&gt;&gt;, Map&lt;K,V&gt; or&#10;    // Map&lt;K, List&lt;V&gt;&gt;. E,K,V must be a String, Integer, Float,&#10;    // Double, Byte, Short, Long, BigInteger or BigDecimal.&#10;    //&#10;    // For other transformations you can register a DataTableType.&#10;    throw new io.cucumber.java.PendingException();&#10;}&#10;" type="io.cucumber.junit.UndefinedStepException"><![CDATA[io.cucumber.junit.UndefinedStepException: 
The step 'I am logged in as an admin' and 8 other step(s) are undefined.
You can implement these steps using the snippet(s) below:

@Given("I am logged in as an admin")
public void iAmLoggedInAsAnAdmin() {
    // Write code here that turns the phrase above into concrete actions
    throw new io.cucumber.java.PendingException();
}
@Given("I am on the {string}")
public void iAmOnThe(String string) {
    // Write code here that turns the phrase above into concrete actions
    throw new io.cucumber.java.PendingException();
}
@When("I select the option to generate {string}")
public void iSelectTheOptionToGenerate(String string) {
    // Write code here that turns the phrase above into concrete actions
    throw new io.cucumber.java.PendingException();
}
@When("I specify the report type as {string}")
public void iSpecifyTheReportTypeAs(String string) {
    // Write code here that turns the phrase above into concrete actions
    throw new io.cucumber.java.PendingException();
}
@Then("I should receive a detailed revenue report for all programs")
public void iShouldReceiveADetailedRevenueReportForAllPrograms(io.cucumber.datatable.DataTable dataTable) {
    // Write code here that turns the phrase above into concrete actions
    // For automatic transformation, change DataTable to one of
    // E, List<E>, List<List<E>>, List<Map<K,V>>, Map<K,V> or
    // Map<K, List<V>>. E,K,V must be a String, Integer, Float,
    // Double, Byte, Short, Long, BigInteger or BigDecimal.
    //
    // For other transformations you can register a DataTableType.
    throw new io.cucumber.java.PendingException();
}
@Then("I should receive a detailed attendance report for all programs")
public void iShouldReceiveADetailedAttendanceReportForAllPrograms(io.cucumber.datatable.DataTable dataTable) {
    // Write code here that turns the phrase above into concrete actions
    // For automatic transformation, change DataTable to one of
    // E, List<E>, List<List<E>>, List<Map<K,V>>, Map<K,V> or
    // Map<K, List<V>>. E,K,V must be a String, Integer, Float,
    // Double, Byte, Short, Long, BigInteger or BigDecimal.
    //
    // For other transformations you can register a DataTableType.
    throw new io.cucumber.java.PendingException();
}
@Then("I should receive a detailed progress report for all enrolled clients")
public void iShouldReceiveADetailedProgressReportForAllEnrolledClients(io.cucumber.datatable.DataTable dataTable) {
    // Write code here that turns the phrase above into concrete actions
    // For automatic transformation, change DataTable to one of
    // E, List<E>, List<List<E>>, List<Map<K,V>>, Map<K,V> or
    // Map<K, List<V>>. E,K,V must be a String, Integer, Float,
    // Double, Byte, Short, Long, BigInteger or BigDecimal.
    //
    // For other transformations you can register a DataTableType.
    throw new io.cucumber.java.PendingException();
}

]]></error>
    <system-out><![CDATA[
Scenario: Generate reports on revenue, attendance, and client progress      # Features/programMonoter.feature:19
  Given I am logged in as an admin
  Given I am on the "Program Monitoring Dashboard"
  When I select the option to generate "Program Performance Reports"
  And I specify the report type as "Revenue"
  Then I should receive a detailed revenue report for all programs
    | Program Name     | Revenue     |
    | Yoga Basics      | <revenue_1> |
    | Advanced Fitness | <revenue_2> |
    | Healthy Cooking  | <revenue_3> |
  When I specify the report type as "Attendance"
  Then I should receive a detailed attendance report for all programs
    | Program Name     | Attendance     |
    | Yoga Basics      | <attendance_1> |
    | Advanced Fitness | <attendance_2> |
    | Healthy Cooking  | <attendance_3> |
  When I specify the report type as "Client Progress"
  Then I should receive a detailed progress report for all enrolled clients
    | Client Name | Progress Level |
    | Alice Smith | 75%            |
    | Bob Johnson | 85%            |
]]></system-out>
  </testcase>
  <testcase name="Track active and completed programs" classname="Program Monitoring" time="0.011">
    <error message="The step &apos;I am logged in as an admin&apos; and 3 other step(s) are undefined.&#10;You can implement these steps using the snippet(s) below:&#10;&#10;@Given(&quot;I am logged in as an admin&quot;)&#10;public void iAmLoggedInAsAnAdmin() {&#10;    // Write code here that turns the phrase above into concrete actions&#10;    throw new io.cucumber.java.PendingException();&#10;}&#10;@Given(&quot;I am on the {string}&quot;)&#10;public void iAmOnThe(String string) {&#10;    // Write code here that turns the phrase above into concrete actions&#10;    throw new io.cucumber.java.PendingException();&#10;}&#10;@When(&quot;I select the option to view {string}&quot;)&#10;public void iSelectTheOptionToView(String string) {&#10;    // Write code here that turns the phrase above into concrete actions&#10;    throw new io.cucumber.java.PendingException();&#10;}&#10;@Then(&quot;I should see programs categorized by status&quot;)&#10;public void iShouldSeeProgramsCategorizedByStatus(io.cucumber.datatable.DataTable dataTable) {&#10;    // Write code here that turns the phrase above into concrete actions&#10;    // For automatic transformation, change DataTable to one of&#10;    // E, List&lt;E&gt;, List&lt;List&lt;E&gt;&gt;, List&lt;Map&lt;K,V&gt;&gt;, Map&lt;K,V&gt; or&#10;    // Map&lt;K, List&lt;V&gt;&gt;. E,K,V must be a String, Integer, Float,&#10;    // Double, Byte, Short, Long, BigInteger or BigDecimal.&#10;    //&#10;    // For other transformations you can register a DataTableType.&#10;    throw new io.cucumber.java.PendingException();&#10;}&#10;" type="io.cucumber.junit.UndefinedStepException"><![CDATA[io.cucumber.junit.UndefinedStepException: 
The step 'I am logged in as an admin' and 3 other step(s) are undefined.
You can implement these steps using the snippet(s) below:

@Given("I am logged in as an admin")
public void iAmLoggedInAsAnAdmin() {
    // Write code here that turns the phrase above into concrete actions
    throw new io.cucumber.java.PendingException();
}
@Given("I am on the {string}")
public void iAmOnThe(String string) {
    // Write code here that turns the phrase above into concrete actions
    throw new io.cucumber.java.PendingException();
}
@When("I select the option to view {string}")
public void iSelectTheOptionToView(String string) {
    // Write code here that turns the phrase above into concrete actions
    throw new io.cucumber.java.PendingException();
}
@Then("I should see programs categorized by status")
public void iShouldSeeProgramsCategorizedByStatus(io.cucumber.datatable.DataTable dataTable) {
    // Write code here that turns the phrase above into concrete actions
    // For automatic transformation, change DataTable to one of
    // E, List<E>, List<List<E>>, List<Map<K,V>>, Map<K,V> or
    // Map<K, List<V>>. E,K,V must be a String, Integer, Float,
    // Double, Byte, Short, Long, BigInteger or BigDecimal.
    //
    // For other transformations you can register a DataTableType.
    throw new io.cucumber.java.PendingException();
}

]]></error>
    <system-out><![CDATA[
Scenario: Track active and completed programs       # Features/programMonoter.feature:40
  Given I am logged in as an admin
  Given I am on the "Program Monitoring Dashboard"
  When I select the option to view "Program Status"
  Then I should see programs categorized by status
    | Program Name     | Status    |
    | Yoga Basics      | Active    |
    | Advanced Fitness | Completed |
    | Healthy Cooking  | Active    |
]]></system-out>
  </testcase>
  <testcase name="Export program performance reports" classname="Program Monitoring" time="0.015">
    <error message="The step &apos;I am logged in as an admin&apos; and 5 other step(s) are undefined.&#10;You can implement these steps using the snippet(s) below:&#10;&#10;@Given(&quot;I am logged in as an admin&quot;)&#10;public void iAmLoggedInAsAnAdmin() {&#10;    // Write code here that turns the phrase above into concrete actions&#10;    throw new io.cucumber.java.PendingException();&#10;}&#10;@Given(&quot;I am on the {string}&quot;)&#10;public void iAmOnThe(String string) {&#10;    // Write code here that turns the phrase above into concrete actions&#10;    throw new io.cucumber.java.PendingException();&#10;}&#10;@When(&quot;I click {string}&quot;)&#10;public void iClick(String string) {&#10;    // Write code here that turns the phrase above into concrete actions&#10;    throw new io.cucumber.java.PendingException();&#10;}&#10;@When(&quot;I select the report type as {string}&quot;)&#10;public void iSelectTheReportTypeAs(String string) {&#10;    // Write code here that turns the phrase above into concrete actions&#10;    throw new io.cucumber.java.PendingException();&#10;}&#10;@Then(&quot;a downloadable revenue report should be generated&quot;)&#10;public void aDownloadableRevenueReportShouldBeGenerated() {&#10;    // Write code here that turns the phrase above into concrete actions&#10;    throw new io.cucumber.java.PendingException();&#10;}&#10;@Then(&quot;the file name should include the current date in the format {string}&quot;)&#10;public void theFileNameShouldIncludeTheCurrentDateInTheFormat(String string) {&#10;    // Write code here that turns the phrase above into concrete actions&#10;    throw new io.cucumber.java.PendingException();&#10;}&#10;" type="io.cucumber.junit.UndefinedStepException"><![CDATA[io.cucumber.junit.UndefinedStepException: 
The step 'I am logged in as an admin' and 5 other step(s) are undefined.
You can implement these steps using the snippet(s) below:

@Given("I am logged in as an admin")
public void iAmLoggedInAsAnAdmin() {
    // Write code here that turns the phrase above into concrete actions
    throw new io.cucumber.java.PendingException();
}
@Given("I am on the {string}")
public void iAmOnThe(String string) {
    // Write code here that turns the phrase above into concrete actions
    throw new io.cucumber.java.PendingException();
}
@When("I click {string}")
public void iClick(String string) {
    // Write code here that turns the phrase above into concrete actions
    throw new io.cucumber.java.PendingException();
}
@When("I select the report type as {string}")
public void iSelectTheReportTypeAs(String string) {
    // Write code here that turns the phrase above into concrete actions
    throw new io.cucumber.java.PendingException();
}
@Then("a downloadable revenue report should be generated")
public void aDownloadableRevenueReportShouldBeGenerated() {
    // Write code here that turns the phrase above into concrete actions
    throw new io.cucumber.java.PendingException();
}
@Then("the file name should include the current date in the format {string}")
public void theFileNameShouldIncludeTheCurrentDateInTheFormat(String string) {
    // Write code here that turns the phrase above into concrete actions
    throw new io.cucumber.java.PendingException();
}

]]></error>
    <system-out><![CDATA[
Scenario: Export program performance reports                                                        # Features/programMonoter.feature:49
  Given I am logged in as an admin
  Given I am on the "Program Monitoring Dashboard"
  When I click "Export Report"
  And I select the report type as "Revenue"
  Then a downloadable revenue report should be generated
  And the file name should include the current date in the format "Revenue_Report_<yyyy-MM-dd>.csv"
]]></system-out>
  </testcase>
  <testcase name="Register customer successful" classname="Sign-up" time="0.018">
    <system-out><![CDATA[
@tag @tag1
Scenario: Register customer successful                                                                                        # Features/signupFeature.feature:6
  Given there is a customer with customer ID "id" ,NAME "customer name" , PASSWORD "pass " , phone "phone", address "address" # fitnessAcceptanceTest.SignupTest.thereIsACustomerWithCustomerIDNAMEPASSWORDPhoneAddress(java.lang.String,java.lang.String,java.lang.String,java.lang.String,java.lang.String)
You should login first
  When the customer is registered "customer name"                                                                             # fitnessAcceptanceTest.SignupTest.theCustomerIsRegistered(java.lang.String)
]]></system-out>
  </testcase>
  <testcase name="a customer that is already registered" classname="Sign-up" time="0.009">
    <system-out><![CDATA[
@tag @tag2
Scenario: a customer that is already registered                                                                               # Features/signupFeature.feature:12
  Given there is a customer with customer ID "id" ,NAME "customer name" , PASSWORD "pass " , phone "phone", address "address" # fitnessAcceptanceTest.SignupTest.thereIsACustomerWithCustomerIDNAMEPASSWORDPhoneAddress(java.lang.String,java.lang.String,java.lang.String,java.lang.String,java.lang.String)
You should login first
  When the customer is registered "customer name"                                                                             # fitnessAcceptanceTest.SignupTest.theCustomerIsRegistered(java.lang.String)
]]></system-out>
  </testcase>
  <testcase name="Add New User" classname="User Management" time="0.012">
    <error message="The step &apos;I am logged in as an admin&apos; and 3 other step(s) are undefined.&#10;You can implement these steps using the snippet(s) below:&#10;&#10;@Given(&quot;I am logged in as an admin&quot;)&#10;public void iAmLoggedInAsAnAdmin() {&#10;    // Write code here that turns the phrase above into concrete actions&#10;    throw new io.cucumber.java.PendingException();&#10;}&#10;@When(&quot;I add a new user with valid details&quot;)&#10;public void iAddANewUserWithValidDetails() {&#10;    // Write code here that turns the phrase above into concrete actions&#10;    throw new io.cucumber.java.PendingException();&#10;}&#10;@Then(&quot;the new user should be created successfully&quot;)&#10;public void theNewUserShouldBeCreatedSuccessfully() {&#10;    // Write code here that turns the phrase above into concrete actions&#10;    throw new io.cucumber.java.PendingException();&#10;}&#10;@Then(&quot;I should see a success message confirming the addition&quot;)&#10;public void iShouldSeeASuccessMessageConfirmingTheAddition() {&#10;    // Write code here that turns the phrase above into concrete actions&#10;    throw new io.cucumber.java.PendingException();&#10;}&#10;" type="io.cucumber.junit.UndefinedStepException"><![CDATA[io.cucumber.junit.UndefinedStepException: 
The step 'I am logged in as an admin' and 3 other step(s) are undefined.
You can implement these steps using the snippet(s) below:

@Given("I am logged in as an admin")
public void iAmLoggedInAsAnAdmin() {
    // Write code here that turns the phrase above into concrete actions
    throw new io.cucumber.java.PendingException();
}
@When("I add a new user with valid details")
public void iAddANewUserWithValidDetails() {
    // Write code here that turns the phrase above into concrete actions
    throw new io.cucumber.java.PendingException();
}
@Then("the new user should be created successfully")
public void theNewUserShouldBeCreatedSuccessfully() {
    // Write code here that turns the phrase above into concrete actions
    throw new io.cucumber.java.PendingException();
}
@Then("I should see a success message confirming the addition")
public void iShouldSeeASuccessMessageConfirmingTheAddition() {
    // Write code here that turns the phrase above into concrete actions
    throw new io.cucumber.java.PendingException();
}

]]></error>
    <system-out><![CDATA[
@tag @tag1
Scenario: Add New User                                       # Features/userMangmentFeature.feature:7
  Given I am logged in as an admin
  When I add a new user with valid details
  Then the new user should be created successfully
  And I should see a success message confirming the addition
]]></system-out>
  </testcase>
  <testcase name="Update User Details" classname="User Management" time="0.009">
    <error message="The step &apos;I am logged in as an admin&apos; and 3 other step(s) are undefined.&#10;You can implement these steps using the snippet(s) below:&#10;&#10;@Given(&quot;I am logged in as an admin&quot;)&#10;public void iAmLoggedInAsAnAdmin() {&#10;    // Write code here that turns the phrase above into concrete actions&#10;    throw new io.cucumber.java.PendingException();&#10;}&#10;@When(&quot;I update the user details with new information&quot;)&#10;public void iUpdateTheUserDetailsWithNewInformation() {&#10;    // Write code here that turns the phrase above into concrete actions&#10;    throw new io.cucumber.java.PendingException();&#10;}&#10;@Then(&quot;the updated user details should be saved&quot;)&#10;public void theUpdatedUserDetailsShouldBeSaved() {&#10;    // Write code here that turns the phrase above into concrete actions&#10;    throw new io.cucumber.java.PendingException();&#10;}&#10;@Then(&quot;I should see a confirmation message with the updated information&quot;)&#10;public void iShouldSeeAConfirmationMessageWithTheUpdatedInformation() {&#10;    // Write code here that turns the phrase above into concrete actions&#10;    throw new io.cucumber.java.PendingException();&#10;}&#10;" type="io.cucumber.junit.UndefinedStepException"><![CDATA[io.cucumber.junit.UndefinedStepException: 
The step 'I am logged in as an admin' and 3 other step(s) are undefined.
You can implement these steps using the snippet(s) below:

@Given("I am logged in as an admin")
public void iAmLoggedInAsAnAdmin() {
    // Write code here that turns the phrase above into concrete actions
    throw new io.cucumber.java.PendingException();
}
@When("I update the user details with new information")
public void iUpdateTheUserDetailsWithNewInformation() {
    // Write code here that turns the phrase above into concrete actions
    throw new io.cucumber.java.PendingException();
}
@Then("the updated user details should be saved")
public void theUpdatedUserDetailsShouldBeSaved() {
    // Write code here that turns the phrase above into concrete actions
    throw new io.cucumber.java.PendingException();
}
@Then("I should see a confirmation message with the updated information")
public void iShouldSeeAConfirmationMessageWithTheUpdatedInformation() {
    // Write code here that turns the phrase above into concrete actions
    throw new io.cucumber.java.PendingException();
}

]]></error>
    <system-out><![CDATA[
@tag @tag2
Scenario: Update User Details                                          # Features/userMangmentFeature.feature:16
  Given I am logged in as an admin
  When I update the user details with new information
  Then the updated user details should be saved
  And I should see a confirmation message with the updated information
]]></system-out>
  </testcase>
  <testcase name="Deactivate User Account" classname="User Management" time="0.009">
    <error message="The step &apos;I am logged in as an admin&apos; and 3 other step(s) are undefined.&#10;You can implement these steps using the snippet(s) below:&#10;&#10;@Given(&quot;I am logged in as an admin&quot;)&#10;public void iAmLoggedInAsAnAdmin() {&#10;    // Write code here that turns the phrase above into concrete actions&#10;    throw new io.cucumber.java.PendingException();&#10;}&#10;@When(&quot;I deactivate a user account&quot;)&#10;public void iDeactivateAUserAccount() {&#10;    // Write code here that turns the phrase above into concrete actions&#10;    throw new io.cucumber.java.PendingException();&#10;}&#10;@Then(&quot;the user should be deactivated&quot;)&#10;public void theUserShouldBeDeactivated() {&#10;    // Write code here that turns the phrase above into concrete actions&#10;    throw new io.cucumber.java.PendingException();&#10;}&#10;@Then(&quot;I should see a success message confirming the deactivation&quot;)&#10;public void iShouldSeeASuccessMessageConfirmingTheDeactivation() {&#10;    // Write code here that turns the phrase above into concrete actions&#10;    throw new io.cucumber.java.PendingException();&#10;}&#10;" type="io.cucumber.junit.UndefinedStepException"><![CDATA[io.cucumber.junit.UndefinedStepException: 
The step 'I am logged in as an admin' and 3 other step(s) are undefined.
You can implement these steps using the snippet(s) below:

@Given("I am logged in as an admin")
public void iAmLoggedInAsAnAdmin() {
    // Write code here that turns the phrase above into concrete actions
    throw new io.cucumber.java.PendingException();
}
@When("I deactivate a user account")
public void iDeactivateAUserAccount() {
    // Write code here that turns the phrase above into concrete actions
    throw new io.cucumber.java.PendingException();
}
@Then("the user should be deactivated")
public void theUserShouldBeDeactivated() {
    // Write code here that turns the phrase above into concrete actions
    throw new io.cucumber.java.PendingException();
}
@Then("I should see a success message confirming the deactivation")
public void iShouldSeeASuccessMessageConfirmingTheDeactivation() {
    // Write code here that turns the phrase above into concrete actions
    throw new io.cucumber.java.PendingException();
}

]]></error>
    <system-out><![CDATA[
@tag @tag3
Scenario: Deactivate User Account                                # Features/userMangmentFeature.feature:25
  Given I am logged in as an admin
  When I deactivate a user account
  Then the user should be deactivated
  And I should see a success message confirming the deactivation
]]></system-out>
  </testcase>
  <testcase name="User Already Exists" classname="User Management" time="0.008">
    <error message="The step &apos;I am logged in as an admin&apos; and 3 other step(s) are undefined.&#10;You can implement these steps using the snippet(s) below:&#10;&#10;@Given(&quot;I am logged in as an admin&quot;)&#10;public void iAmLoggedInAsAnAdmin() {&#10;    // Write code here that turns the phrase above into concrete actions&#10;    throw new io.cucumber.java.PendingException();&#10;}&#10;@When(&quot;I try to add a new user with an existing email&quot;)&#10;public void iTryToAddANewUserWithAnExistingEmail() {&#10;    // Write code here that turns the phrase above into concrete actions&#10;    throw new io.cucumber.java.PendingException();&#10;}&#10;@Then(&quot;I should be notified that the email is already registered&quot;)&#10;public void iShouldBeNotifiedThatTheEmailIsAlreadyRegistered() {&#10;    // Write code here that turns the phrase above into concrete actions&#10;    throw new io.cucumber.java.PendingException();&#10;}&#10;@Then(&quot;I should be asked to choose a different email address&quot;)&#10;public void iShouldBeAskedToChooseADifferentEmailAddress() {&#10;    // Write code here that turns the phrase above into concrete actions&#10;    throw new io.cucumber.java.PendingException();&#10;}&#10;" type="io.cucumber.junit.UndefinedStepException"><![CDATA[io.cucumber.junit.UndefinedStepException: 
The step 'I am logged in as an admin' and 3 other step(s) are undefined.
You can implement these steps using the snippet(s) below:

@Given("I am logged in as an admin")
public void iAmLoggedInAsAnAdmin() {
    // Write code here that turns the phrase above into concrete actions
    throw new io.cucumber.java.PendingException();
}
@When("I try to add a new user with an existing email")
public void iTryToAddANewUserWithAnExistingEmail() {
    // Write code here that turns the phrase above into concrete actions
    throw new io.cucumber.java.PendingException();
}
@Then("I should be notified that the email is already registered")
public void iShouldBeNotifiedThatTheEmailIsAlreadyRegistered() {
    // Write code here that turns the phrase above into concrete actions
    throw new io.cucumber.java.PendingException();
}
@Then("I should be asked to choose a different email address")
public void iShouldBeAskedToChooseADifferentEmailAddress() {
    // Write code here that turns the phrase above into concrete actions
    throw new io.cucumber.java.PendingException();
}

]]></error>
    <system-out><![CDATA[
@tag @tag4
Scenario: User Already Exists                                    # Features/userMangmentFeature.feature:34
  Given I am logged in as an admin
  When I try to add a new user with an existing email
  Then I should be notified that the email is already registered
  And I should be asked to choose a different email address
]]></system-out>
  </testcase>
  <testcase name="Invalid Email Format" classname="User Management" time="0.01">
    <error message="The step &apos;I am logged in as an admin&apos; and 3 other step(s) are undefined.&#10;You can implement these steps using the snippet(s) below:&#10;&#10;@Given(&quot;I am logged in as an admin&quot;)&#10;public void iAmLoggedInAsAnAdmin() {&#10;    // Write code here that turns the phrase above into concrete actions&#10;    throw new io.cucumber.java.PendingException();&#10;}&#10;@When(&quot;I try to add a user with an invalid email address&quot;)&#10;public void iTryToAddAUserWithAnInvalidEmailAddress() {&#10;    // Write code here that turns the phrase above into concrete actions&#10;    throw new io.cucumber.java.PendingException();&#10;}&#10;@Then(&quot;I should be notified that the email format is invalid&quot;)&#10;public void iShouldBeNotifiedThatTheEmailFormatIsInvalid() {&#10;    // Write code here that turns the phrase above into concrete actions&#10;    throw new io.cucumber.java.PendingException();&#10;}&#10;@Then(&quot;I should be prompted to enter a valid email address&quot;)&#10;public void iShouldBePromptedToEnterAValidEmailAddress() {&#10;    // Write code here that turns the phrase above into concrete actions&#10;    throw new io.cucumber.java.PendingException();&#10;}&#10;" type="io.cucumber.junit.UndefinedStepException"><![CDATA[io.cucumber.junit.UndefinedStepException: 
The step 'I am logged in as an admin' and 3 other step(s) are undefined.
You can implement these steps using the snippet(s) below:

@Given("I am logged in as an admin")
public void iAmLoggedInAsAnAdmin() {
    // Write code here that turns the phrase above into concrete actions
    throw new io.cucumber.java.PendingException();
}
@When("I try to add a user with an invalid email address")
public void iTryToAddAUserWithAnInvalidEmailAddress() {
    // Write code here that turns the phrase above into concrete actions
    throw new io.cucumber.java.PendingException();
}
@Then("I should be notified that the email format is invalid")
public void iShouldBeNotifiedThatTheEmailFormatIsInvalid() {
    // Write code here that turns the phrase above into concrete actions
    throw new io.cucumber.java.PendingException();
}
@Then("I should be prompted to enter a valid email address")
public void iShouldBePromptedToEnterAValidEmailAddress() {
    // Write code here that turns the phrase above into concrete actions
    throw new io.cucumber.java.PendingException();
}

]]></error>
    <system-out><![CDATA[
@tag @tag5
Scenario: Invalid Email Format                               # Features/userMangmentFeature.feature:43
  Given I am logged in as an admin
  When I try to add a user with an invalid email address
  Then I should be notified that the email format is invalid
  And I should be prompted to enter a valid email address
]]></system-out>
  </testcase>
</testsuite>